============================================================
Time  2018/12/20 16:59:26 961 
============================================================
[2018/12/20 16:59:26 961] isr_1conn  2226 SYS_MSG_LOAD_CLOUD  
[2018/12/20 16:59:26 961] isr_1conn  2247 SYS_MSG_REGCB_CLOUD param0 =   msp_status_cb  param1 =  func(c406d3e0) 
[2018/12/20 16:59:26 962] isr_1conn  2247 SYS_MSG_REGCB_CLOUD param0 =   cloud_rslt_cb  param1 =  func(c406f920) 
[2018/12/20 16:59:26 962] isr_1conn  2247 SYS_MSG_REGCB_CLOUD param0 =   cloud_err_cb  param1 =  func(c406fa70) 
[2018/12/20 16:59:26 962] isr_1conn  2247 SYS_MSG_REGCB_CLOUD param0 =   cloud_status_cb  param1 =  func(c406fb50) 
[2018/12/20 16:59:26 962] isr_1conn  1411 onesoc  
[2018/12/20 16:59:26 962] isr_1conn  1412 ASR_CLOUD_MSG_SSB  
[2018/12/20 16:59:26 962] isr_1conn  1427 isr_1conn  cloud_cisr1P1HHBHTPUODHEpmWaaCkjBON0jtd6A  268436457  1537257004  
[2018/12/20 16:59:26 962] isr_1conn  1497 req_lgi_id =  nil  
[2018/12/20 16:59:26 962] isr_1conn  1498 not login!  
[2018/12/20 16:59:26 962] isr_1conn  1631 nil  
[2018/12/20 16:59:26 962] isr_1conn  1697 speex-wb  
[2018/12/20 16:59:26 962] isr_1conn  1785 net_once_bytes  nil  
[2018/12/20 16:59:26 962] isr_1conn  1790 need_encode  true  
[2018/12/20 16:59:26 962] isr_1conn  1792 once bytes  122  
[2018/12/20 16:59:26 962] isr_1conn  1816 User set url is   nil  
[2018/12/20 16:59:26 962] transport  645  paramkvsport is   nil  
[2018/12/20 16:59:26 963] transport  657  ns_enable=  1  
[2018/12/20 16:59:26 963] transport  659  2017-08--24 is_ns_need_close =   nil  
[2018/12/20 16:59:26 963] transport  665  net.nettype=  unknown  
[2018/12/20 16:59:26 963] transport  675  url.full=  nil  
[2018/12/20 16:59:26 963] transport  676  urltmp=  nil  
[2018/12/20 16:59:26 963] transport  680  server_url_host=, server_url_port=, server_url_path=  open.xf-yun.com  nil  /msp.do  
[2018/12/20 16:59:26 963] transport  708  url.full=  nil  
[2018/12/20 16:59:26 963] transport  907  net type:  unknown  
[2018/12/20 16:59:26 963] transport  908  net operator:  def  
[2018/12/20 16:59:26 963] transport  909  use proxy:  false  
[2018/12/20 16:59:26 963] transport  1107 session.domain=  open.xf-yun.com  
[2018/12/20 16:59:26 963] transport  1108 url.host=  open.xf-yun.com  
[2018/12/20 16:59:26 963] network    90   ipfromenv ,  ipcache  open.xf-yun.com  def  nil  
[2018/12/20 16:59:26 963] transport  1178 try preferred port:  80  
[2018/12/20 16:59:26 963] transport  1085 NAMESERVER START  
[2018/12/20 16:59:26 964] transport  1088 name =   iat  
[2018/12/20 16:59:26 964] ns         629  ntt=  unknown  
[2018/12/20 16:59:26 964] transport  1091 trans,ns_inprog =  0  
[2018/12/20 16:59:26 964] ns         585  name server start  
[2018/12/20 16:59:26 964] ns         586  ns_sub =   iat  
[2018/12/20 16:59:26 964] ns         588  ns_host=  open.xf-yun.com  
[2018/12/20 16:59:26 964] ns         479  ns_host=  open.xf-yun.com  
[2018/12/20 16:59:26 964] ns         558  GET /sip/resolver?srand=1220165911.32 HTTP/1.1
Host: hdns.xf-yun.com
Connection: Keep-Alive
X-Par: ver=1.3&appid=5bfcc6d7&operator=UNKNOW&nettype=STANDARD&cver=5.0.41.1218&svc=iat&host=open.xf-yun.com&sign=7ec1e57329b4b33917f98f6169a013f1
User-Agent: iFLYCloud

  
[2018/12/20 16:59:26 964] ns         559  net_type =  standard  
[2018/12/20 16:59:26 964] ns         560  cmwapascmnet =  
[2018/12/20 16:59:26 964] ns         561  uniwapasuninet =  
[2018/12/20 16:59:26 964] ns         562  ctwapasctnet =  
[2018/12/20 16:59:26 964] ns         579  host=  hdns.xf-yun.com  
[2018/12/20 16:59:26 964] network    263  gethostbyname  hdns.xf-yun.com  ns1  
[2018/12/20 16:59:26 964] isr_1conn  1992 ASR_CLOUD_MSG_AUW  20984  1  
[2018/12/20 16:59:26 964] isr_1conn  2003 nil  nil  
[2018/12/20 16:59:26 965] network    245  dns resp  10214  ns1  
[2018/12/20 16:59:26 965] ns         457  ns dns failed, err =   10214  
[2018/12/20 16:59:26 965] network    445  gethttpresp2  117.121.48.5  80  ns2  
[2018/12/20 16:59:26 965] network    465  prot_type  tcp  
[2018/12/20 16:59:26 965] transport  296  [dns] [1] failed! 10214  
[2018/12/20 16:59:26 965] transport  77   dns_failed  
[2018/12/20 16:59:26 966] network    90   ipfromenv ,  ipcache  open.xf-yun.com  def  nil  
[2018/12/20 16:59:26 966] network    90   ipfromenv ,  ipcfg  open.xf-yun.com  def  nil  
[2018/12/20 16:59:26 966] transport  1303 [soc] connect   42.62.116.18  80  
[2018/12/20 16:59:26 966] transport  1315 mspsoc.open,prot_type=  tcp  
[2018/12/20 16:59:26 966] network    418  soc error  10202  ns2  
[2018/12/20 16:59:26 966] ns         256  name server http resp  table(c4041a60) 10202  nil  
[2018/12/20 16:59:26 966] ns         415  ns response failed, err =  10202  
[2018/12/20 16:59:26 966] ns         116  ns_host=  open.xf-yun.com  
[2018/12/20 16:59:26 966] ns         118  use default ip  
[2018/12/20 16:59:26 966] transport  1065 ns_ip =   42.62.116.18  
[2018/12/20 16:59:26 966] transport  1066 ip_type =  def_iatopen.xf-yun.com  
[2018/12/20 16:59:26 966] ns         658  no data in ns_q  
[2018/12/20 16:59:26 966] ns         659  conti_ns,ns_inprog =   1  
[2018/12/20 16:59:26 966] transport  542  MSC:[soc] [1] error 10202 101!  
[2018/12/20 16:59:26 966] transport  67   clear_ip ip_type =  def_iatopen.xf-yun.com  
[2018/12/20 16:59:26 967] transport  342  soc_conn_failed  
[2018/12/20 16:59:26 967] network    95   iptoenv ,  ipcache  open.xf-yun.com  def  nil  
[2018/12/20 16:59:26 967] transport  416  switch 80  
[2018/12/20 16:59:26 967] transport  1331 [soc] disconnect   
[2018/12/20 16:59:27 055] isr_1conn  1992 ASR_CLOUD_MSG_AUW  366  2  
[2018/12/20 16:59:27 219] isr_1conn  1992 ASR_CLOUD_MSG_AUW  244  2  
[2018/12/20 16:59:27 223] isr_1conn  1992 ASR_CLOUD_MSG_AUW  366  2  
[2018/12/20 16:59:27 383] isr_1conn  1992 ASR_CLOUD_MSG_AUW  244  2  
[2018/12/20 16:59:27 384] isr_1conn  1992 ASR_CLOUD_MSG_AUW  366  2  
[2018/12/20 16:59:27 544] isr_1conn  1992 ASR_CLOUD_MSG_AUW  244  2  
[2018/12/20 16:59:27 710] isr_1conn  1992 ASR_CLOUD_MSG_AUW  366  2  
[2018/12/20 16:59:27 713] isr_1conn  1992 ASR_CLOUD_MSG_AUW  244  2  
[2018/12/20 16:59:27 871] isr_1conn  1992 ASR_CLOUD_MSG_AUW  366  2  
[2018/12/20 16:59:27 874] isr_1conn  1992 ASR_CLOUD_MSG_AUW  244  2  
[2018/12/20 16:59:27 967] transport  330  soc_10202_wait  
[2018/12/20 16:59:27 967] transport  1107 session.domain=  open.xf-yun.com  
[2018/12/20 16:59:27 967] transport  1108 url.host=  open.xf-yun.com  
[2018/12/20 16:59:27 969] network    90   ipfromenv ,  ipcache  open.xf-yun.com  def  nil  
[2018/12/20 16:59:27 970] transport  1178 try preferred port:  80  
[2018/12/20 16:59:27 970] transport  1085 NAMESERVER START  
[2018/12/20 16:59:27 970] transport  1088 name =   iat  
[2018/12/20 16:59:27 970] ns         629  ntt=  unknown  
[2018/12/20 16:59:27 970] transport  1091 trans,ns_inprog =  0  
[2018/12/20 16:59:27 970] ns         585  name server start  
[2018/12/20 16:59:27 971] ns         586  ns_sub =   iat  
[2018/12/20 16:59:27 971] ns         588  ns_host=  open.xf-yun.com  
[2018/12/20 16:59:27 971] ns         479  ns_host=  open.xf-yun.com  
[2018/12/20 16:59:27 971] ns         558  GET /sip/resolver?srand=1220165911.32 HTTP/1.1
Host: hdns.xf-yun.com
Connection: Keep-Alive
X-Par: ver=1.3&appid=5bfcc6d7&operator=UNKNOW&nettype=STANDARD&cver=5.0.41.1218&svc=iat&host=open.xf-yun.com&sign=7ec1e57329b4b33917f98f6169a013f1
User-Agent: iFLYCloud

  
[2018/12/20 16:59:27 971] ns         559  net_type =  standard  
[2018/12/20 16:59:27 971] ns         560  cmwapascmnet =  
[2018/12/20 16:59:27 971] ns         561  uniwapasuninet =  
[2018/12/20 16:59:27 972] ns         562  ctwapasctnet =  
[2018/12/20 16:59:27 972] ns         579  host=  hdns.xf-yun.com  
[2018/12/20 16:59:27 972] network    263  gethostbyname  hdns.xf-yun.com  ns3  
[2018/12/20 16:59:27 973] network    245  dns resp  10214  ns3  
[2018/12/20 16:59:27 973] ns         457  ns dns failed, err =   10214  
[2018/12/20 16:59:27 973] network    445  gethttpresp2  117.121.48.5  80  ns4  
[2018/12/20 16:59:27 973] network    465  prot_type  tcp  
[2018/12/20 16:59:27 974] transport  296  [dns] [1] failed! 10214  
[2018/12/20 16:59:27 974] transport  77   dns_failed  
[2018/12/20 16:59:27 976] network    90   ipfromenv ,  ipcache  open.xf-yun.com  def  nil  
[2018/12/20 16:59:27 976] network    90   ipfromenv ,  ipcfg  open.xf-yun.com  def  nil  
[2018/12/20 16:59:27 976] transport  1303 [soc] connect   42.62.116.18  80  
[2018/12/20 16:59:27 977] transport  1315 mspsoc.open,prot_type=  tcp  
[2018/12/20 16:59:27 977] network    418  soc error  10202  ns4  
[2018/12/20 16:59:27 977] ns         256  name server http resp  table(c40bcdf0) 10202  nil  
[2018/12/20 16:59:27 977] ns         415  ns response failed, err =  10202  
[2018/12/20 16:59:27 977] ns         116  ns_host=  open.xf-yun.com  
[2018/12/20 16:59:27 978] ns         118  use default ip  
[2018/12/20 16:59:27 978] transport  1065 ns_ip =   42.62.116.18  
[2018/12/20 16:59:27 978] transport  1066 ip_type =  def_iatopen.xf-yun.com  
[2018/12/20 16:59:27 978] ns         658  no data in ns_q  
[2018/12/20 16:59:27 978] ns         659  conti_ns,ns_inprog =   1  
[2018/12/20 16:59:27 978] transport  542  MSC:[soc] [1] error 10202 101!  
[2018/12/20 16:59:27 978] transport  67   clear_ip ip_type =  def_iatopen.xf-yun.com  
[2018/12/20 16:59:27 978] transport  342  soc_conn_failed  
[2018/12/20 16:59:27 978] network    95   iptoenv ,  ipcache  open.xf-yun.com  def  nil  
[2018/12/20 16:59:27 981] transport  416  switch 80  
[2018/12/20 16:59:27 981] transport  1331 [soc] disconnect   
[2018/12/20 16:59:28 034] isr_1conn  1992 ASR_CLOUD_MSG_AUW  366  2  
[2018/12/20 16:59:28 200] isr_1conn  1992 ASR_CLOUD_MSG_AUW  244  2  
[2018/12/20 16:59:28 204] isr_1conn  1992 ASR_CLOUD_MSG_AUW  366  2  
[2018/12/20 16:59:28 363] isr_1conn  1992 ASR_CLOUD_MSG_AUW  244  2  
[2018/12/20 16:59:28 367] isr_1conn  1992 ASR_CLOUD_MSG_AUW  366  2  
[2018/12/20 16:59:28 505] isr_1conn  1992 ASR_CLOUD_MSG_AUW  244  2  
[2018/12/20 16:59:28 669] isr_1conn  1992 ASR_CLOUD_MSG_AUW  366  2  
[2018/12/20 16:59:28 670] isr_1conn  1992 ASR_CLOUD_MSG_AUW  244  2  
[2018/12/20 16:59:28 830] isr_1conn  1992 ASR_CLOUD_MSG_AUW  366  2  
[2018/12/20 16:59:28 981] transport  330  soc_10202_wait  
[2018/12/20 16:59:28 981] transport  1107 session.domain=  open.xf-yun.com  
[2018/12/20 16:59:28 981] transport  1108 url.host=  open.xf-yun.com  
[2018/12/20 16:59:28 983] network    90   ipfromenv ,  ipcache  open.xf-yun.com  def  nil  
[2018/12/20 16:59:28 983] transport  1178 try preferred port:  80  
[2018/12/20 16:59:28 984] transport  1085 NAMESERVER START  
[2018/12/20 16:59:28 984] transport  1088 name =   iat  
[2018/12/20 16:59:28 984] ns         629  ntt=  unknown  
[2018/12/20 16:59:28 984] transport  1091 trans,ns_inprog =  0  
[2018/12/20 16:59:28 984] ns         585  name server start  
[2018/12/20 16:59:28 984] ns         586  ns_sub =   iat  
[2018/12/20 16:59:28 984] ns         588  ns_host=  open.xf-yun.com  
[2018/12/20 16:59:28 984] ns         479  ns_host=  open.xf-yun.com  
[2018/12/20 16:59:28 985] ns         558  GET /sip/resolver?srand=1220165911.32 HTTP/1.1
Host: hdns.xf-yun.com
Connection: Keep-Alive
X-Par: ver=1.3&appid=5bfcc6d7&operator=UNKNOW&nettype=STANDARD&cver=5.0.41.1218&svc=iat&host=open.xf-yun.com&sign=7ec1e57329b4b33917f98f6169a013f1
User-Agent: iFLYCloud

  
[2018/12/20 16:59:28 985] ns         559  net_type =  standard  
[2018/12/20 16:59:28 985] ns         560  cmwapascmnet =  
[2018/12/20 16:59:28 986] ns         561  uniwapasuninet =  
[2018/12/20 16:59:28 986] ns         562  ctwapasctnet =  
[2018/12/20 16:59:28 986] ns         579  host=  hdns.xf-yun.com  
[2018/12/20 16:59:28 987] network    263  gethostbyname  hdns.xf-yun.com  ns5  
[2018/12/20 16:59:28 989] network    245  dns resp  10214  ns5  
[2018/12/20 16:59:28 989] ns         457  ns dns failed, err =   10214  
[2018/12/20 16:59:28 989] network    445  gethttpresp2  117.121.48.5  80  ns6  
[2018/12/20 16:59:28 989] network    465  prot_type  tcp  
[2018/12/20 16:59:28 990] transport  296  [dns] [1] failed! 10214  
[2018/12/20 16:59:28 991] transport  77   dns_failed  
[2018/12/20 16:59:28 993] network    90   ipfromenv ,  ipcache  open.xf-yun.com  def  nil  
[2018/12/20 16:59:28 993] network    90   ipfromenv ,  ipcfg  open.xf-yun.com  def  nil  
[2018/12/20 16:59:28 994] transport  1303 [soc] connect   42.62.116.18  80  
[2018/12/20 16:59:28 994] transport  1315 mspsoc.open,prot_type=  tcp  
[2018/12/20 16:59:28 997] network    418  soc error  10202  ns6  
[2018/12/20 16:59:28 999] ns         256  name server http resp  table(c402b920) 10202  nil  
[2018/12/20 16:59:28 999] ns         415  ns response failed, err =  10202  
[2018/12/20 16:59:28 999] ns         116  ns_host=  open.xf-yun.com  
[2018/12/20 16:59:28 999] ns         118  use default ip  
[2018/12/20 16:59:28 999] transport  1065 ns_ip =   42.62.116.18  
[2018/12/20 16:59:29 000] transport  1066 ip_type =  def_iatopen.xf-yun.com  
[2018/12/20 16:59:29 000] ns         658  no data in ns_q  
[2018/12/20 16:59:29 000] ns         659  conti_ns,ns_inprog =   1  
[2018/12/20 16:59:29 000] transport  542  MSC:[soc] [1] error 10202 101!  
[2018/12/20 16:59:29 001] transport  67   clear_ip ip_type =  def_iatopen.xf-yun.com  
[2018/12/20 16:59:29 001] transport  342  soc_conn_failed  
[2018/12/20 16:59:29 001] network    95   iptoenv ,  ipcache  open.xf-yun.com  def  nil  
[2018/12/20 16:59:29 005] transport  416  switch 80  
[2018/12/20 16:59:29 006] transport  1331 [soc] disconnect   
[2018/12/20 16:59:29 008] isr_1conn  1992 ASR_CLOUD_MSG_AUW  244  2  
[2018/12/20 16:59:29 009] isr_1conn  1992 ASR_CLOUD_MSG_AUW  366  2  
[2018/12/20 16:59:29 010] isr_1conn  1992 ASR_CLOUD_MSG_AUW  183  4  
[2018/12/20 16:59:29 010] isr_1conn  2038 starttimer status_cb_timeout, timeout is:  3000  
[2018/12/20 16:59:30 007] transport  330  soc_10202_wait  
[2018/12/20 16:59:30 008] transport  1107 session.domain=  open.xf-yun.com  
[2018/12/20 16:59:30 008] transport  1108 url.host=  open.xf-yun.com  
[2018/12/20 16:59:30 010] network    90   ipfromenv ,  ipcache  open.xf-yun.com  def  nil  
[2018/12/20 16:59:30 010] transport  1178 try preferred port:  80  
[2018/12/20 16:59:30 010] transport  1085 NAMESERVER START  
[2018/12/20 16:59:30 011] transport  1088 name =   iat  
[2018/12/20 16:59:30 011] ns         629  ntt=  unknown  
[2018/12/20 16:59:30 011] transport  1091 trans,ns_inprog =  0  
[2018/12/20 16:59:30 011] ns         585  name server start  
[2018/12/20 16:59:30 011] ns         586  ns_sub =   iat  
[2018/12/20 16:59:30 011] ns         588  ns_host=  open.xf-yun.com  
[2018/12/20 16:59:30 011] ns         479  ns_host=  open.xf-yun.com  
[2018/12/20 16:59:30 011] ns         558  GET /sip/resolver?srand=1220165911.32 HTTP/1.1
Host: hdns.xf-yun.com
Connection: Keep-Alive
X-Par: ver=1.3&appid=5bfcc6d7&operator=UNKNOW&nettype=STANDARD&cver=5.0.41.1218&svc=iat&host=open.xf-yun.com&sign=7ec1e57329b4b33917f98f6169a013f1
User-Agent: iFLYCloud

  
[2018/12/20 16:59:30 012] ns         559  net_type =  standard  
[2018/12/20 16:59:30 012] ns         560  cmwapascmnet =  
[2018/12/20 16:59:30 012] ns         561  uniwapasuninet =  
[2018/12/20 16:59:30 012] ns         562  ctwapasctnet =  
[2018/12/20 16:59:30 012] ns         579  host=  hdns.xf-yun.com  
[2018/12/20 16:59:30 012] network    263  gethostbyname  hdns.xf-yun.com  ns7  
[2018/12/20 16:59:30 014] network    245  dns resp  10214  ns7  
[2018/12/20 16:59:30 014] ns         457  ns dns failed, err =   10214  
[2018/12/20 16:59:30 015] network    445  gethttpresp2  117.121.48.5  80  ns8  
[2018/12/20 16:59:30 015] network    465  prot_type  tcp  
[2018/12/20 16:59:30 016] transport  296  [dns] [1] failed! 10214  
[2018/12/20 16:59:30 016] transport  77   dns_failed  
[2018/12/20 16:59:30 018] network    90   ipfromenv ,  ipcache  open.xf-yun.com  def  nil  
[2018/12/20 16:59:30 018] network    90   ipfromenv ,  ipcfg  open.xf-yun.com  def  nil  
[2018/12/20 16:59:30 018] transport  1303 [soc] connect   42.62.116.18  80  
[2018/12/20 16:59:30 018] transport  1315 mspsoc.open,prot_type=  tcp  
[2018/12/20 16:59:30 019] network    418  soc error  10202  ns8  
[2018/12/20 16:59:30 020] ns         256  name server http resp  table(c402d670) 10202  nil  
[2018/12/20 16:59:30 020] ns         415  ns response failed, err =  10202  
[2018/12/20 16:59:30 020] ns         116  ns_host=  open.xf-yun.com  
[2018/12/20 16:59:30 020] ns         118  use default ip  
[2018/12/20 16:59:30 020] transport  1065 ns_ip =   42.62.116.18  
[2018/12/20 16:59:30 020] transport  1066 ip_type =  def_iatopen.xf-yun.com  
[2018/12/20 16:59:30 020] ns         658  no data in ns_q  
[2018/12/20 16:59:30 020] ns         659  conti_ns,ns_inprog =   1  
[2018/12/20 16:59:30 020] transport  542  MSC:[soc] [1] error 10202 101!  
[2018/12/20 16:59:30 020] transport  67   clear_ip ip_type =  def_iatopen.xf-yun.com  
[2018/12/20 16:59:30 020] transport  342  soc_conn_failed  
[2018/12/20 16:59:30 020] network    95   iptoenv ,  ipcache  open.xf-yun.com  def  nil  
[2018/12/20 16:59:30 023] transport  416  switch 80  
[2018/12/20 16:59:30 023] transport  1331 [soc] disconnect   
[2018/12/20 16:59:31 024] transport  330  soc_10202_wait  
[2018/12/20 16:59:31 024] transport  1107 session.domain=  open.xf-yun.com  
[2018/12/20 16:59:31 024] transport  1108 url.host=  open.xf-yun.com  
[2018/12/20 16:59:31 026] network    90   ipfromenv ,  ipcache  open.xf-yun.com  def  nil  
[2018/12/20 16:59:31 026] transport  1178 try preferred port:  80  
[2018/12/20 16:59:31 026] transport  1085 NAMESERVER START  
[2018/12/20 16:59:31 026] transport  1088 name =   iat  
[2018/12/20 16:59:31 026] ns         629  ntt=  unknown  
[2018/12/20 16:59:31 026] transport  1091 trans,ns_inprog =  0  
[2018/12/20 16:59:31 027] ns         585  name server start  
[2018/12/20 16:59:31 027] ns         586  ns_sub =   iat  
[2018/12/20 16:59:31 027] ns         588  ns_host=  open.xf-yun.com  
[2018/12/20 16:59:31 027] ns         479  ns_host=  open.xf-yun.com  
[2018/12/20 16:59:31 027] ns         558  GET /sip/resolver?srand=1220165911.32 HTTP/1.1
Host: hdns.xf-yun.com
Connection: Keep-Alive
X-Par: ver=1.3&appid=5bfcc6d7&operator=UNKNOW&nettype=STANDARD&cver=5.0.41.1218&svc=iat&host=open.xf-yun.com&sign=7ec1e57329b4b33917f98f6169a013f1
User-Agent: iFLYCloud

  
[2018/12/20 16:59:31 027] ns         559  net_type =  standard  
[2018/12/20 16:59:31 027] ns         560  cmwapascmnet =  
[2018/12/20 16:59:31 028] ns         561  uniwapasuninet =  
[2018/12/20 16:59:31 028] ns         562  ctwapasctnet =  
[2018/12/20 16:59:31 028] ns         579  host=  hdns.xf-yun.com  
[2018/12/20 16:59:31 028] network    263  gethostbyname  hdns.xf-yun.com  ns9  
[2018/12/20 16:59:31 030] network    245  dns resp  10214  ns9  
[2018/12/20 16:59:31 031] ns         457  ns dns failed, err =   10214  
[2018/12/20 16:59:31 031] network    445  gethttpresp2  117.121.48.5  80  ns10  
[2018/12/20 16:59:31 031] network    465  prot_type  tcp  
[2018/12/20 16:59:31 031] network    418  soc error  10202  ns10  
[2018/12/20 16:59:31 031] ns         256  name server http resp  table(c40b9da0) 10202  nil  
[2018/12/20 16:59:31 032] ns         415  ns response failed, err =  10202  
[2018/12/20 16:59:31 032] ns         116  ns_host=  open.xf-yun.com  
[2018/12/20 16:59:31 032] ns         118  use default ip  
[2018/12/20 16:59:31 032] transport  1065 ns_ip =   42.62.116.18  
[2018/12/20 16:59:31 032] transport  1066 ip_type =  def_iatopen.xf-yun.com  
[2018/12/20 16:59:31 032] transport  1303 [soc] connect   42.62.116.18  80  
[2018/12/20 16:59:31 032] transport  1315 mspsoc.open,prot_type=  tcp  
[2018/12/20 16:59:31 033] ns         658  no data in ns_q  
[2018/12/20 16:59:31 033] ns         659  conti_ns,ns_inprog =   1  
[2018/12/20 16:59:31 033] transport  296  [dns] [1] failed! 10214  
[2018/12/20 16:59:31 033] transport  77   dns_failed  
[2018/12/20 16:59:31 033] transport  542  MSC:[soc] [1] error 10202 101!  
[2018/12/20 16:59:31 034] transport  67   clear_ip ip_type =  def_iatopen.xf-yun.com  
[2018/12/20 16:59:31 034] transport  342  soc_conn_failed  
[2018/12/20 16:59:31 034] network    95   iptoenv ,  ipcache  open.xf-yun.com  def  nil  
[2018/12/20 16:59:31 036] transport  416  switch 80  
[2018/12/20 16:59:31 037] transport  1331 [soc] disconnect   
[2018/12/20 16:59:31 967] transport  320  soc_10202_timeout  
[2018/12/20 16:59:32 010] isr_1conn  218  The called number of status_cb_timeout:  1  
[2018/12/20 16:59:32 037] transport  330  soc_10202_wait  
[2018/12/20 16:59:32 038] transport  1107 session.domain=  open.xf-yun.com  
[2018/12/20 16:59:32 038] transport  1108 url.host=  open.xf-yun.com  
[2018/12/20 16:59:32 040] network    90   ipfromenv ,  ipcache  open.xf-yun.com  def  nil  
[2018/12/20 16:59:32 040] transport  1178 try preferred port:  80  
[2018/12/20 16:59:32 040] transport  1085 NAMESERVER START  
[2018/12/20 16:59:32 040] transport  1088 name =   iat  
[2018/12/20 16:59:32 040] ns         629  ntt=  unknown  
[2018/12/20 16:59:32 040] transport  1091 trans,ns_inprog =  0  
[2018/12/20 16:59:32 040] ns         585  name server start  
[2018/12/20 16:59:32 040] ns         586  ns_sub =   iat  
[2018/12/20 16:59:32 040] ns         588  ns_host=  open.xf-yun.com  
[2018/12/20 16:59:32 041] ns         479  ns_host=  open.xf-yun.com  
[2018/12/20 16:59:32 041] ns         558  GET /sip/resolver?srand=1220165911.32 HTTP/1.1
Host: hdns.xf-yun.com
Connection: Keep-Alive
X-Par: ver=1.3&appid=5bfcc6d7&operator=UNKNOW&nettype=STANDARD&cver=5.0.41.1218&svc=iat&host=open.xf-yun.com&sign=7ec1e57329b4b33917f98f6169a013f1
User-Agent: iFLYCloud

  
[2018/12/20 16:59:32 041] ns         559  net_type =  standard  
[2018/12/20 16:59:32 041] ns         560  cmwapascmnet =  
[2018/12/20 16:59:32 041] ns         561  uniwapasuninet =  
[2018/12/20 16:59:32 041] ns         562  ctwapasctnet =  
[2018/12/20 16:59:32 041] ns         579  host=  hdns.xf-yun.com  
[2018/12/20 16:59:32 041] network    263  gethostbyname  hdns.xf-yun.com  ns11  
[2018/12/20 16:59:32 043] network    245  dns resp  10214  ns11  
[2018/12/20 16:59:32 043] ns         457  ns dns failed, err =   10214  
[2018/12/20 16:59:32 043] network    445  gethttpresp2  117.121.48.5  80  ns12  
[2018/12/20 16:59:32 043] network    465  prot_type  tcp  
[2018/12/20 16:59:32 043] network    418  soc error  10202  ns12  
[2018/12/20 16:59:32 044] ns         256  name server http resp  table(c402ba20) 10202  nil  
[2018/12/20 16:59:32 044] ns         415  ns response failed, err =  10202  
[2018/12/20 16:59:32 044] ns         116  ns_host=  open.xf-yun.com  
[2018/12/20 16:59:32 044] ns         118  use default ip  
[2018/12/20 16:59:32 044] transport  1065 ns_ip =   42.62.116.18  
[2018/12/20 16:59:32 044] transport  1066 ip_type =  def_iatopen.xf-yun.com  
[2018/12/20 16:59:32 044] transport  1303 [soc] connect   42.62.116.18  80  
[2018/12/20 16:59:32 044] transport  1315 mspsoc.open,prot_type=  tcp  
[2018/12/20 16:59:32 045] ns         658  no data in ns_q  
[2018/12/20 16:59:32 045] ns         659  conti_ns,ns_inprog =   1  
[2018/12/20 16:59:32 045] transport  296  [dns] [1] failed! 10214  
[2018/12/20 16:59:32 045] transport  77   dns_failed  
[2018/12/20 16:59:32 045] transport  542  MSC:[soc] [1] error 10202 101!  
[2018/12/20 16:59:32 045] transport  67   clear_ip ip_type =  def_iatopen.xf-yun.com  
[2018/12/20 16:59:32 045] transport  342  soc_conn_failed  
[2018/12/20 16:59:32 046] network    95   iptoenv ,  ipcache  open.xf-yun.com  def  nil  
[2018/12/20 16:59:32 048] transport  416  switch 80  
[2018/12/20 16:59:32 048] transport  1331 [soc] disconnect   
[2018/12/20 16:59:33 049] transport  330  soc_10202_wait  
[2018/12/20 16:59:33 049] transport  1107 session.domain=  open.xf-yun.com  
[2018/12/20 16:59:33 049] transport  1108 url.host=  open.xf-yun.com  
[2018/12/20 16:59:33 050] network    90   ipfromenv ,  ipcache  open.xf-yun.com  def  nil  
[2018/12/20 16:59:33 050] transport  1178 try preferred port:  80  
[2018/12/20 16:59:33 050] transport  1085 NAMESERVER START  
[2018/12/20 16:59:33 050] transport  1088 name =   iat  
[2018/12/20 16:59:33 050] ns         629  ntt=  unknown  
[2018/12/20 16:59:33 050] transport  1091 trans,ns_inprog =  0  
[2018/12/20 16:59:33 050] ns         585  name server start  
[2018/12/20 16:59:33 050] ns         586  ns_sub =   iat  
[2018/12/20 16:59:33 050] ns         588  ns_host=  open.xf-yun.com  
[2018/12/20 16:59:33 050] ns         479  ns_host=  open.xf-yun.com  
[2018/12/20 16:59:33 050] ns         558  GET /sip/resolver?srand=1220165911.32 HTTP/1.1
Host: hdns.xf-yun.com
Connection: Keep-Alive
X-Par: ver=1.3&appid=5bfcc6d7&operator=UNKNOW&nettype=STANDARD&cver=5.0.41.1218&svc=iat&host=open.xf-yun.com&sign=7ec1e57329b4b33917f98f6169a013f1
User-Agent: iFLYCloud

  
[2018/12/20 16:59:33 050] ns         559  net_type =  standard  
[2018/12/20 16:59:33 050] ns         560  cmwapascmnet =  
[2018/12/20 16:59:33 050] ns         561  uniwapasuninet =  
[2018/12/20 16:59:33 050] ns         562  ctwapasctnet =  
[2018/12/20 16:59:33 050] ns         579  host=  hdns.xf-yun.com  
[2018/12/20 16:59:33 050] network    263  gethostbyname  hdns.xf-yun.com  ns13  
[2018/12/20 16:59:33 050] network    245  dns resp  10214  ns13  
[2018/12/20 16:59:33 050] ns         457  ns dns failed, err =   10214  
[2018/12/20 16:59:33 050] network    445  gethttpresp2  117.121.48.5  80  ns14  
[2018/12/20 16:59:33 050] network    465  prot_type  tcp  
[2018/12/20 16:59:33 051] transport  296  [dns] [1] failed! 10214  
[2018/12/20 16:59:33 051] transport  77   dns_failed  
[2018/12/20 16:59:33 051] network    90   ipfromenv ,  ipcache  open.xf-yun.com  def  nil  
[2018/12/20 16:59:33 051] network    90   ipfromenv ,  ipcfg  open.xf-yun.com  def  nil  
[2018/12/20 16:59:33 051] transport  1303 [soc] connect   42.62.116.18  80  
[2018/12/20 16:59:33 051] transport  1315 mspsoc.open,prot_type=  tcp  
[2018/12/20 16:59:33 051] network    418  soc error  10202  ns14  
[2018/12/20 16:59:33 052] ns         256  name server http resp  table(c4041a10) 10202  nil  
[2018/12/20 16:59:33 052] ns         415  ns response failed, err =  10202  
[2018/12/20 16:59:33 052] ns         116  ns_host=  open.xf-yun.com  
[2018/12/20 16:59:33 052] ns         118  use default ip  
[2018/12/20 16:59:33 052] transport  1065 ns_ip =   42.62.116.18  
[2018/12/20 16:59:33 052] transport  1066 ip_type =  def_iatopen.xf-yun.com  
[2018/12/20 16:59:33 052] ns         658  no data in ns_q  
[2018/12/20 16:59:33 052] ns         659  conti_ns,ns_inprog =   1  
[2018/12/20 16:59:33 052] transport  542  MSC:[soc] [1] error 10202 101!  
[2018/12/20 16:59:33 052] transport  67   clear_ip ip_type =  def_iatopen.xf-yun.com  
[2018/12/20 16:59:33 052] transport  342  soc_conn_failed  
[2018/12/20 16:59:33 052] network    95   iptoenv ,  ipcache  open.xf-yun.com  def  nil  
[2018/12/20 16:59:33 053] transport  416  switch 80  
[2018/12/20 16:59:33 053] transport  1331 [soc] disconnect   
[2018/12/20 16:59:34 053] transport  330  soc_10202_wait  
[2018/12/20 16:59:34 053] transport  1107 session.domain=  open.xf-yun.com  
[2018/12/20 16:59:34 053] transport  1108 url.host=  open.xf-yun.com  
[2018/12/20 16:59:34 056] network    90   ipfromenv ,  ipcache  open.xf-yun.com  def  nil  
[2018/12/20 16:59:34 056] transport  1178 try preferred port:  80  
[2018/12/20 16:59:34 056] transport  1085 NAMESERVER START  
[2018/12/20 16:59:34 056] transport  1088 name =   iat  
[2018/12/20 16:59:34 056] ns         629  ntt=  unknown  
[2018/12/20 16:59:34 056] transport  1091 trans,ns_inprog =  0  
[2018/12/20 16:59:34 056] ns         585  name server start  
[2018/12/20 16:59:34 057] ns         586  ns_sub =   iat  
[2018/12/20 16:59:34 057] ns         588  ns_host=  open.xf-yun.com  
[2018/12/20 16:59:34 057] ns         479  ns_host=  open.xf-yun.com  
[2018/12/20 16:59:34 057] ns         558  GET /sip/resolver?srand=1220165911.32 HTTP/1.1
Host: hdns.xf-yun.com
Connection: Keep-Alive
X-Par: ver=1.3&appid=5bfcc6d7&operator=UNKNOW&nettype=STANDARD&cver=5.0.41.1218&svc=iat&host=open.xf-yun.com&sign=7ec1e57329b4b33917f98f6169a013f1
User-Agent: iFLYCloud

  
[2018/12/20 16:59:34 057] ns         559  net_type =  standard  
[2018/12/20 16:59:34 057] ns         560  cmwapascmnet =  
[2018/12/20 16:59:34 057] ns         561  uniwapasuninet =  
[2018/12/20 16:59:34 058] ns         562  ctwapasctnet =  
[2018/12/20 16:59:34 058] ns         579  host=  hdns.xf-yun.com  
[2018/12/20 16:59:34 058] network    263  gethostbyname  hdns.xf-yun.com  ns15  
[2018/12/20 16:59:34 059] network    245  dns resp  10214  ns15  
[2018/12/20 16:59:34 059] ns         457  ns dns failed, err =   10214  
[2018/12/20 16:59:34 059] network    445  gethttpresp2  117.121.48.5  80  ns16  
[2018/12/20 16:59:34 059] network    465  prot_type  tcp  
[2018/12/20 16:59:34 060] transport  296  [dns] [1] failed! 10214  
[2018/12/20 16:59:34 060] transport  77   dns_failed  
[2018/12/20 16:59:34 062] network    90   ipfromenv ,  ipcache  open.xf-yun.com  def  nil  
[2018/12/20 16:59:34 063] network    90   ipfromenv ,  ipcfg  open.xf-yun.com  def  nil  
[2018/12/20 16:59:34 063] transport  1303 [soc] connect   42.62.116.18  80  
[2018/12/20 16:59:34 063] transport  1315 mspsoc.open,prot_type=  tcp  
[2018/12/20 16:59:34 064] network    418  soc error  10202  ns16  
[2018/12/20 16:59:34 065] ns         256  name server http resp  table(c4041a10) 10202  nil  
[2018/12/20 16:59:34 065] ns         415  ns response failed, err =  10202  
[2018/12/20 16:59:34 065] ns         116  ns_host=  open.xf-yun.com  
[2018/12/20 16:59:34 065] ns         118  use default ip  
[2018/12/20 16:59:34 065] transport  1065 ns_ip =   42.62.116.18  
[2018/12/20 16:59:34 066] transport  1066 ip_type =  def_iatopen.xf-yun.com  
[2018/12/20 16:59:34 066] ns         658  no data in ns_q  
[2018/12/20 16:59:34 066] ns         659  conti_ns,ns_inprog =   1  
[2018/12/20 16:59:34 066] transport  542  MSC:[soc] [1] error 10202 101!  
[2018/12/20 16:59:34 066] transport  67   clear_ip ip_type =  def_iatopen.xf-yun.com  
[2018/12/20 16:59:34 066] transport  342  soc_conn_failed  
[2018/12/20 16:59:34 066] network    95   iptoenv ,  ipcache  open.xf-yun.com  def  nil  
[2018/12/20 16:59:34 069] transport  416  switch 80  
[2018/12/20 16:59:34 069] transport  1331 [soc] disconnect   
[2018/12/20 16:59:34 069] transport  58   transport=  table(c4039810) 
[2018/12/20 16:59:34 069] transport  59   throw_exception  10202  101  MSC:[soc] [1] error 10202 101!  
[2018/12/20 16:59:34 070] isr_1conn  724  transport exception  10202  slave  
[2018/12/20 16:59:34 071] network    90   ipfromenv ,  ipcache  open.xf-yun.com  def  nil  
[2018/12/20 16:59:34 071] transport  972  iplist not avail  
[2018/12/20 16:59:34 071] transport  1331 [soc] disconnect   
[2018/12/20 16:59:34 071] transport  991  transport clean  
[2018/12/20 16:59:34 071] transport  1107 session.domain=  open.xf-yun.com  
[2018/12/20 16:59:34 071] transport  1108 url.host=  open.xf-yun.com  
[2018/12/20 16:59:34 073] network    90   ipfromenv ,  ipcache  open.xf-yun.com  def  nil  
[2018/12/20 16:59:34 073] transport  1178 try preferred port:  80  
[2018/12/20 16:59:34 073] transport  1085 NAMESERVER START  
[2018/12/20 16:59:34 073] transport  1088 name =   iat  
[2018/12/20 16:59:34 073] ns         629  ntt=  unknown  
[2018/12/20 16:59:34 073] transport  1091 trans,ns_inprog =  0  
[2018/12/20 16:59:34 073] ns         585  name server start  
[2018/12/20 16:59:34 073] ns         586  ns_sub =   iat  
[2018/12/20 16:59:34 073] ns         588  ns_host=  open.xf-yun.com  
[2018/12/20 16:59:34 074] ns         479  ns_host=  open.xf-yun.com  
[2018/12/20 16:59:34 074] ns         558  GET /sip/resolver?srand=1220165911.32 HTTP/1.1
Host: hdns.xf-yun.com
Connection: Keep-Alive
X-Par: ver=1.3&appid=5bfcc6d7&operator=UNKNOW&nettype=STANDARD&cver=5.0.41.1218&svc=iat&host=open.xf-yun.com&sign=7ec1e57329b4b33917f98f6169a013f1
User-Agent: iFLYCloud

  
[2018/12/20 16:59:34 074] ns         559  net_type =  standard  
[2018/12/20 16:59:34 074] ns         560  cmwapascmnet =  
[2018/12/20 16:59:34 074] ns         561  uniwapasuninet =  
[2018/12/20 16:59:34 074] ns         562  ctwapasctnet =  
[2018/12/20 16:59:34 074] ns         579  host=  hdns.xf-yun.com  
[2018/12/20 16:59:34 074] network    263  gethostbyname  hdns.xf-yun.com  ns17  
[2018/12/20 16:59:34 075] network    245  dns resp  10214  ns17  
[2018/12/20 16:59:34 075] ns         457  ns dns failed, err =   10214  
[2018/12/20 16:59:34 075] network    445  gethttpresp2  117.121.48.5  80  ns18  
[2018/12/20 16:59:34 075] network    465  prot_type  tcp  
[2018/12/20 16:59:34 076] transport  296  [dns] [2] failed! 10214  
[2018/12/20 16:59:34 076] transport  77   dns_failed  
[2018/12/20 16:59:34 078] network    90   ipfromenv ,  ipcache  open.xf-yun.com  def  nil  
[2018/12/20 16:59:34 078] network    90   ipfromenv ,  ipcfg  open.xf-yun.com  def  nil  
[2018/12/20 16:59:34 078] transport  1303 [soc] connect   42.62.116.18  80  
[2018/12/20 16:59:34 078] transport  1315 mspsoc.open,prot_type=  tcp  
[2018/12/20 16:59:34 079] network    418  soc error  10202  ns18  
[2018/12/20 16:59:34 079] ns         256  name server http resp  table(c40b7a70) 10202  nil  
[2018/12/20 16:59:34 079] ns         415  ns response failed, err =  10202  
[2018/12/20 16:59:34 079] ns         116  ns_host=  open.xf-yun.com  
[2018/12/20 16:59:34 079] ns         118  use default ip  
[2018/12/20 16:59:34 079] transport  1065 ns_ip =   42.62.116.18  
[2018/12/20 16:59:34 079] transport  1066 ip_type =  def_iatopen.xf-yun.com  
[2018/12/20 16:59:34 079] ns         658  no data in ns_q  
[2018/12/20 16:59:34 079] ns         659  conti_ns,ns_inprog =   1  
[2018/12/20 16:59:34 079] transport  542  MSC:[soc] [2] error 10202 101!  
[2018/12/20 16:59:34 080] transport  67   clear_ip ip_type =  def_iatopen.xf-yun.com  
[2018/12/20 16:59:34 080] transport  342  soc_conn_failed  
[2018/12/20 16:59:34 080] network    95   iptoenv ,  ipcache  open.xf-yun.com  def  nil  
[2018/12/20 16:59:34 081] transport  416  switch 80  
[2018/12/20 16:59:34 081] transport  1331 [soc] disconnect   
[2018/12/20 16:59:35 010] isr_1conn  218  The called number of status_cb_timeout:  2  
[2018/12/20 16:59:35 082] transport  330  soc_10202_wait  
[2018/12/20 16:59:35 082] transport  1107 session.domain=  open.xf-yun.com  
[2018/12/20 16:59:35 082] transport  1108 url.host=  open.xf-yun.com  
[2018/12/20 16:59:35 083] network    90   ipfromenv ,  ipcache  open.xf-yun.com  def  nil  
[2018/12/20 16:59:35 083] transport  1178 try preferred port:  80  
[2018/12/20 16:59:35 084] transport  1085 NAMESERVER START  
[2018/12/20 16:59:35 084] transport  1088 name =   iat  
[2018/12/20 16:59:35 084] ns         629  ntt=  unknown  
[2018/12/20 16:59:35 084] transport  1091 trans,ns_inprog =  0  
[2018/12/20 16:59:35 084] ns         585  name server start  
[2018/12/20 16:59:35 084] ns         586  ns_sub =   iat  
[2018/12/20 16:59:35 084] ns         588  ns_host=  open.xf-yun.com  
[2018/12/20 16:59:35 084] ns         479  ns_host=  open.xf-yun.com  
[2018/12/20 16:59:35 084] ns         558  GET /sip/resolver?srand=1220165911.32 HTTP/1.1
Host: hdns.xf-yun.com
Connection: Keep-Alive
X-Par: ver=1.3&appid=5bfcc6d7&operator=UNKNOW&nettype=STANDARD&cver=5.0.41.1218&svc=iat&host=open.xf-yun.com&sign=7ec1e57329b4b33917f98f6169a013f1
User-Agent: iFLYCloud

  
[2018/12/20 16:59:35 084] ns         559  net_type =  standard  
[2018/12/20 16:59:35 084] ns         560  cmwapascmnet =  
[2018/12/20 16:59:35 084] ns         561  uniwapasuninet =  
[2018/12/20 16:59:35 084] ns         562  ctwapasctnet =  
[2018/12/20 16:59:35 084] ns         579  host=  hdns.xf-yun.com  
[2018/12/20 16:59:35 084] network    263  gethostbyname  hdns.xf-yun.com  ns19  
[2018/12/20 16:59:35 086] network    245  dns resp  10214  ns19  
[2018/12/20 16:59:35 086] ns         457  ns dns failed, err =   10214  
[2018/12/20 16:59:35 086] network    445  gethttpresp2  117.121.48.5  80  ns20  
[2018/12/20 16:59:35 086] network    465  prot_type  tcp  
[2018/12/20 16:59:35 087] transport  296  [dns] [2] failed! 10214  
[2018/12/20 16:59:35 087] transport  77   dns_failed  
[2018/12/20 16:59:35 088] network    90   ipfromenv ,  ipcache  open.xf-yun.com  def  nil  
[2018/12/20 16:59:35 089] network    90   ipfromenv ,  ipcfg  open.xf-yun.com  def  nil  
[2018/12/20 16:59:35 089] transport  1303 [soc] connect   42.62.116.18  80  
[2018/12/20 16:59:35 089] transport  1315 mspsoc.open,prot_type=  tcp  
[2018/12/20 16:59:35 090] network    418  soc error  10202  ns20  
[2018/12/20 16:59:35 090] ns         256  name server http resp  table(c4027000) 10202  nil  
[2018/12/20 16:59:35 090] ns         415  ns response failed, err =  10202  
[2018/12/20 16:59:35 090] ns         116  ns_host=  open.xf-yun.com  
[2018/12/20 16:59:35 090] ns         118  use default ip  
[2018/12/20 16:59:35 090] transport  1065 ns_ip =   42.62.116.18  
[2018/12/20 16:59:35 090] transport  1066 ip_type =  def_iatopen.xf-yun.com  
[2018/12/20 16:59:35 090] ns         658  no data in ns_q  
[2018/12/20 16:59:35 090] ns         659  conti_ns,ns_inprog =   1  
[2018/12/20 16:59:35 090] transport  542  MSC:[soc] [2] error 10202 101!  
[2018/12/20 16:59:35 091] transport  67   clear_ip ip_type =  def_iatopen.xf-yun.com  
[2018/12/20 16:59:35 091] transport  342  soc_conn_failed  
[2018/12/20 16:59:35 091] network    95   iptoenv ,  ipcache  open.xf-yun.com  def  nil  
[2018/12/20 16:59:35 094] transport  416  switch 80  
[2018/12/20 16:59:35 094] transport  1331 [soc] disconnect   
[2018/12/20 16:59:36 094] transport  330  soc_10202_wait  
[2018/12/20 16:59:36 094] transport  1107 session.domain=  open.xf-yun.com  
[2018/12/20 16:59:36 094] transport  1108 url.host=  open.xf-yun.com  
[2018/12/20 16:59:36 096] network    90   ipfromenv ,  ipcache  open.xf-yun.com  def  nil  
[2018/12/20 16:59:36 096] transport  1178 try preferred port:  80  
[2018/12/20 16:59:36 096] transport  1085 NAMESERVER START  
[2018/12/20 16:59:36 096] transport  1088 name =   iat  
[2018/12/20 16:59:36 096] ns         629  ntt=  unknown  
[2018/12/20 16:59:36 096] transport  1091 trans,ns_inprog =  0  
[2018/12/20 16:59:36 096] ns         585  name server start  
[2018/12/20 16:59:36 096] ns         586  ns_sub =   iat  
[2018/12/20 16:59:36 097] ns         588  ns_host=  open.xf-yun.com  
[2018/12/20 16:59:36 097] ns         479  ns_host=  open.xf-yun.com  
[2018/12/20 16:59:36 097] ns         558  GET /sip/resolver?srand=1220165911.32 HTTP/1.1
Host: hdns.xf-yun.com
Connection: Keep-Alive
X-Par: ver=1.3&appid=5bfcc6d7&operator=UNKNOW&nettype=STANDARD&cver=5.0.41.1218&svc=iat&host=open.xf-yun.com&sign=7ec1e57329b4b33917f98f6169a013f1
User-Agent: iFLYCloud

  
[2018/12/20 16:59:36 097] ns         559  net_type =  standard  
[2018/12/20 16:59:36 097] ns         560  cmwapascmnet =  
[2018/12/20 16:59:36 097] ns         561  uniwapasuninet =  
[2018/12/20 16:59:36 097] ns         562  ctwapasctnet =  
[2018/12/20 16:59:36 097] ns         579  host=  hdns.xf-yun.com  
[2018/12/20 16:59:36 097] network    263  gethostbyname  hdns.xf-yun.com  ns21  
[2018/12/20 16:59:36 099] network    245  dns resp  10214  ns21  
[2018/12/20 16:59:36 099] ns         457  ns dns failed, err =   10214  
[2018/12/20 16:59:36 099] network    445  gethttpresp2  117.121.48.5  80  ns22  
[2018/12/20 16:59:36 099] network    465  prot_type  tcp  
[2018/12/20 16:59:36 100] network    418  soc error  10202  ns22  
[2018/12/20 16:59:36 100] ns         256  name server http resp  table(c4027000) 10202  nil  
[2018/12/20 16:59:36 100] ns         415  ns response failed, err =  10202  
[2018/12/20 16:59:36 100] ns         116  ns_host=  open.xf-yun.com  
[2018/12/20 16:59:36 100] ns         118  use default ip  
[2018/12/20 16:59:36 100] transport  1065 ns_ip =   42.62.116.18  
[2018/12/20 16:59:36 101] transport  1066 ip_type =  def_iatopen.xf-yun.com  
[2018/12/20 16:59:36 101] transport  1303 [soc] connect   42.62.116.18  80  
[2018/12/20 16:59:36 101] transport  1315 mspsoc.open,prot_type=  tcp  
[2018/12/20 16:59:36 101] ns         658  no data in ns_q  
[2018/12/20 16:59:36 102] ns         659  conti_ns,ns_inprog =   1  
[2018/12/20 16:59:36 102] transport  296  [dns] [2] failed! 10214  
[2018/12/20 16:59:36 102] transport  77   dns_failed  
[2018/12/20 16:59:36 102] transport  542  MSC:[soc] [2] error 10202 101!  
[2018/12/20 16:59:36 102] transport  67   clear_ip ip_type =  def_iatopen.xf-yun.com  
[2018/12/20 16:59:36 102] transport  342  soc_conn_failed  
[2018/12/20 16:59:36 102] network    95   iptoenv ,  ipcache  open.xf-yun.com  def  nil  
[2018/12/20 16:59:36 105] transport  416  switch 80  
[2018/12/20 16:59:36 105] transport  1331 [soc] disconnect   
[2018/12/20 16:59:37 106] transport  330  soc_10202_wait  
[2018/12/20 16:59:37 106] transport  1107 session.domain=  open.xf-yun.com  
[2018/12/20 16:59:37 106] transport  1108 url.host=  open.xf-yun.com  
[2018/12/20 16:59:37 108] network    90   ipfromenv ,  ipcache  open.xf-yun.com  def  nil  
[2018/12/20 16:59:37 108] transport  1178 try preferred port:  80  
[2018/12/20 16:59:37 108] transport  1085 NAMESERVER START  
[2018/12/20 16:59:37 108] transport  1088 name =   iat  
[2018/12/20 16:59:37 108] ns         629  ntt=  unknown  
[2018/12/20 16:59:37 108] transport  1091 trans,ns_inprog =  0  
[2018/12/20 16:59:37 108] ns         585  name server start  
[2018/12/20 16:59:37 108] ns         586  ns_sub =   iat  
[2018/12/20 16:59:37 108] ns         588  ns_host=  open.xf-yun.com  
[2018/12/20 16:59:37 108] ns         479  ns_host=  open.xf-yun.com  
[2018/12/20 16:59:37 108] ns         558  GET /sip/resolver?srand=1220165911.32 HTTP/1.1
Host: hdns.xf-yun.com
Connection: Keep-Alive
X-Par: ver=1.3&appid=5bfcc6d7&operator=UNKNOW&nettype=STANDARD&cver=5.0.41.1218&svc=iat&host=open.xf-yun.com&sign=7ec1e57329b4b33917f98f6169a013f1
User-Agent: iFLYCloud

  
[2018/12/20 16:59:37 108] ns         559  net_type =  standard  
[2018/12/20 16:59:37 109] ns         560  cmwapascmnet =  
[2018/12/20 16:59:37 109] ns         561  uniwapasuninet =  
[2018/12/20 16:59:37 109] ns         562  ctwapasctnet =  
[2018/12/20 16:59:37 109] ns         579  host=  hdns.xf-yun.com  
[2018/12/20 16:59:37 109] network    263  gethostbyname  hdns.xf-yun.com  ns23  
[2018/12/20 16:59:37 111] network    245  dns resp  10214  ns23  
[2018/12/20 16:59:37 111] ns         457  ns dns failed, err =   10214  
[2018/12/20 16:59:37 111] network    445  gethttpresp2  117.121.48.5  80  ns24  
[2018/12/20 16:59:37 111] network    465  prot_type  tcp  
[2018/12/20 16:59:37 112] network    418  soc error  10202  ns24  
[2018/12/20 16:59:37 112] ns         256  name server http resp  table(c4068580) 10202  nil  
[2018/12/20 16:59:37 112] ns         415  ns response failed, err =  10202  
[2018/12/20 16:59:37 112] ns         116  ns_host=  open.xf-yun.com  
[2018/12/20 16:59:37 112] ns         118  use default ip  
[2018/12/20 16:59:37 112] transport  1065 ns_ip =   42.62.116.18  
[2018/12/20 16:59:37 112] transport  1066 ip_type =  def_iatopen.xf-yun.com  
[2018/12/20 16:59:37 112] transport  1303 [soc] connect   42.62.116.18  80  
[2018/12/20 16:59:37 113] transport  1315 mspsoc.open,prot_type=  tcp  
[2018/12/20 16:59:37 113] ns         658  no data in ns_q  
[2018/12/20 16:59:37 114] ns         659  conti_ns,ns_inprog =   1  
[2018/12/20 16:59:37 114] transport  296  [dns] [2] failed! 10214  
[2018/12/20 16:59:37 114] transport  77   dns_failed  
[2018/12/20 16:59:37 114] transport  542  MSC:[soc] [2] error 10202 101!  
[2018/12/20 16:59:37 114] transport  67   clear_ip ip_type =  def_iatopen.xf-yun.com  
[2018/12/20 16:59:37 114] transport  342  soc_conn_failed  
[2018/12/20 16:59:37 114] network    95   iptoenv ,  ipcache  open.xf-yun.com  def  nil  
[2018/12/20 16:59:37 117] transport  416  switch 80  
[2018/12/20 16:59:37 117] transport  1331 [soc] disconnect   
[2018/12/20 16:59:38 010] isr_1conn  218  The called number of status_cb_timeout:  3  
[2018/12/20 16:59:38 118] transport  330  soc_10202_wait  
[2018/12/20 16:59:38 118] transport  1107 session.domain=  open.xf-yun.com  
[2018/12/20 16:59:38 118] transport  1108 url.host=  open.xf-yun.com  
[2018/12/20 16:59:38 120] network    90   ipfromenv ,  ipcache  open.xf-yun.com  def  nil  
[2018/12/20 16:59:38 120] transport  1178 try preferred port:  80  
[2018/12/20 16:59:38 120] transport  1085 NAMESERVER START  
[2018/12/20 16:59:38 120] transport  1088 name =   iat  
[2018/12/20 16:59:38 120] ns         629  ntt=  unknown  
[2018/12/20 16:59:38 120] transport  1091 trans,ns_inprog =  0  
[2018/12/20 16:59:38 120] ns         585  name server start  
[2018/12/20 16:59:38 120] ns         586  ns_sub =   iat  
[2018/12/20 16:59:38 120] ns         588  ns_host=  open.xf-yun.com  
[2018/12/20 16:59:38 120] ns         479  ns_host=  open.xf-yun.com  
[2018/12/20 16:59:38 120] ns         558  GET /sip/resolver?srand=1220165911.32 HTTP/1.1
Host: hdns.xf-yun.com
Connection: Keep-Alive
X-Par: ver=1.3&appid=5bfcc6d7&operator=UNKNOW&nettype=STANDARD&cver=5.0.41.1218&svc=iat&host=open.xf-yun.com&sign=7ec1e57329b4b33917f98f6169a013f1
User-Agent: iFLYCloud

  
[2018/12/20 16:59:38 121] ns         559  net_type =  standard  
[2018/12/20 16:59:38 121] ns         560  cmwapascmnet =  
[2018/12/20 16:59:38 121] ns         561  uniwapasuninet =  
[2018/12/20 16:59:38 121] ns         562  ctwapasctnet =  
[2018/12/20 16:59:38 121] ns         579  host=  hdns.xf-yun.com  
[2018/12/20 16:59:38 121] network    263  gethostbyname  hdns.xf-yun.com  ns25  
[2018/12/20 16:59:38 123] network    245  dns resp  10214  ns25  
[2018/12/20 16:59:38 123] ns         457  ns dns failed, err =   10214  
[2018/12/20 16:59:38 123] network    445  gethttpresp2  117.121.48.5  80  ns26  
[2018/12/20 16:59:38 123] network    465  prot_type  tcp  
[2018/12/20 16:59:38 124] network    418  soc error  10202  ns26  
[2018/12/20 16:59:38 124] ns         256  name server http resp  table(c4041b40) 10202  nil  
[2018/12/20 16:59:38 124] ns         415  ns response failed, err =  10202  
[2018/12/20 16:59:38 124] ns         116  ns_host=  open.xf-yun.com  
[2018/12/20 16:59:38 124] ns         118  use default ip  
[2018/12/20 16:59:38 124] transport  1065 ns_ip =   42.62.116.18  
[2018/12/20 16:59:38 124] transport  1066 ip_type =  def_iatopen.xf-yun.com  
[2018/12/20 16:59:38 124] transport  1303 [soc] connect   42.62.116.18  80  
[2018/12/20 16:59:38 125] transport  1315 mspsoc.open,prot_type=  tcp  
[2018/12/20 16:59:38 125] ns         658  no data in ns_q  
[2018/12/20 16:59:38 125] ns         659  conti_ns,ns_inprog =   1  
[2018/12/20 16:59:38 125] transport  296  [dns] [2] failed! 10214  
[2018/12/20 16:59:38 126] transport  77   dns_failed  
[2018/12/20 16:59:38 126] transport  542  MSC:[soc] [2] error 10202 101!  
[2018/12/20 16:59:38 126] transport  67   clear_ip ip_type =  def_iatopen.xf-yun.com  
[2018/12/20 16:59:38 126] transport  342  soc_conn_failed  
[2018/12/20 16:59:38 126] network    95   iptoenv ,  ipcache  open.xf-yun.com  def  nil  
[2018/12/20 16:59:38 128] transport  416  switch 80  
[2018/12/20 16:59:38 128] transport  1331 [soc] disconnect   
[2018/12/20 16:59:39 082] transport  320  soc_10202_timeout  
[2018/12/20 16:59:39 129] transport  330  soc_10202_wait  
[2018/12/20 16:59:39 129] transport  1107 session.domain=  open.xf-yun.com  
[2018/12/20 16:59:39 129] transport  1108 url.host=  open.xf-yun.com  
[2018/12/20 16:59:39 131] network    90   ipfromenv ,  ipcache  open.xf-yun.com  def  nil  
[2018/12/20 16:59:39 131] transport  1178 try preferred port:  80  
[2018/12/20 16:59:39 131] transport  1085 NAMESERVER START  
[2018/12/20 16:59:39 131] transport  1088 name =   iat  
[2018/12/20 16:59:39 131] ns         629  ntt=  unknown  
[2018/12/20 16:59:39 131] transport  1091 trans,ns_inprog =  0  
[2018/12/20 16:59:39 131] ns         585  name server start  
[2018/12/20 16:59:39 131] ns         586  ns_sub =   iat  
[2018/12/20 16:59:39 131] ns         588  ns_host=  open.xf-yun.com  
[2018/12/20 16:59:39 131] ns         479  ns_host=  open.xf-yun.com  
[2018/12/20 16:59:39 132] ns         558  GET /sip/resolver?srand=1220165911.32 HTTP/1.1
Host: hdns.xf-yun.com
Connection: Keep-Alive
X-Par: ver=1.3&appid=5bfcc6d7&operator=UNKNOW&nettype=STANDARD&cver=5.0.41.1218&svc=iat&host=open.xf-yun.com&sign=7ec1e57329b4b33917f98f6169a013f1
User-Agent: iFLYCloud

  
[2018/12/20 16:59:39 132] ns         559  net_type =  standard  
[2018/12/20 16:59:39 132] ns         560  cmwapascmnet =  
[2018/12/20 16:59:39 132] ns         561  uniwapasuninet =  
[2018/12/20 16:59:39 132] ns         562  ctwapasctnet =  
[2018/12/20 16:59:39 132] ns         579  host=  hdns.xf-yun.com  
[2018/12/20 16:59:39 132] network    263  gethostbyname  hdns.xf-yun.com  ns27  
[2018/12/20 16:59:39 133] network    245  dns resp  10214  ns27  
[2018/12/20 16:59:39 133] ns         457  ns dns failed, err =   10214  
[2018/12/20 16:59:39 133] network    445  gethttpresp2  117.121.48.5  80  ns28  
[2018/12/20 16:59:39 134] network    465  prot_type  tcp  
[2018/12/20 16:59:39 135] transport  296  [dns] [2] failed! 10214  
[2018/12/20 16:59:39 135] transport  77   dns_failed  
[2018/12/20 16:59:39 136] network    90   ipfromenv ,  ipcache  open.xf-yun.com  def  nil  
[2018/12/20 16:59:39 136] network    90   ipfromenv ,  ipcfg  open.xf-yun.com  def  nil  
[2018/12/20 16:59:39 136] transport  1303 [soc] connect   42.62.116.18  80  
[2018/12/20 16:59:39 137] transport  1315 mspsoc.open,prot_type=  tcp  
[2018/12/20 16:59:39 137] network    418  soc error  10202  ns28  
[2018/12/20 16:59:39 138] ns         256  name server http resp  table(c40468b0) 10202  nil  
[2018/12/20 16:59:39 138] ns         415  ns response failed, err =  10202  
[2018/12/20 16:59:39 138] ns         116  ns_host=  open.xf-yun.com  
[2018/12/20 16:59:39 138] ns         118  use default ip  
[2018/12/20 16:59:39 138] transport  1065 ns_ip =   42.62.116.18  
[2018/12/20 16:59:39 138] transport  1066 ip_type =  def_iatopen.xf-yun.com  
[2018/12/20 16:59:39 138] ns         658  no data in ns_q  
[2018/12/20 16:59:39 138] ns         659  conti_ns,ns_inprog =   1  
[2018/12/20 16:59:39 138] transport  542  MSC:[soc] [2] error 10202 101!  
[2018/12/20 16:59:39 138] transport  67   clear_ip ip_type =  def_iatopen.xf-yun.com  
[2018/12/20 16:59:39 138] transport  342  soc_conn_failed  
[2018/12/20 16:59:39 138] network    95   iptoenv ,  ipcache  open.xf-yun.com  def  nil  
[2018/12/20 16:59:39 139] transport  416  switch 80  
[2018/12/20 16:59:39 139] transport  1331 [soc] disconnect   
[2018/12/20 16:59:40 140] transport  330  soc_10202_wait  
[2018/12/20 16:59:40 140] transport  1107 session.domain=  open.xf-yun.com  
[2018/12/20 16:59:40 140] transport  1108 url.host=  open.xf-yun.com  
[2018/12/20 16:59:40 142] network    90   ipfromenv ,  ipcache  open.xf-yun.com  def  nil  
[2018/12/20 16:59:40 142] transport  1178 try preferred port:  80  
[2018/12/20 16:59:40 142] transport  1085 NAMESERVER START  
[2018/12/20 16:59:40 142] transport  1088 name =   iat  
[2018/12/20 16:59:40 142] ns         629  ntt=  unknown  
[2018/12/20 16:59:40 142] transport  1091 trans,ns_inprog =  0  
[2018/12/20 16:59:40 142] ns         585  name server start  
[2018/12/20 16:59:40 142] ns         586  ns_sub =   iat  
[2018/12/20 16:59:40 142] ns         588  ns_host=  open.xf-yun.com  
[2018/12/20 16:59:40 142] ns         479  ns_host=  open.xf-yun.com  
[2018/12/20 16:59:40 142] ns         558  GET /sip/resolver?srand=1220165911.32 HTTP/1.1
Host: hdns.xf-yun.com
Connection: Keep-Alive
X-Par: ver=1.3&appid=5bfcc6d7&operator=UNKNOW&nettype=STANDARD&cver=5.0.41.1218&svc=iat&host=open.xf-yun.com&sign=7ec1e57329b4b33917f98f6169a013f1
User-Agent: iFLYCloud

  
[2018/12/20 16:59:40 142] ns         559  net_type =  standard  
[2018/12/20 16:59:40 143] ns         560  cmwapascmnet =  
[2018/12/20 16:59:40 143] ns         561  uniwapasuninet =  
[2018/12/20 16:59:40 143] ns         562  ctwapasctnet =  
[2018/12/20 16:59:40 143] ns         579  host=  hdns.xf-yun.com  
[2018/12/20 16:59:40 143] network    263  gethostbyname  hdns.xf-yun.com  ns29  
[2018/12/20 16:59:40 145] network    245  dns resp  10214  ns29  
[2018/12/20 16:59:40 145] ns         457  ns dns failed, err =   10214  
[2018/12/20 16:59:40 145] network    445  gethttpresp2  117.121.48.5  80  ns30  
[2018/12/20 16:59:40 145] network    465  prot_type  tcp  
[2018/12/20 16:59:40 146] transport  296  [dns] [2] failed! 10214  
[2018/12/20 16:59:40 146] transport  77   dns_failed  
[2018/12/20 16:59:40 147] network    90   ipfromenv ,  ipcache  open.xf-yun.com  def  nil  
[2018/12/20 16:59:40 147] network    90   ipfromenv ,  ipcfg  open.xf-yun.com  def  nil  
[2018/12/20 16:59:40 148] transport  1303 [soc] connect   42.62.116.18  80  
[2018/12/20 16:59:40 148] transport  1315 mspsoc.open,prot_type=  tcp  
[2018/12/20 16:59:40 149] network    418  soc error  10202  ns30  
[2018/12/20 16:59:40 149] ns         256  name server http resp  table(c4068580) 10202  nil  
[2018/12/20 16:59:40 149] ns         415  ns response failed, err =  10202  
[2018/12/20 16:59:40 149] ns         116  ns_host=  open.xf-yun.com  
[2018/12/20 16:59:40 149] ns         118  use default ip  
[2018/12/20 16:59:40 149] transport  1065 ns_ip =   42.62.116.18  
[2018/12/20 16:59:40 149] transport  1066 ip_type =  def_iatopen.xf-yun.com  
[2018/12/20 16:59:40 149] ns         658  no data in ns_q  
[2018/12/20 16:59:40 149] ns         659  conti_ns,ns_inprog =   1  
[2018/12/20 16:59:40 149] transport  542  MSC:[soc] [2] error 10202 101!  
[2018/12/20 16:59:40 150] transport  67   clear_ip ip_type =  def_iatopen.xf-yun.com  
[2018/12/20 16:59:40 150] transport  342  soc_conn_failed  
[2018/12/20 16:59:40 150] network    95   iptoenv ,  ipcache  open.xf-yun.com  def  nil  
[2018/12/20 16:59:40 153] transport  416  switch 80  
[2018/12/20 16:59:40 154] transport  1331 [soc] disconnect   
[2018/12/20 16:59:41 011] isr_1conn  218  The called number of status_cb_timeout:  4  
[2018/12/20 16:59:41 154] transport  330  soc_10202_wait  
[2018/12/20 16:59:41 154] transport  1107 session.domain=  open.xf-yun.com  
[2018/12/20 16:59:41 154] transport  1108 url.host=  open.xf-yun.com  
[2018/12/20 16:59:41 156] network    90   ipfromenv ,  ipcache  open.xf-yun.com  def  nil  
[2018/12/20 16:59:41 156] transport  1178 try preferred port:  80  
[2018/12/20 16:59:41 156] transport  1085 NAMESERVER START  
[2018/12/20 16:59:41 156] transport  1088 name =   iat  
[2018/12/20 16:59:41 156] ns         629  ntt=  unknown  
[2018/12/20 16:59:41 156] transport  1091 trans,ns_inprog =  0  
[2018/12/20 16:59:41 156] ns         585  name server start  
[2018/12/20 16:59:41 156] ns         586  ns_sub =   iat  
[2018/12/20 16:59:41 156] ns         588  ns_host=  open.xf-yun.com  
[2018/12/20 16:59:41 156] ns         479  ns_host=  open.xf-yun.com  
[2018/12/20 16:59:41 157] ns         558  GET /sip/resolver?srand=1220165911.32 HTTP/1.1
Host: hdns.xf-yun.com
Connection: Keep-Alive
X-Par: ver=1.3&appid=5bfcc6d7&operator=UNKNOW&nettype=STANDARD&cver=5.0.41.1218&svc=iat&host=open.xf-yun.com&sign=7ec1e57329b4b33917f98f6169a013f1
User-Agent: iFLYCloud

  
[2018/12/20 16:59:41 157] ns         559  net_type =  standard  
[2018/12/20 16:59:41 157] ns         560  cmwapascmnet =  
[2018/12/20 16:59:41 157] ns         561  uniwapasuninet =  
[2018/12/20 16:59:41 157] ns         562  ctwapasctnet =  
[2018/12/20 16:59:41 157] ns         579  host=  hdns.xf-yun.com  
[2018/12/20 16:59:41 157] network    263  gethostbyname  hdns.xf-yun.com  ns31  
[2018/12/20 16:59:41 159] network    245  dns resp  10214  ns31  
[2018/12/20 16:59:41 159] ns         457  ns dns failed, err =   10214  
[2018/12/20 16:59:41 159] network    445  gethttpresp2  117.121.48.5  80  ns32  
[2018/12/20 16:59:41 159] network    465  prot_type  tcp  
[2018/12/20 16:59:41 160] network    418  soc error  10202  ns32  
[2018/12/20 16:59:41 160] ns         256  name server http resp  table(c40b90d0) 10202  nil  
[2018/12/20 16:59:41 160] ns         415  ns response failed, err =  10202  
[2018/12/20 16:59:41 161] ns         116  ns_host=  open.xf-yun.com  
[2018/12/20 16:59:41 161] ns         118  use default ip  
[2018/12/20 16:59:41 161] transport  1065 ns_ip =   42.62.116.18  
[2018/12/20 16:59:41 161] transport  1066 ip_type =  def_iatopen.xf-yun.com  
[2018/12/20 16:59:41 161] transport  1303 [soc] connect   42.62.116.18  80  
[2018/12/20 16:59:41 162] transport  1315 mspsoc.open,prot_type=  tcp  
[2018/12/20 16:59:41 162] ns         658  no data in ns_q  
[2018/12/20 16:59:41 162] ns         659  conti_ns,ns_inprog =   1  
[2018/12/20 16:59:41 163] transport  296  [dns] [2] failed! 10214  
[2018/12/20 16:59:41 163] transport  77   dns_failed  
[2018/12/20 16:59:41 163] transport  542  MSC:[soc] [2] error 10202 101!  
[2018/12/20 16:59:41 163] transport  67   clear_ip ip_type =  def_iatopen.xf-yun.com  
[2018/12/20 16:59:41 163] transport  342  soc_conn_failed  
[2018/12/20 16:59:41 163] network    95   iptoenv ,  ipcache  open.xf-yun.com  def  nil  
[2018/12/20 16:59:41 166] transport  416  switch 80  
[2018/12/20 16:59:41 166] transport  1331 [soc] disconnect   
[2018/12/20 16:59:41 166] transport  58   transport=  table(c402d670) 
[2018/12/20 16:59:41 167] transport  59   throw_exception  10202  101  MSC:[soc] [2] error 10202 101!  
[2018/12/20 16:59:41 167] isr_1conn  724  transport exception  10202  slave  
[2018/12/20 16:59:41 169] network    90   ipfromenv ,  ipcache  open.xf-yun.com  def  nil  
[2018/12/20 16:59:41 169] transport  972  iplist not avail  
[2018/12/20 16:59:41 169] transport  1331 [soc] disconnect   
[2018/12/20 16:59:41 169] transport  991  transport clean  
[2018/12/20 16:59:41 169] transport  1107 session.domain=  open.xf-yun.com  
[2018/12/20 16:59:41 169] transport  1108 url.host=  open.xf-yun.com  
[2018/12/20 16:59:41 171] network    90   ipfromenv ,  ipcache  open.xf-yun.com  def  nil  
[2018/12/20 16:59:41 171] transport  1178 try preferred port:  80  
[2018/12/20 16:59:41 171] transport  1085 NAMESERVER START  
[2018/12/20 16:59:41 171] transport  1088 name =   iat  
[2018/12/20 16:59:41 171] ns         629  ntt=  unknown  
[2018/12/20 16:59:41 171] transport  1091 trans,ns_inprog =  0  
[2018/12/20 16:59:41 171] ns         585  name server start  
[2018/12/20 16:59:41 171] ns         586  ns_sub =   iat  
[2018/12/20 16:59:41 171] ns         588  ns_host=  open.xf-yun.com  
[2018/12/20 16:59:41 171] ns         479  ns_host=  open.xf-yun.com  
[2018/12/20 16:59:41 171] ns         558  GET /sip/resolver?srand=1220165911.32 HTTP/1.1
Host: hdns.xf-yun.com
Connection: Keep-Alive
X-Par: ver=1.3&appid=5bfcc6d7&operator=UNKNOW&nettype=STANDARD&cver=5.0.41.1218&svc=iat&host=open.xf-yun.com&sign=7ec1e57329b4b33917f98f6169a013f1
User-Agent: iFLYCloud

  
[2018/12/20 16:59:41 171] ns         559  net_type =  standard  
[2018/12/20 16:59:41 172] ns         560  cmwapascmnet =  
[2018/12/20 16:59:41 172] ns         561  uniwapasuninet =  
[2018/12/20 16:59:41 172] ns         562  ctwapasctnet =  
[2018/12/20 16:59:41 172] ns         579  host=  hdns.xf-yun.com  
[2018/12/20 16:59:41 172] network    263  gethostbyname  hdns.xf-yun.com  ns33  
[2018/12/20 16:59:41 173] network    245  dns resp  10214  ns33  
[2018/12/20 16:59:41 173] ns         457  ns dns failed, err =   10214  
[2018/12/20 16:59:41 173] network    445  gethttpresp2  117.121.48.5  80  ns34  
[2018/12/20 16:59:41 173] network    465  prot_type  tcp  
[2018/12/20 16:59:41 174] transport  296  [dns] [3] failed! 10214  
[2018/12/20 16:59:41 174] transport  77   dns_failed  
[2018/12/20 16:59:41 176] network    90   ipfromenv ,  ipcache  open.xf-yun.com  def  nil  
[2018/12/20 16:59:41 176] network    90   ipfromenv ,  ipcfg  open.xf-yun.com  def  nil  
[2018/12/20 16:59:41 176] transport  1303 [soc] connect   42.62.116.18  80  
[2018/12/20 16:59:41 176] transport  1315 mspsoc.open,prot_type=  tcp  
[2018/12/20 16:59:41 177] network    418  soc error  10202  ns34  
[2018/12/20 16:59:41 177] ns         256  name server http resp  table(c4039e80) 10202  nil  
[2018/12/20 16:59:41 177] ns         415  ns response failed, err =  10202  
[2018/12/20 16:59:41 177] ns         116  ns_host=  open.xf-yun.com  
[2018/12/20 16:59:41 177] ns         118  use default ip  
[2018/12/20 16:59:41 177] transport  1065 ns_ip =   42.62.116.18  
[2018/12/20 16:59:41 177] transport  1066 ip_type =  def_iatopen.xf-yun.com  
[2018/12/20 16:59:41 177] ns         658  no data in ns_q  
[2018/12/20 16:59:41 177] ns         659  conti_ns,ns_inprog =   1  
[2018/12/20 16:59:41 177] transport  542  MSC:[soc] [3] error 10202 101!  
[2018/12/20 16:59:41 178] transport  67   clear_ip ip_type =  def_iatopen.xf-yun.com  
[2018/12/20 16:59:41 178] transport  342  soc_conn_failed  
[2018/12/20 16:59:41 178] network    95   iptoenv ,  ipcache  open.xf-yun.com  def  nil  
[2018/12/20 16:59:41 180] transport  416  switch 80  
[2018/12/20 16:59:41 181] transport  1331 [soc] disconnect   
[2018/12/20 16:59:42 180] transport  330  soc_10202_wait  
[2018/12/20 16:59:42 180] transport  1107 session.domain=  open.xf-yun.com  
[2018/12/20 16:59:42 180] transport  1108 url.host=  open.xf-yun.com  
[2018/12/20 16:59:42 182] network    90   ipfromenv ,  ipcache  open.xf-yun.com  def  nil  
[2018/12/20 16:59:42 182] transport  1178 try preferred port:  80  
[2018/12/20 16:59:42 182] transport  1085 NAMESERVER START  
[2018/12/20 16:59:42 182] transport  1088 name =   iat  
[2018/12/20 16:59:42 182] ns         629  ntt=  unknown  
[2018/12/20 16:59:42 182] transport  1091 trans,ns_inprog =  0  
[2018/12/20 16:59:42 183] ns         585  name server start  
[2018/12/20 16:59:42 183] ns         586  ns_sub =   iat  
[2018/12/20 16:59:42 183] ns         588  ns_host=  open.xf-yun.com  
[2018/12/20 16:59:42 183] ns         479  ns_host=  open.xf-yun.com  
[2018/12/20 16:59:42 183] ns         558  GET /sip/resolver?srand=1220165911.32 HTTP/1.1
Host: hdns.xf-yun.com
Connection: Keep-Alive
X-Par: ver=1.3&appid=5bfcc6d7&operator=UNKNOW&nettype=STANDARD&cver=5.0.41.1218&svc=iat&host=open.xf-yun.com&sign=7ec1e57329b4b33917f98f6169a013f1
User-Agent: iFLYCloud

  
[2018/12/20 16:59:42 183] ns         559  net_type =  standard  
[2018/12/20 16:59:42 183] ns         560  cmwapascmnet =  
[2018/12/20 16:59:42 183] ns         561  uniwapasuninet =  
[2018/12/20 16:59:42 183] ns         562  ctwapasctnet =  
[2018/12/20 16:59:42 183] ns         579  host=  hdns.xf-yun.com  
[2018/12/20 16:59:42 183] network    263  gethostbyname  hdns.xf-yun.com  ns35  
[2018/12/20 16:59:42 185] network    245  dns resp  10214  ns35  
[2018/12/20 16:59:42 185] ns         457  ns dns failed, err =   10214  
[2018/12/20 16:59:42 185] network    445  gethttpresp2  117.121.48.5  80  ns36  
[2018/12/20 16:59:42 185] network    465  prot_type  tcp  
[2018/12/20 16:59:42 186] transport  296  [dns] [3] failed! 10214  
[2018/12/20 16:59:42 186] transport  77   dns_failed  
[2018/12/20 16:59:42 188] network    90   ipfromenv ,  ipcache  open.xf-yun.com  def  nil  
[2018/12/20 16:59:42 188] network    90   ipfromenv ,  ipcfg  open.xf-yun.com  def  nil  
[2018/12/20 16:59:42 188] transport  1303 [soc] connect   42.62.116.18  80  
[2018/12/20 16:59:42 188] transport  1315 mspsoc.open,prot_type=  tcp  
[2018/12/20 16:59:42 189] network    418  soc error  10202  ns36  
[2018/12/20 16:59:42 189] ns         256  name server http resp  table(c40c2990) 10202  nil  
[2018/12/20 16:59:42 189] ns         415  ns response failed, err =  10202  
[2018/12/20 16:59:42 189] ns         116  ns_host=  open.xf-yun.com  
[2018/12/20 16:59:42 189] ns         118  use default ip  
[2018/12/20 16:59:42 189] transport  1065 ns_ip =   42.62.116.18  
[2018/12/20 16:59:42 189] transport  1066 ip_type =  def_iatopen.xf-yun.com  
[2018/12/20 16:59:42 189] ns         658  no data in ns_q  
[2018/12/20 16:59:42 190] ns         659  conti_ns,ns_inprog =   1  
[2018/12/20 16:59:42 190] transport  542  MSC:[soc] [3] error 10202 101!  
[2018/12/20 16:59:42 190] transport  67   clear_ip ip_type =  def_iatopen.xf-yun.com  
[2018/12/20 16:59:42 190] transport  342  soc_conn_failed  
[2018/12/20 16:59:42 190] network    95   iptoenv ,  ipcache  open.xf-yun.com  def  nil  
[2018/12/20 16:59:42 193] transport  416  switch 80  
[2018/12/20 16:59:42 193] transport  1331 [soc] disconnect   
[2018/12/20 16:59:43 194] transport  330  soc_10202_wait  
[2018/12/20 16:59:43 194] transport  1107 session.domain=  open.xf-yun.com  
[2018/12/20 16:59:43 194] transport  1108 url.host=  open.xf-yun.com  
[2018/12/20 16:59:43 196] network    90   ipfromenv ,  ipcache  open.xf-yun.com  def  nil  
[2018/12/20 16:59:43 196] transport  1178 try preferred port:  80  
[2018/12/20 16:59:43 196] transport  1085 NAMESERVER START  
[2018/12/20 16:59:43 196] transport  1088 name =   iat  
[2018/12/20 16:59:43 196] ns         629  ntt=  unknown  
[2018/12/20 16:59:43 196] transport  1091 trans,ns_inprog =  0  
[2018/12/20 16:59:43 196] ns         585  name server start  
[2018/12/20 16:59:43 196] ns         586  ns_sub =   iat  
[2018/12/20 16:59:43 196] ns         588  ns_host=  open.xf-yun.com  
[2018/12/20 16:59:43 196] ns         479  ns_host=  open.xf-yun.com  
[2018/12/20 16:59:43 196] ns         558  GET /sip/resolver?srand=1220165911.32 HTTP/1.1
Host: hdns.xf-yun.com
Connection: Keep-Alive
X-Par: ver=1.3&appid=5bfcc6d7&operator=UNKNOW&nettype=STANDARD&cver=5.0.41.1218&svc=iat&host=open.xf-yun.com&sign=7ec1e57329b4b33917f98f6169a013f1
User-Agent: iFLYCloud

  
[2018/12/20 16:59:43 197] ns         559  net_type =  standard  
[2018/12/20 16:59:43 197] ns         560  cmwapascmnet =  
[2018/12/20 16:59:43 197] ns         561  uniwapasuninet =  
[2018/12/20 16:59:43 197] ns         562  ctwapasctnet =  
[2018/12/20 16:59:43 197] ns         579  host=  hdns.xf-yun.com  
[2018/12/20 16:59:43 197] network    263  gethostbyname  hdns.xf-yun.com  ns37  
[2018/12/20 16:59:43 199] network    245  dns resp  10214  ns37  
[2018/12/20 16:59:43 199] ns         457  ns dns failed, err =   10214  
[2018/12/20 16:59:43 199] network    445  gethttpresp2  117.121.48.5  80  ns38  
[2018/12/20 16:59:43 199] network    465  prot_type  tcp  
[2018/12/20 16:59:43 199] network    418  soc error  10202  ns38  
[2018/12/20 16:59:43 200] ns         256  name server http resp  table(c40723c0) 10202  nil  
[2018/12/20 16:59:43 200] ns         415  ns response failed, err =  10202  
[2018/12/20 16:59:43 200] ns         116  ns_host=  open.xf-yun.com  
[2018/12/20 16:59:43 200] ns         118  use default ip  
[2018/12/20 16:59:43 200] transport  1065 ns_ip =   42.62.116.18  
[2018/12/20 16:59:43 200] transport  1066 ip_type =  def_iatopen.xf-yun.com  
[2018/12/20 16:59:43 200] transport  1303 [soc] connect   42.62.116.18  80  
[2018/12/20 16:59:43 201] transport  1315 mspsoc.open,prot_type=  tcp  
[2018/12/20 16:59:43 201] ns         658  no data in ns_q  
[2018/12/20 16:59:43 201] ns         659  conti_ns,ns_inprog =   1  
[2018/12/20 16:59:43 202] transport  296  [dns] [3] failed! 10214  
[2018/12/20 16:59:43 202] transport  77   dns_failed  
[2018/12/20 16:59:43 202] transport  542  MSC:[soc] [3] error 10202 101!  
[2018/12/20 16:59:43 202] transport  67   clear_ip ip_type =  def_iatopen.xf-yun.com  
[2018/12/20 16:59:43 202] transport  342  soc_conn_failed  
[2018/12/20 16:59:43 202] network    95   iptoenv ,  ipcache  open.xf-yun.com  def  nil  
[2018/12/20 16:59:43 205] transport  416  switch 80  
[2018/12/20 16:59:43 205] transport  1331 [soc] disconnect   
[2018/12/20 16:59:44 012] isr_1conn  218  The called number of status_cb_timeout:  5  
[2018/12/20 16:59:44 206] transport  330  soc_10202_wait  
[2018/12/20 16:59:44 206] transport  1107 session.domain=  open.xf-yun.com  
[2018/12/20 16:59:44 206] transport  1108 url.host=  open.xf-yun.com  
[2018/12/20 16:59:44 208] network    90   ipfromenv ,  ipcache  open.xf-yun.com  def  nil  
[2018/12/20 16:59:44 208] transport  1178 try preferred port:  80  
[2018/12/20 16:59:44 208] transport  1085 NAMESERVER START  
[2018/12/20 16:59:44 208] transport  1088 name =   iat  
[2018/12/20 16:59:44 208] ns         629  ntt=  unknown  
[2018/12/20 16:59:44 208] transport  1091 trans,ns_inprog =  0  
[2018/12/20 16:59:44 208] ns         585  name server start  
[2018/12/20 16:59:44 208] ns         586  ns_sub =   iat  
[2018/12/20 16:59:44 208] ns         588  ns_host=  open.xf-yun.com  
[2018/12/20 16:59:44 208] ns         479  ns_host=  open.xf-yun.com  
[2018/12/20 16:59:44 209] ns         558  GET /sip/resolver?srand=1220165911.32 HTTP/1.1
Host: hdns.xf-yun.com
Connection: Keep-Alive
X-Par: ver=1.3&appid=5bfcc6d7&operator=UNKNOW&nettype=STANDARD&cver=5.0.41.1218&svc=iat&host=open.xf-yun.com&sign=7ec1e57329b4b33917f98f6169a013f1
User-Agent: iFLYCloud

  
[2018/12/20 16:59:44 209] ns         559  net_type =  standard  
[2018/12/20 16:59:44 209] ns         560  cmwapascmnet =  
[2018/12/20 16:59:44 209] ns         561  uniwapasuninet =  
[2018/12/20 16:59:44 209] ns         562  ctwapasctnet =  
[2018/12/20 16:59:44 209] ns         579  host=  hdns.xf-yun.com  
[2018/12/20 16:59:44 209] network    263  gethostbyname  hdns.xf-yun.com  ns39  
[2018/12/20 16:59:44 211] network    245  dns resp  10214  ns39  
[2018/12/20 16:59:44 211] ns         457  ns dns failed, err =   10214  
[2018/12/20 16:59:44 211] network    445  gethttpresp2  117.121.48.5  80  ns40  
[2018/12/20 16:59:44 211] network    465  prot_type  tcp  
[2018/12/20 16:59:44 211] network    418  soc error  10202  ns40  
[2018/12/20 16:59:44 212] ns         256  name server http resp  table(c406b930) 10202  nil  
[2018/12/20 16:59:44 212] ns         415  ns response failed, err =  10202  
[2018/12/20 16:59:44 212] ns         116  ns_host=  open.xf-yun.com  
[2018/12/20 16:59:44 212] ns         118  use default ip  
[2018/12/20 16:59:44 212] transport  1065 ns_ip =   42.62.116.18  
[2018/12/20 16:59:44 212] transport  1066 ip_type =  def_iatopen.xf-yun.com  
[2018/12/20 16:59:44 212] transport  1303 [soc] connect   42.62.116.18  80  
[2018/12/20 16:59:44 213] transport  1315 mspsoc.open,prot_type=  tcp  
[2018/12/20 16:59:44 213] ns         658  no data in ns_q  
[2018/12/20 16:59:44 213] ns         659  conti_ns,ns_inprog =   1  
[2018/12/20 16:59:44 213] transport  296  [dns] [3] failed! 10214  
[2018/12/20 16:59:44 214] transport  77   dns_failed  
[2018/12/20 16:59:44 214] transport  542  MSC:[soc] [3] error 10202 101!  
[2018/12/20 16:59:44 214] transport  67   clear_ip ip_type =  def_iatopen.xf-yun.com  
[2018/12/20 16:59:44 214] transport  342  soc_conn_failed  
[2018/12/20 16:59:44 214] network    95   iptoenv ,  ipcache  open.xf-yun.com  def  nil  
[2018/12/20 16:59:44 217] transport  416  switch 80  
[2018/12/20 16:59:44 217] transport  1331 [soc] disconnect   
[2018/12/20 16:59:45 218] transport  330  soc_10202_wait  
[2018/12/20 16:59:45 218] transport  1107 session.domain=  open.xf-yun.com  
[2018/12/20 16:59:45 218] transport  1108 url.host=  open.xf-yun.com  
[2018/12/20 16:59:45 219] network    90   ipfromenv ,  ipcache  open.xf-yun.com  def  nil  
[2018/12/20 16:59:45 219] transport  1178 try preferred port:  80  
[2018/12/20 16:59:45 220] transport  1085 NAMESERVER START  
[2018/12/20 16:59:45 220] transport  1088 name =   iat  
[2018/12/20 16:59:45 220] ns         629  ntt=  unknown  
[2018/12/20 16:59:45 220] transport  1091 trans,ns_inprog =  0  
[2018/12/20 16:59:45 220] ns         585  name server start  
[2018/12/20 16:59:45 220] ns         586  ns_sub =   iat  
[2018/12/20 16:59:45 220] ns         588  ns_host=  open.xf-yun.com  
[2018/12/20 16:59:45 220] ns         479  ns_host=  open.xf-yun.com  
[2018/12/20 16:59:45 220] ns         558  GET /sip/resolver?srand=1220165911.32 HTTP/1.1
Host: hdns.xf-yun.com
Connection: Keep-Alive
X-Par: ver=1.3&appid=5bfcc6d7&operator=UNKNOW&nettype=STANDARD&cver=5.0.41.1218&svc=iat&host=open.xf-yun.com&sign=7ec1e57329b4b33917f98f6169a013f1
User-Agent: iFLYCloud

  
[2018/12/20 16:59:45 220] ns         559  net_type =  standard  
[2018/12/20 16:59:45 220] ns         560  cmwapascmnet =  
[2018/12/20 16:59:45 220] ns         561  uniwapasuninet =  
[2018/12/20 16:59:45 220] ns         562  ctwapasctnet =  
[2018/12/20 16:59:45 220] ns         579  host=  hdns.xf-yun.com  
[2018/12/20 16:59:45 221] network    263  gethostbyname  hdns.xf-yun.com  ns41  
[2018/12/20 16:59:45 222] network    245  dns resp  10214  ns41  
[2018/12/20 16:59:45 222] ns         457  ns dns failed, err =   10214  
[2018/12/20 16:59:45 222] network    445  gethttpresp2  117.121.48.5  80  ns42  
[2018/12/20 16:59:45 223] network    465  prot_type  tcp  
[2018/12/20 16:59:45 223] network    418  soc error  10202  ns42  
[2018/12/20 16:59:45 223] ns         256  name server http resp  table(c402d670) 10202  nil  
[2018/12/20 16:59:45 223] ns         415  ns response failed, err =  10202  
[2018/12/20 16:59:45 224] ns         116  ns_host=  open.xf-yun.com  
[2018/12/20 16:59:45 224] ns         118  use default ip  
[2018/12/20 16:59:45 224] transport  1065 ns_ip =   42.62.116.18  
[2018/12/20 16:59:45 224] transport  1066 ip_type =  def_iatopen.xf-yun.com  
[2018/12/20 16:59:45 224] transport  1303 [soc] connect   42.62.116.18  80  
[2018/12/20 16:59:45 224] transport  1315 mspsoc.open,prot_type=  tcp  
[2018/12/20 16:59:45 225] ns         658  no data in ns_q  
[2018/12/20 16:59:45 225] ns         659  conti_ns,ns_inprog =   1  
[2018/12/20 16:59:45 225] transport  296  [dns] [3] failed! 10214  
[2018/12/20 16:59:45 225] transport  77   dns_failed  
[2018/12/20 16:59:45 225] transport  542  MSC:[soc] [3] error 10202 101!  
[2018/12/20 16:59:45 225] transport  67   clear_ip ip_type =  def_iatopen.xf-yun.com  
[2018/12/20 16:59:45 225] transport  342  soc_conn_failed  
[2018/12/20 16:59:45 226] network    95   iptoenv ,  ipcache  open.xf-yun.com  def  nil  
[2018/12/20 16:59:45 228] transport  416  switch 80  
[2018/12/20 16:59:45 229] transport  1331 [soc] disconnect   
[2018/12/20 16:59:46 181] transport  320  soc_10202_timeout  
[2018/12/20 16:59:46 229] transport  330  soc_10202_wait  
[2018/12/20 16:59:46 229] transport  1107 session.domain=  open.xf-yun.com  
[2018/12/20 16:59:46 229] transport  1108 url.host=  open.xf-yun.com  
[2018/12/20 16:59:46 231] network    90   ipfromenv ,  ipcache  open.xf-yun.com  def  nil  
[2018/12/20 16:59:46 231] transport  1178 try preferred port:  80  
[2018/12/20 16:59:46 231] transport  1085 NAMESERVER START  
[2018/12/20 16:59:46 231] transport  1088 name =   iat  
[2018/12/20 16:59:46 231] ns         629  ntt=  unknown  
[2018/12/20 16:59:46 231] transport  1091 trans,ns_inprog =  0  
[2018/12/20 16:59:46 231] ns         585  name server start  
[2018/12/20 16:59:46 231] ns         586  ns_sub =   iat  
[2018/12/20 16:59:46 231] ns         588  ns_host=  open.xf-yun.com  
[2018/12/20 16:59:46 231] ns         479  ns_host=  open.xf-yun.com  
[2018/12/20 16:59:46 232] ns         558  GET /sip/resolver?srand=1220165911.32 HTTP/1.1
Host: hdns.xf-yun.com
Connection: Keep-Alive
X-Par: ver=1.3&appid=5bfcc6d7&operator=UNKNOW&nettype=STANDARD&cver=5.0.41.1218&svc=iat&host=open.xf-yun.com&sign=7ec1e57329b4b33917f98f6169a013f1
User-Agent: iFLYCloud

  
[2018/12/20 16:59:46 232] ns         559  net_type =  standard  
[2018/12/20 16:59:46 232] ns         560  cmwapascmnet =  
[2018/12/20 16:59:46 232] ns         561  uniwapasuninet =  
[2018/12/20 16:59:46 232] ns         562  ctwapasctnet =  
[2018/12/20 16:59:46 232] ns         579  host=  hdns.xf-yun.com  
[2018/12/20 16:59:46 232] network    263  gethostbyname  hdns.xf-yun.com  ns43  
[2018/12/20 16:59:46 234] network    245  dns resp  10214  ns43  
[2018/12/20 16:59:46 234] ns         457  ns dns failed, err =   10214  
[2018/12/20 16:59:46 234] network    445  gethttpresp2  117.121.48.5  80  ns44  
[2018/12/20 16:59:46 234] network    465  prot_type  tcp  
[2018/12/20 16:59:46 234] network    418  soc error  10202  ns44  
[2018/12/20 16:59:46 235] ns         256  name server http resp  table(c406b930) 10202  nil  
[2018/12/20 16:59:46 235] ns         415  ns response failed, err =  10202  
[2018/12/20 16:59:46 235] ns         116  ns_host=  open.xf-yun.com  
[2018/12/20 16:59:46 235] ns         118  use default ip  
[2018/12/20 16:59:46 235] transport  1065 ns_ip =   42.62.116.18  
[2018/12/20 16:59:46 235] transport  1066 ip_type =  def_iatopen.xf-yun.com  
[2018/12/20 16:59:46 235] transport  1303 [soc] connect   42.62.116.18  80  
[2018/12/20 16:59:46 236] transport  1315 mspsoc.open,prot_type=  tcp  
[2018/12/20 16:59:46 236] ns         658  no data in ns_q  
[2018/12/20 16:59:46 236] ns         659  conti_ns,ns_inprog =   1  
[2018/12/20 16:59:46 237] transport  296  [dns] [3] failed! 10214  
[2018/12/20 16:59:46 237] transport  77   dns_failed  
[2018/12/20 16:59:46 237] transport  542  MSC:[soc] [3] error 10202 101!  
[2018/12/20 16:59:46 237] transport  67   clear_ip ip_type =  def_iatopen.xf-yun.com  
[2018/12/20 16:59:46 237] transport  342  soc_conn_failed  
[2018/12/20 16:59:46 237] network    95   iptoenv ,  ipcache  open.xf-yun.com  def  nil  
[2018/12/20 16:59:46 240] transport  416  switch 80  
[2018/12/20 16:59:46 240] transport  1331 [soc] disconnect   
[2018/12/20 16:59:47 012] isr_1conn  218  The called number of status_cb_timeout:  6  
[2018/12/20 16:59:47 241] transport  330  soc_10202_wait  
[2018/12/20 16:59:47 241] transport  1107 session.domain=  open.xf-yun.com  
[2018/12/20 16:59:47 241] transport  1108 url.host=  open.xf-yun.com  
[2018/12/20 16:59:47 243] network    90   ipfromenv ,  ipcache  open.xf-yun.com  def  nil  
[2018/12/20 16:59:47 243] transport  1178 try preferred port:  80  
[2018/12/20 16:59:47 243] transport  1085 NAMESERVER START  
[2018/12/20 16:59:47 243] transport  1088 name =   iat  
[2018/12/20 16:59:47 243] ns         629  ntt=  unknown  
[2018/12/20 16:59:47 243] transport  1091 trans,ns_inprog =  0  
[2018/12/20 16:59:47 243] ns         585  name server start  
[2018/12/20 16:59:47 243] ns         586  ns_sub =   iat  
[2018/12/20 16:59:47 243] ns         588  ns_host=  open.xf-yun.com  
[2018/12/20 16:59:47 244] ns         479  ns_host=  open.xf-yun.com  
[2018/12/20 16:59:47 244] ns         558  GET /sip/resolver?srand=1220165911.32 HTTP/1.1
Host: hdns.xf-yun.com
Connection: Keep-Alive
X-Par: ver=1.3&appid=5bfcc6d7&operator=UNKNOW&nettype=STANDARD&cver=5.0.41.1218&svc=iat&host=open.xf-yun.com&sign=7ec1e57329b4b33917f98f6169a013f1
User-Agent: iFLYCloud

  
[2018/12/20 16:59:47 244] ns         559  net_type =  standard  
[2018/12/20 16:59:47 244] ns         560  cmwapascmnet =  
[2018/12/20 16:59:47 244] ns         561  uniwapasuninet =  
[2018/12/20 16:59:47 244] ns         562  ctwapasctnet =  
[2018/12/20 16:59:47 244] ns         579  host=  hdns.xf-yun.com  
[2018/12/20 16:59:47 244] network    263  gethostbyname  hdns.xf-yun.com  ns45  
[2018/12/20 16:59:47 246] network    245  dns resp  10214  ns45  
[2018/12/20 16:59:47 246] ns         457  ns dns failed, err =   10214  
[2018/12/20 16:59:47 246] network    445  gethttpresp2  117.121.48.5  80  ns46  
[2018/12/20 16:59:47 246] network    465  prot_type  tcp  
[2018/12/20 16:59:47 246] network    418  soc error  10202  ns46  
[2018/12/20 16:59:47 247] ns         256  name server http resp  table(c402b890) 10202  nil  
[2018/12/20 16:59:47 247] ns         415  ns response failed, err =  10202  
[2018/12/20 16:59:47 247] ns         116  ns_host=  open.xf-yun.com  
[2018/12/20 16:59:47 247] ns         118  use default ip  
[2018/12/20 16:59:47 247] transport  1065 ns_ip =   42.62.116.18  
[2018/12/20 16:59:47 247] transport  1066 ip_type =  def_iatopen.xf-yun.com  
[2018/12/20 16:59:47 247] transport  1303 [soc] connect   42.62.116.18  80  
[2018/12/20 16:59:47 248] transport  1315 mspsoc.open,prot_type=  tcp  
[2018/12/20 16:59:47 248] ns         658  no data in ns_q  
[2018/12/20 16:59:47 248] ns         659  conti_ns,ns_inprog =   1  
[2018/12/20 16:59:47 248] transport  296  [dns] [3] failed! 10214  
[2018/12/20 16:59:47 249] transport  77   dns_failed  
[2018/12/20 16:59:47 249] transport  542  MSC:[soc] [3] error 10202 101!  
[2018/12/20 16:59:47 249] transport  67   clear_ip ip_type =  def_iatopen.xf-yun.com  
[2018/12/20 16:59:47 249] transport  342  soc_conn_failed  
[2018/12/20 16:59:47 249] network    95   iptoenv ,  ipcache  open.xf-yun.com  def  nil  
[2018/12/20 16:59:47 252] transport  416  switch 80  
[2018/12/20 16:59:47 252] transport  1331 [soc] disconnect   
[2018/12/20 16:59:48 252] transport  330  soc_10202_wait  
[2018/12/20 16:59:48 253] transport  1107 session.domain=  open.xf-yun.com  
[2018/12/20 16:59:48 253] transport  1108 url.host=  open.xf-yun.com  
[2018/12/20 16:59:48 254] network    90   ipfromenv ,  ipcache  open.xf-yun.com  def  nil  
[2018/12/20 16:59:48 254] transport  1178 try preferred port:  80  
[2018/12/20 16:59:48 254] transport  1085 NAMESERVER START  
[2018/12/20 16:59:48 255] transport  1088 name =   iat  
[2018/12/20 16:59:48 255] ns         629  ntt=  unknown  
[2018/12/20 16:59:48 255] transport  1091 trans,ns_inprog =  0  
[2018/12/20 16:59:48 255] ns         585  name server start  
[2018/12/20 16:59:48 255] ns         586  ns_sub =   iat  
[2018/12/20 16:59:48 255] ns         588  ns_host=  open.xf-yun.com  
[2018/12/20 16:59:48 255] ns         479  ns_host=  open.xf-yun.com  
[2018/12/20 16:59:48 255] ns         558  GET /sip/resolver?srand=1220165911.32 HTTP/1.1
Host: hdns.xf-yun.com
Connection: Keep-Alive
X-Par: ver=1.3&appid=5bfcc6d7&operator=UNKNOW&nettype=STANDARD&cver=5.0.41.1218&svc=iat&host=open.xf-yun.com&sign=7ec1e57329b4b33917f98f6169a013f1
User-Agent: iFLYCloud

  
[2018/12/20 16:59:48 255] ns         559  net_type =  standard  
[2018/12/20 16:59:48 255] ns         560  cmwapascmnet =  
[2018/12/20 16:59:48 255] ns         561  uniwapasuninet =  
[2018/12/20 16:59:48 255] ns         562  ctwapasctnet =  
[2018/12/20 16:59:48 255] ns         579  host=  hdns.xf-yun.com  
[2018/12/20 16:59:48 255] network    263  gethostbyname  hdns.xf-yun.com  ns47  
[2018/12/20 16:59:48 257] network    245  dns resp  10214  ns47  
[2018/12/20 16:59:48 257] ns         457  ns dns failed, err =   10214  
[2018/12/20 16:59:48 257] network    445  gethttpresp2  117.121.48.5  80  ns48  
[2018/12/20 16:59:48 257] network    465  prot_type  tcp  
[2018/12/20 16:59:48 258] network    418  soc error  10202  ns48  
[2018/12/20 16:59:48 258] ns         256  name server http resp  table(c402d670) 10202  nil  
[2018/12/20 16:59:48 258] ns         415  ns response failed, err =  10202  
[2018/12/20 16:59:48 258] ns         116  ns_host=  open.xf-yun.com  
[2018/12/20 16:59:48 258] ns         118  use default ip  
[2018/12/20 16:59:48 259] transport  1065 ns_ip =   42.62.116.18  
[2018/12/20 16:59:48 259] transport  1066 ip_type =  def_iatopen.xf-yun.com  
[2018/12/20 16:59:48 259] transport  1303 [soc] connect   42.62.116.18  80  
[2018/12/20 16:59:48 259] transport  1315 mspsoc.open,prot_type=  tcp  
[2018/12/20 16:59:48 260] ns         658  no data in ns_q  
[2018/12/20 16:59:48 260] ns         659  conti_ns,ns_inprog =   1  
[2018/12/20 16:59:48 260] transport  296  [dns] [3] failed! 10214  
[2018/12/20 16:59:48 260] transport  77   dns_failed  
[2018/12/20 16:59:48 260] transport  542  MSC:[soc] [3] error 10202 101!  
[2018/12/20 16:59:48 261] transport  67   clear_ip ip_type =  def_iatopen.xf-yun.com  
[2018/12/20 16:59:48 261] transport  342  soc_conn_failed  
[2018/12/20 16:59:48 261] network    95   iptoenv ,  ipcache  open.xf-yun.com  def  nil  
[2018/12/20 16:59:48 263] transport  416  switch 80  
[2018/12/20 16:59:48 264] transport  1331 [soc] disconnect   
[2018/12/20 16:59:48 264] transport  58   transport=  table(c4030d80) 
[2018/12/20 16:59:48 264] transport  59   throw_exception  10202  101  MSC:[soc] [3] error 10202 101!  
[2018/12/20 16:59:48 264] isr_1conn  724  transport exception  10202  slave  
[2018/12/20 16:59:48 265] network    90   ipfromenv ,  ipcache  open.xf-yun.com  def  nil  
[2018/12/20 16:59:48 265] transport  972  iplist not avail  
[2018/12/20 16:59:48 265] transport  1331 [soc] disconnect   
[2018/12/20 16:59:48 265] transport  991  transport clean  
[2018/12/20 16:59:48 265] transport  1107 session.domain=  open.xf-yun.com  
[2018/12/20 16:59:48 265] transport  1108 url.host=  open.xf-yun.com  
[2018/12/20 16:59:48 266] network    90   ipfromenv ,  ipcache  open.xf-yun.com  def  nil  
[2018/12/20 16:59:48 266] transport  1178 try preferred port:  80  
[2018/12/20 16:59:48 266] transport  1085 NAMESERVER START  
[2018/12/20 16:59:48 266] transport  1088 name =   iat  
[2018/12/20 16:59:48 266] ns         629  ntt=  unknown  
[2018/12/20 16:59:48 266] transport  1091 trans,ns_inprog =  0  
[2018/12/20 16:59:48 266] ns         585  name server start  
[2018/12/20 16:59:48 266] ns         586  ns_sub =   iat  
[2018/12/20 16:59:48 266] ns         588  ns_host=  open.xf-yun.com  
[2018/12/20 16:59:48 266] ns         479  ns_host=  open.xf-yun.com  
[2018/12/20 16:59:48 266] ns         558  GET /sip/resolver?srand=1220165911.32 HTTP/1.1
Host: hdns.xf-yun.com
Connection: Keep-Alive
X-Par: ver=1.3&appid=5bfcc6d7&operator=UNKNOW&nettype=STANDARD&cver=5.0.41.1218&svc=iat&host=open.xf-yun.com&sign=7ec1e57329b4b33917f98f6169a013f1
User-Agent: iFLYCloud

  
[2018/12/20 16:59:48 266] ns         559  net_type =  standard  
[2018/12/20 16:59:48 266] ns         560  cmwapascmnet =  
[2018/12/20 16:59:48 266] ns         561  uniwapasuninet =  
[2018/12/20 16:59:48 266] ns         562  ctwapasctnet =  
[2018/12/20 16:59:48 266] ns         579  host=  hdns.xf-yun.com  
[2018/12/20 16:59:48 266] network    263  gethostbyname  hdns.xf-yun.com  ns49  
[2018/12/20 16:59:48 266] network    245  dns resp  10214  ns49  
[2018/12/20 16:59:48 266] ns         457  ns dns failed, err =   10214  
[2018/12/20 16:59:48 266] network    445  gethttpresp2  117.121.48.5  80  ns50  
[2018/12/20 16:59:48 266] network    465  prot_type  tcp  
[2018/12/20 16:59:48 267] network    418  soc error  10202  ns50  
[2018/12/20 16:59:48 267] ns         256  name server http resp  table(c40401c0) 10202  nil  
[2018/12/20 16:59:48 267] ns         415  ns response failed, err =  10202  
[2018/12/20 16:59:48 267] ns         116  ns_host=  open.xf-yun.com  
[2018/12/20 16:59:48 267] ns         118  use default ip  
[2018/12/20 16:59:48 267] transport  1065 ns_ip =   42.62.116.18  
[2018/12/20 16:59:48 267] transport  1066 ip_type =  def_iatopen.xf-yun.com  
[2018/12/20 16:59:48 267] transport  1303 [soc] connect   42.62.116.18  80  
[2018/12/20 16:59:48 267] transport  1315 mspsoc.open,prot_type=  tcp  
[2018/12/20 16:59:48 267] ns         658  no data in ns_q  
[2018/12/20 16:59:48 267] ns         659  conti_ns,ns_inprog =   1  
[2018/12/20 16:59:48 267] transport  296  [dns] [4] failed! 10214  
[2018/12/20 16:59:48 267] transport  77   dns_failed  
[2018/12/20 16:59:48 267] transport  542  MSC:[soc] [4] error 10202 101!  
[2018/12/20 16:59:48 267] transport  67   clear_ip ip_type =  def_iatopen.xf-yun.com  
[2018/12/20 16:59:48 267] transport  342  soc_conn_failed  
[2018/12/20 16:59:48 267] network    95   iptoenv ,  ipcache  open.xf-yun.com  def  nil  
[2018/12/20 16:59:48 268] transport  416  switch 80  
[2018/12/20 16:59:48 268] transport  1331 [soc] disconnect   
[2018/12/20 16:59:48 998] isr_1conn  2289 netperf_session_timeout =   20  
[2018/12/20 16:59:48 999] isr_1conn  2292 MSC:session timeout!  
[2018/12/20 16:59:49 001] network    90   ipfromenv ,  ipcache  open.xf-yun.com  def  nil  
[2018/12/20 16:59:49 001] transport  972  iplist not avail  
[2018/12/20 16:59:49 001] transport  1331 [soc] disconnect   
[2018/12/20 16:59:49 001] transport  991  transport clean  
[2018/12/20 16:59:49 088] isr_1conn  2052 ASR_CLOUD_MSG_SSE  
[2018/12/20 16:59:49 094] isr_1conn  1276 isr_1conn session info  
[2018/12/20 16:59:49 098] isr_1conn  2197 slave session finished! ret =   10114  
