============================================================
Time  2018/12/20 16:58:59 418 
============================================================
[2018/12/20 16:58:59 418] legacyuup  324  SYS_MSG_LOAD  
[2018/12/20 16:58:59 419] legacyuup  237  UUP_MSG_START  
[2018/12/20 16:58:59 419] legacyuup  239  legacyuup  legacyuup_140a46d  268436457  1537257033  
[2018/12/20 16:58:59 419] legacyuup  282  User set url is   nil  
[2018/12/20 16:58:59 419] transport  645  paramkvsport is   nil  
[2018/12/20 16:58:59 419] transport  657  ns_enable=  1  
[2018/12/20 16:58:59 419] transport  659  2017-08--24 is_ns_need_close =   nil  
[2018/12/20 16:58:59 419] transport  665  net.nettype=  unknown  
[2018/12/20 16:58:59 419] transport  675  url.full=  nil  
[2018/12/20 16:58:59 419] transport  676  urltmp=  nil  
[2018/12/20 16:58:59 419] transport  680  server_url_host=, server_url_port=, server_url_path=  open.xf-yun.com  nil  /msp.do  
[2018/12/20 16:58:59 419] transport  708  url.full=  nil  
[2018/12/20 16:58:59 419] transport  907  net type:  unknown  
[2018/12/20 16:58:59 419] transport  908  net operator:  def  
[2018/12/20 16:58:59 419] transport  909  use proxy:  false  
[2018/12/20 16:58:59 419] legacyuup  299  not login!  
[2018/12/20 16:59:06 497] legacyuup  313  UUP_MSG_LGI_RESULT  
[2018/12/20 16:59:06 497] legacyuup  333  SYS_MSG_UNLOAD  
