[2018/12/22 20:42:02 589] isr        1547 ASR_MSG_AUW,   cloud  
[2018/12/22 20:42:02 589] isr        1559 3200  2  
[2018/12/22 20:42:02 716] isr        1547 ASR_MSG_AUW,   cloud  
[2018/12/22 20:42:02 716] isr        1559 3200  2  
[2018/12/22 20:42:02 716] isr        1547 ASR_MSG_AUW,   cloud  
[2018/12/22 20:42:02 717] isr        1559 3200  2  
[2018/12/22 20:42:02 878] isr        1547 ASR_MSG_AUW,   cloud  
[2018/12/22 20:42:02 879] isr        1559 3200  2  
[2018/12/22 20:42:03 042] isr        1547 ASR_MSG_AUW,   cloud  
[2018/12/22 20:42:03 043] isr        1559 3200  2  
[2018/12/22 20:42:03 043] isr        1547 ASR_MSG_AUW,   cloud  
[2018/12/22 20:42:03 043] isr        1559 3200  2  
[2018/12/22 20:42:03 205] isr        1547 ASR_MSG_AUW,   cloud  
[2018/12/22 20:42:03 206] isr        1559 3200  2  
[2018/12/22 20:42:03 206] isr        1547 ASR_MSG_AUW,   cloud  
[2018/12/22 20:42:03 206] isr        1559 3200  2  
[2018/12/22 20:42:03 369] isr        1547 ASR_MSG_AUW,   cloud  
[2018/12/22 20:42:03 369] isr        1559 3200  2  
[2018/12/22 20:42:03 532] isr        1547 ASR_MSG_AUW,   cloud  
[2018/12/22 20:42:03 532] isr        1559 3200  2  
[2018/12/22 20:42:03 533] isr        1547 ASR_MSG_AUW,   cloud  
[2018/12/22 20:42:03 533] isr        1559 3200  2  
[2018/12/22 20:42:03 695] isr        1547 ASR_MSG_AUW,   cloud  
[2018/12/22 20:42:03 696] isr        1559 3200  2  
[2018/12/22 20:42:03 696] isr        1547 ASR_MSG_AUW,   cloud  
[2018/12/22 20:42:03 696] isr        1559 3200  2  
[2018/12/22 20:42:03 859] isr        1547 ASR_MSG_AUW,   cloud  
[2018/12/22 20:42:03 859] isr        1559 3200  2  
[2018/12/22 20:42:04 022] isr        1547 ASR_MSG_AUW,   cloud  
[2018/12/22 20:42:04 022] isr        1559 3200  2  
[2018/12/22 20:42:04 023] isr        1547 ASR_MSG_AUW,   cloud  
[2018/12/22 20:42:04 023] isr        1559 3200  2  
[2018/12/22 20:42:04 186] isr        1547 ASR_MSG_AUW,   cloud  
[2018/12/22 20:42:04 187] isr        1559 3200  2  
[2018/12/22 20:42:04 348] isr        1547 ASR_MSG_AUW,   cloud  
[2018/12/22 20:42:04 348] isr        1559 3200  2  
[2018/12/22 20:42:04 349] isr        1547 ASR_MSG_AUW,   cloud  
[2018/12/22 20:42:04 349] isr        1559 3200  2  
[2018/12/22 20:42:04 512] isr        1547 ASR_MSG_AUW,   cloud  
[2018/12/22 20:42:04 513] isr        1559 3200  2  
[2018/12/22 20:42:04 513] isr        1547 ASR_MSG_AUW,   cloud  
[2018/12/22 20:42:04 513] isr        1559 3200  2  
[2018/12/22 20:42:04 675] isr        1547 ASR_MSG_AUW,   cloud  
[2018/12/22 20:42:04 675] isr        1559 3200  2  
[2018/12/22 20:42:04 830] isr        1547 ASR_MSG_AUW,   cloud  
[2018/12/22 20:42:04 831] isr        1559 3200  2  
[2018/12/22 20:42:04 831] isr        1547 ASR_MSG_AUW,   cloud  
[2018/12/22 20:42:04 831] isr        1559 3200  2  
[2018/12/22 20:42:04 994] isr        1547 ASR_MSG_AUW,   cloud  
[2018/12/22 20:42:04 994] isr        1559 3200  2  
[2018/12/22 20:42:04 994] isr        1547 ASR_MSG_AUW,   cloud  
[2018/12/22 20:42:04 994] isr        1559 3200  2  
[2018/12/22 20:42:05 157] isr        1547 ASR_MSG_AUW,   cloud  
[2018/12/22 20:42:05 157] isr        1559 3200  2  
[2018/12/22 20:42:05 195] isr        662  cloud_rslt_cb status =   0  
[2018/12/22 20:42:05 195] isr        641  process_result call:  cloud  udata(14060078) 0  nil  
[2018/12/22 20:42:05 321] isr        1547 ASR_MSG_AUW,   cloud  
[2018/12/22 20:42:05 321] isr        1559 3200  2  
[2018/12/22 20:42:05 322] isr        1547 ASR_MSG_AUW,   cloud  
[2018/12/22 20:42:05 322] isr        1559 3200  2  
[2018/12/22 20:42:05 485] isr        1547 ASR_MSG_AUW,   cloud  
[2018/12/22 20:42:05 485] isr        1559 3200  2  
[2018/12/22 20:42:05 485] isr        1636 ASR_MSG_GRSLT,   cloud  
[2018/12/22 20:42:05 485] isr        1335 0  udata(14060078) 0  
[2018/12/22 20:42:05 647] isr        1547 ASR_MSG_AUW,   cloud  
[2018/12/22 20:42:05 647] isr        1559 3200  2  
[2018/12/22 20:42:05 647] isr        1636 ASR_MSG_GRSLT,   cloud  
[2018/12/22 20:42:05 647] isr        1335 0  nil  2  
[2018/12/22 20:42:05 648] isr        1547 ASR_MSG_AUW,   cloud  
[2018/12/22 20:42:05 648] isr        1559 3200  2  
[2018/12/22 20:42:05 811] isr        1547 ASR_MSG_AUW,   cloud  
[2018/12/22 20:42:05 811] isr        1559 3200  2  
[2018/12/22 20:42:05 812] isr        1547 ASR_MSG_AUW,   cloud  
[2018/12/22 20:42:05 812] isr        1559 3200  2  
[2018/12/22 20:42:05 974] isr        1547 ASR_MSG_AUW,   cloud  
[2018/12/22 20:42:05 974] isr        1559 3200  2  
[2018/12/22 20:42:06 138] isr        1547 ASR_MSG_AUW,   cloud  
[2018/12/22 20:42:06 138] isr        1559 3200  2  
[2018/12/22 20:42:06 139] isr        1547 ASR_MSG_AUW,   cloud  
[2018/12/22 20:42:06 139] isr        1559 3200  2  
[2018/12/22 20:42:06 301] isr        1547 ASR_MSG_AUW,   cloud  
[2018/12/22 20:42:06 302] isr        1559 3200  2  
[2018/12/22 20:42:06 302] isr        1547 ASR_MSG_AUW,   cloud  
[2018/12/22 20:42:06 302] isr        1559 3200  2  
[2018/12/22 20:42:06 465] isr        1547 ASR_MSG_AUW,   cloud  
[2018/12/22 20:42:06 465] isr        1559 3200  2  
[2018/12/22 20:42:06 629] isr        1547 ASR_MSG_AUW,   cloud  
[2018/12/22 20:42:06 629] isr        1559 3200  2  
[2018/12/22 20:42:06 630] isr        1547 ASR_MSG_AUW,   cloud  
[2018/12/22 20:42:06 630] isr        1559 3200  2  
[2018/12/22 20:42:06 791] isr        1547 ASR_MSG_AUW,   cloud  
[2018/12/22 20:42:06 792] isr        1559 3200  2  
[2018/12/22 20:42:06 792] isr        1547 ASR_MSG_AUW,   cloud  
[2018/12/22 20:42:06 792] isr        1559 3200  2  
[2018/12/22 20:42:06 891] isr        662  cloud_rslt_cb status =   0  
[2018/12/22 20:42:06 891] isr        641  process_result call:  cloud  udata(1405efc8) 0  nil  
[2018/12/22 20:42:06 955] isr        1547 ASR_MSG_AUW,   cloud  
[2018/12/22 20:42:06 955] isr        1559 3200  2  
[2018/12/22 20:42:07 119] isr        1547 ASR_MSG_AUW,   cloud  
[2018/12/22 20:42:07 119] isr        1559 3200  2  
[2018/12/22 20:42:07 120] isr        1636 ASR_MSG_GRSLT,   cloud  
[2018/12/22 20:42:07 120] isr        1335 0  udata(1405efc8) 0  
[2018/12/22 20:42:07 121] isr        1547 ASR_MSG_AUW,   cloud  
[2018/12/22 20:42:07 121] isr        1559 3200  2  
[2018/12/22 20:42:07 121] isr        1636 ASR_MSG_GRSLT,   cloud  
[2018/12/22 20:42:07 121] isr        1335 0  nil  2  
[2018/12/22 20:42:07 283] isr        1547 ASR_MSG_AUW,   cloud  
[2018/12/22 20:42:07 283] isr        1559 3200  2  
[2018/12/22 20:42:07 446] isr        1547 ASR_MSG_AUW,   cloud  
[2018/12/22 20:42:07 446] isr        1559 3200  2  
[2018/12/22 20:42:07 447] isr        1547 ASR_MSG_AUW,   cloud  
[2018/12/22 20:42:07 447] isr        1559 3200  2  
[2018/12/22 20:42:07 610] isr        1547 ASR_MSG_AUW,   cloud  
[2018/12/22 20:42:07 610] isr        1559 3200  2  
[2018/12/22 20:42:07 611] isr        1547 ASR_MSG_AUW,   cloud  
[2018/12/22 20:42:07 611] isr        1559 3200  2  
[2018/12/22 20:42:07 750] isr        1547 ASR_MSG_AUW,   cloud  
[2018/12/22 20:42:07 750] isr        1559 3200  2  
[2018/12/22 20:42:07 913] isr        1547 ASR_MSG_AUW,   cloud  
[2018/12/22 20:42:07 913] isr        1559 3200  2  
[2018/12/22 20:42:07 914] isr        1547 ASR_MSG_AUW,   cloud  
[2018/12/22 20:42:07 914] isr        1559 3200  2  
[2018/12/22 20:42:08 077] isr        1547 ASR_MSG_AUW,   cloud  
[2018/12/22 20:42:08 077] isr        1559 3200  2  
[2018/12/22 20:42:08 240] isr        1547 ASR_MSG_AUW,   cloud  
[2018/12/22 20:42:08 240] isr        1559 3200  2  
[2018/12/22 20:42:08 241] isr        1547 ASR_MSG_AUW,   cloud  
[2018/12/22 20:42:08 241] isr        1559 3200  2  
[2018/12/22 20:42:08 404] isr        1547 ASR_MSG_AUW,   cloud  
[2018/12/22 20:42:08 405] isr        1559 3200  2  
[2018/12/22 20:42:08 405] isr        1547 ASR_MSG_AUW,   cloud  
[2018/12/22 20:42:08 406] isr        1559 3200  2  
[2018/12/22 20:42:08 567] isr        1547 ASR_MSG_AUW,   cloud  
[2018/12/22 20:42:08 567] isr        1559 3200  2  
[2018/12/22 20:42:08 661] isr        662  cloud_rslt_cb status =   0  
[2018/12/22 20:42:08 661] isr        641  process_result call:  cloud  udata(1400ccb8) 0  nil  
[2018/12/22 20:42:08 730] isr        1547 ASR_MSG_AUW,   cloud  
[2018/12/22 20:42:08 730] isr        1559 3200  2  
[2018/12/22 20:42:08 731] isr        1547 ASR_MSG_AUW,   cloud  
[2018/12/22 20:42:08 731] isr        1559 3200  2  
[2018/12/22 20:42:08 894] isr        1547 ASR_MSG_AUW,   cloud  
[2018/12/22 20:42:08 894] isr        1559 3200  2  
[2018/12/22 20:42:08 896] isr        1636 ASR_MSG_GRSLT,   cloud  
[2018/12/22 20:42:08 896] isr        1335 0  udata(1400ccb8) 0  
[2018/12/22 20:42:08 897] isr        1547 ASR_MSG_AUW,   cloud  
[2018/12/22 20:42:08 898] isr        1559 3200  2  
[2018/12/22 20:42:08 899] isr        1636 ASR_MSG_GRSLT,   cloud  
[2018/12/22 20:42:08 899] isr        1335 0  nil  2  
[2018/12/22 20:42:09 057] isr        1547 ASR_MSG_AUW,   cloud  
[2018/12/22 20:42:09 057] isr        1559 3200  2  
[2018/12/22 20:42:09 221] isr        1547 ASR_MSG_AUW,   cloud  
[2018/12/22 20:42:09 221] isr        1559 3200  2  
[2018/12/22 20:42:09 222] isr        1547 ASR_MSG_AUW,   cloud  
[2018/12/22 20:42:09 222] isr        1559 3200  2  
[2018/12/22 20:42:09 385] isr        1547 ASR_MSG_AUW,   cloud  
[2018/12/22 20:42:09 385] isr        1559 3200  2  
[2018/12/22 20:42:09 547] isr        1547 ASR_MSG_AUW,   cloud  
[2018/12/22 20:42:09 548] isr        1559 3200  2  
[2018/12/22 20:42:09 548] isr        1547 ASR_MSG_AUW,   cloud  
[2018/12/22 20:42:09 548] isr        1559 3200  2  
[2018/12/22 20:42:09 711] isr        1547 ASR_MSG_AUW,   cloud  
[2018/12/22 20:42:09 711] isr        1559 3200  2  
[2018/12/22 20:42:09 712] isr        1547 ASR_MSG_AUW,   cloud  
[2018/12/22 20:42:09 712] isr        1559 3200  2  
[2018/12/22 20:42:09 874] isr        1547 ASR_MSG_AUW,   cloud  
[2018/12/22 20:42:09 874] isr        1559 3200  2  
[2018/12/22 20:42:10 038] isr        1547 ASR_MSG_AUW,   cloud  
[2018/12/22 20:42:10 038] isr        1559 3200  2  
[2018/12/22 20:42:10 039] isr        1547 ASR_MSG_AUW,   cloud  
[2018/12/22 20:42:10 039] isr        1559 3200  2  
[2018/12/22 20:42:10 201] isr        1547 ASR_MSG_AUW,   cloud  
[2018/12/22 20:42:10 201] isr        1559 3200  2  
[2018/12/22 20:42:10 201] isr        1547 ASR_MSG_AUW,   cloud  
[2018/12/22 20:42:10 202] isr        1559 3200  2  
[2018/12/22 20:42:10 364] isr        1547 ASR_MSG_AUW,   cloud  
[2018/12/22 20:42:10 364] isr        1559 3200  2  
[2018/12/22 20:42:10 528] isr        1547 ASR_MSG_AUW,   cloud  
[2018/12/22 20:42:10 528] isr        1559 3200  2  
[2018/12/22 20:42:10 528] isr        1547 ASR_MSG_AUW,   cloud  
[2018/12/22 20:42:10 529] isr        1559 3200  2  
[2018/12/22 20:42:10 626] isr        662  cloud_rslt_cb status =   0  
[2018/12/22 20:42:10 626] isr        641  process_result call:  cloud  udata(1405e658) 0  nil  
[2018/12/22 20:42:10 691] isr        1547 ASR_MSG_AUW,   cloud  
[2018/12/22 20:42:10 691] isr        1559 3200  2  
[2018/12/22 20:42:10 834] isr        1547 ASR_MSG_AUW,   cloud  
[2018/12/22 20:42:10 834] isr        1559 3200  2  
[2018/12/22 20:42:10 834] isr        1636 ASR_MSG_GRSLT,   cloud  
[2018/12/22 20:42:10 834] isr        1335 0  udata(1405e658) 0  
[2018/12/22 20:42:10 835] isr        1547 ASR_MSG_AUW,   cloud  
[2018/12/22 20:42:10 835] isr        1559 3200  2  
[2018/12/22 20:42:10 836] isr        1636 ASR_MSG_GRSLT,   cloud  
[2018/12/22 20:42:10 836] isr        1335 0  nil  2  
[2018/12/22 20:42:10 997] isr        1547 ASR_MSG_AUW,   cloud  
[2018/12/22 20:42:10 997] isr        1559 3200  2  
[2018/12/22 20:42:10 997] isr        1547 ASR_MSG_AUW,   cloud  
[2018/12/22 20:42:10 998] isr        1559 3200  2  
[2018/12/22 20:42:11 160] isr        1547 ASR_MSG_AUW,   cloud  
[2018/12/22 20:42:11 161] isr        1559 3200  2  
[2018/12/22 20:42:11 323] isr        1547 ASR_MSG_AUW,   cloud  
[2018/12/22 20:42:11 323] isr        1559 3200  2  
[2018/12/22 20:42:11 324] isr        1547 ASR_MSG_AUW,   cloud  
[2018/12/22 20:42:11 324] isr        1559 3200  2  
[2018/12/22 20:42:11 487] isr        1547 ASR_MSG_AUW,   cloud  
[2018/12/22 20:42:11 487] isr        1559 3200  2  
[2018/12/22 20:42:11 650] isr        1547 ASR_MSG_AUW,   cloud  
[2018/12/22 20:42:11 650] isr        1559 3200  2  
[2018/12/22 20:42:11 651] isr        1547 ASR_MSG_AUW,   cloud  
[2018/12/22 20:42:11 651] isr        1559 3200  2  
[2018/12/22 20:42:11 813] isr        1547 ASR_MSG_AUW,   cloud  
[2018/12/22 20:42:11 814] isr        1559 3200  2  
[2018/12/22 20:42:11 814] isr        1547 ASR_MSG_AUW,   cloud  
[2018/12/22 20:42:11 814] isr        1559 3200  2  
[2018/12/22 20:42:11 977] isr        1547 ASR_MSG_AUW,   cloud  
[2018/12/22 20:42:11 977] isr        1559 3200  2  
[2018/12/22 20:42:12 140] isr        1547 ASR_MSG_AUW,   cloud  
[2018/12/22 20:42:12 141] isr        1559 3200  2  
[2018/12/22 20:42:12 141] isr        1547 ASR_MSG_AUW,   cloud  
[2018/12/22 20:42:12 142] isr        1559 3200  2  
[2018/12/22 20:42:12 304] isr        1547 ASR_MSG_AUW,   cloud  
[2018/12/22 20:42:12 304] isr        1559 3200  2  
[2018/12/22 20:42:12 304] isr        1547 ASR_MSG_AUW,   cloud  
[2018/12/22 20:42:12 304] isr        1559 3200  2  
[2018/12/22 20:42:12 467] isr        1547 ASR_MSG_AUW,   cloud  
[2018/12/22 20:42:12 467] isr        1559 3200  2  
[2018/12/22 20:42:12 557] isr        662  cloud_rslt_cb status =   0  
[2018/12/22 20:42:12 557] isr        641  process_result call:  cloud  udata(140528c8) 0  nil  
[2018/12/22 20:42:12 630] isr        1547 ASR_MSG_AUW,   cloud  
[2018/12/22 20:42:12 631] isr        1559 3200  2  
[2018/12/22 20:42:12 631] isr        1547 ASR_MSG_AUW,   cloud  
[2018/12/22 20:42:12 631] isr        1559 3200  2  
[2018/12/22 20:42:12 793] isr        1547 ASR_MSG_AUW,   cloud  
[2018/12/22 20:42:12 793] isr        1559 3200  2  
[2018/12/22 20:42:12 794] isr        1636 ASR_MSG_GRSLT,   cloud  
[2018/12/22 20:42:12 794] isr        1335 0  udata(140528c8) 0  
[2018/12/22 20:42:12 795] isr        1547 ASR_MSG_AUW,   cloud  
[2018/12/22 20:42:12 795] isr        1559 3200  2  
[2018/12/22 20:42:12 795] isr        1636 ASR_MSG_GRSLT,   cloud  
[2018/12/22 20:42:12 796] isr        1335 0  nil  2  
[2018/12/22 20:42:12 957] isr        1547 ASR_MSG_AUW,   cloud  
[2018/12/22 20:42:12 957] isr        1559 3200  2  
[2018/12/22 20:42:13 120] isr        1547 ASR_MSG_AUW,   cloud  
[2018/12/22 20:42:13 120] isr        1559 3200  2  
[2018/12/22 20:42:13 121] isr        1547 ASR_MSG_AUW,   cloud  
[2018/12/22 20:42:13 121] isr        1559 3200  2  
[2018/12/22 20:42:13 283] isr        1547 ASR_MSG_AUW,   cloud  
[2018/12/22 20:42:13 283] isr        1559 3200  2  
[2018/12/22 20:42:13 447] isr        1547 ASR_MSG_AUW,   cloud  
[2018/12/22 20:42:13 447] isr        1559 3200  2  
[2018/12/22 20:42:13 447] isr        1547 ASR_MSG_AUW,   cloud  
[2018/12/22 20:42:13 448] isr        1559 3200  2  
[2018/12/22 20:42:13 611] isr        1547 ASR_MSG_AUW,   cloud  
[2018/12/22 20:42:13 611] isr        1559 3200  2  
[2018/12/22 20:42:13 611] isr        1547 ASR_MSG_AUW,   cloud  
[2018/12/22 20:42:13 612] isr        1559 3200  2  
[2018/12/22 20:42:13 753] isr        1547 ASR_MSG_AUW,   cloud  
[2018/12/22 20:42:13 753] isr        1559 3200  2  
[2018/12/22 20:42:13 917] isr        1547 ASR_MSG_AUW,   cloud  
[2018/12/22 20:42:13 918] isr        1559 3200  2  
[2018/12/22 20:42:13 918] isr        1547 ASR_MSG_AUW,   cloud  
[2018/12/22 20:42:13 918] isr        1559 3200  2  
[2018/12/22 20:42:14 081] isr        1547 ASR_MSG_AUW,   cloud  
[2018/12/22 20:42:14 081] isr        1559 3200  2  
[2018/12/22 20:42:14 245] isr        1547 ASR_MSG_AUW,   cloud  
[2018/12/22 20:42:14 245] isr        1559 3200  2  
[2018/12/22 20:42:14 246] isr        1547 ASR_MSG_AUW,   cloud  
[2018/12/22 20:42:14 246] isr        1559 3200  2  
[2018/12/22 20:42:14 408] isr        1547 ASR_MSG_AUW,   cloud  
[2018/12/22 20:42:14 408] isr        1559 3200  2  
[2018/12/22 20:42:14 409] isr        1547 ASR_MSG_AUW,   cloud  
[2018/12/22 20:42:14 409] isr        1559 3200  2  
[2018/12/22 20:42:14 428] isr        662  cloud_rslt_cb status =   0  
[2018/12/22 20:42:14 428] isr        641  process_result call:  cloud  udata(14053898) 0  nil  
[2018/12/22 20:42:14 570] isr        1547 ASR_MSG_AUW,   cloud  
[2018/12/22 20:42:14 571] isr        1559 3200  2  
[2018/12/22 20:42:14 734] isr        1547 ASR_MSG_AUW,   cloud  
[2018/12/22 20:42:14 734] isr        1559 3200  2  
[2018/12/22 20:42:14 735] isr        1636 ASR_MSG_GRSLT,   cloud  
[2018/12/22 20:42:14 735] isr        1335 0  udata(14053898) 0  
[2018/12/22 20:42:14 736] isr        1547 ASR_MSG_AUW,   cloud  
[2018/12/22 20:42:14 736] isr        1559 3200  2  
[2018/12/22 20:42:14 736] isr        1636 ASR_MSG_GRSLT,   cloud  
[2018/12/22 20:42:14 736] isr        1335 0  nil  2  
[2018/12/22 20:42:14 898] isr        1547 ASR_MSG_AUW,   cloud  
[2018/12/22 20:42:14 898] isr        1559 3200  2  
[2018/12/22 20:42:14 899] isr        1547 ASR_MSG_AUW,   cloud  
[2018/12/22 20:42:14 899] isr        1559 3200  2  
[2018/12/22 20:42:15 061] isr        1547 ASR_MSG_AUW,   cloud  
[2018/12/22 20:42:15 061] isr        1559 3200  2  
[2018/12/22 20:42:15 224] isr        1547 ASR_MSG_AUW,   cloud  
[2018/12/22 20:42:15 225] isr        1559 3200  2  
[2018/12/22 20:42:15 225] isr        1547 ASR_MSG_AUW,   cloud  
[2018/12/22 20:42:15 225] isr        1559 3200  2  
[2018/12/22 20:42:15 388] isr        1547 ASR_MSG_AUW,   cloud  
[2018/12/22 20:42:15 388] isr        1559 3200  2  
[2018/12/22 20:42:15 551] isr        1547 ASR_MSG_AUW,   cloud  
[2018/12/22 20:42:15 551] isr        1559 3200  2  
[2018/12/22 20:42:15 552] isr        1547 ASR_MSG_AUW,   cloud  
[2018/12/22 20:42:15 552] isr        1559 3200  2  
[2018/12/22 20:42:15 715] isr        1547 ASR_MSG_AUW,   cloud  
[2018/12/22 20:42:15 715] isr        1559 3200  2  
[2018/12/22 20:42:15 715] isr        1547 ASR_MSG_AUW,   cloud  
[2018/12/22 20:42:15 716] isr        1559 3200  2  
[2018/12/22 20:42:15 877] isr        1547 ASR_MSG_AUW,   cloud  
[2018/12/22 20:42:15 877] isr        1559 3200  2  
[2018/12/22 20:42:15 971] isr        662  cloud_rslt_cb status =   0  
[2018/12/22 20:42:15 971] isr        641  process_result call:  cloud  udata(1400d318) 0  nil  
[2018/12/22 20:42:16 041] isr        1547 ASR_MSG_AUW,   cloud  
[2018/12/22 20:42:16 042] isr        1559 3200  2  
[2018/12/22 20:42:16 042] isr        1547 ASR_MSG_AUW,   cloud  
[2018/12/22 20:42:16 042] isr        1559 3200  2  
[2018/12/22 20:42:16 205] isr        1547 ASR_MSG_AUW,   cloud  
[2018/12/22 20:42:16 205] isr        1559 3200  2  
[2018/12/22 20:42:16 205] isr        1636 ASR_MSG_GRSLT,   cloud  
[2018/12/22 20:42:16 206] isr        1335 0  udata(1400d318) 0  
[2018/12/22 20:42:16 206] isr        1547 ASR_MSG_AUW,   cloud  
[2018/12/22 20:42:16 207] isr        1559 3200  2  
[2018/12/22 20:42:16 207] isr        1636 ASR_MSG_GRSLT,   cloud  
[2018/12/22 20:42:16 207] isr        1335 0  nil  2  
[2018/12/22 20:42:16 368] isr        1547 ASR_MSG_AUW,   cloud  
[2018/12/22 20:42:16 369] isr        1559 3200  2  
[2018/12/22 20:42:16 532] isr        1547 ASR_MSG_AUW,   cloud  
[2018/12/22 20:42:16 532] isr        1559 3200  2  
[2018/12/22 20:42:16 533] isr        1547 ASR_MSG_AUW,   cloud  
[2018/12/22 20:42:16 533] isr        1559 3200  2  
[2018/12/22 20:42:16 695] isr        1547 ASR_MSG_AUW,   cloud  
[2018/12/22 20:42:16 696] isr        1559 3200  2  
[2018/12/22 20:42:16 696] isr        1547 ASR_MSG_AUW,   cloud  
[2018/12/22 20:42:16 696] isr        1559 3200  2  
[2018/12/22 20:42:16 836] isr        1547 ASR_MSG_AUW,   cloud  
[2018/12/22 20:42:16 837] isr        1559 3200  2  
[2018/12/22 20:42:17 000] isr        1547 ASR_MSG_AUW,   cloud  
[2018/12/22 20:42:17 001] isr        1559 3200  2  
[2018/12/22 20:42:17 001] isr        1547 ASR_MSG_AUW,   cloud  
[2018/12/22 20:42:17 001] isr        1559 3200  2  
[2018/12/22 20:42:17 163] isr        1547 ASR_MSG_AUW,   cloud  
[2018/12/22 20:42:17 163] isr        1559 3200  2  
[2018/12/22 20:42:17 196] isr        1547 ASR_MSG_AUW,   cloud  
[2018/12/22 20:42:17 196] isr        1559 0  4  
[2018/12/22 20:42:17 196] isr        1592 aud end, USER  
[2018/12/22 20:42:17 196] isr        1636 ASR_MSG_GRSLT,   cloud  
[2018/12/22 20:42:17 197] isr        1335 0  nil  2  
[2018/12/22 20:42:17 198] isr        854  [aud] speech end  
[2018/12/22 20:42:17 198] isr        798  3  msc  
[2018/12/22 20:42:17 297] isr        1636 ASR_MSG_GRSLT,   cloud  
[2018/12/22 20:42:17 298] isr        1335 0  nil  2  
[2018/12/22 20:42:17 398] isr        1636 ASR_MSG_GRSLT,   cloud  
[2018/12/22 20:42:17 398] isr        1335 0  nil  2  
[2018/12/22 20:42:17 499] isr        1636 ASR_MSG_GRSLT,   cloud  
[2018/12/22 20:42:17 499] isr        1335 0  nil  2  
[2018/12/22 20:42:17 514] isr        700  cloud_status_cb, eps:  3  
[2018/12/22 20:42:17 514] isr        798  3  cloud  
[2018/12/22 20:42:17 514] isr        800  already speech end  
[2018/12/22 20:42:17 514] isr        662  cloud_rslt_cb status =   0  
[2018/12/22 20:42:17 514] isr        641  process_result call:  cloud  udata(140521e8) 0  nil  
[2018/12/22 20:42:17 519] isr        662  cloud_rslt_cb status =   5  
[2018/12/22 20:42:17 519] isr        641  process_result call:  cloud  udata(14054e98) 5  nil  
[2018/12/22 20:42:17 519] isr        798  3  msc  
[2018/12/22 20:42:17 519] isr        800  already speech end  
[2018/12/22 20:42:17 600] isr        1636 ASR_MSG_GRSLT,   cloud  
[2018/12/22 20:42:17 600] isr        1335 0  udata(140521e8) 0  
[2018/12/22 20:42:17 701] isr        1636 ASR_MSG_GRSLT,   cloud  
[2018/12/22 20:42:17 701] isr        1335 0  udata(14054e98) 5  
[2018/12/22 20:42:32 986] isr        1639 ASR_MSG_SSE,   cloud  
[2018/12/22 20:42:32 986] isr        1356 session_end() [in]  
[2018/12/22 20:42:32 986] isr        1421 cloud_session_end() [in]  
[2018/12/22 20:42:32 989] isr        1488 ns_host=  open.xf-yun.com  
[2018/12/22 20:42:32 990] isr        1498 tick()mod=  125851535  
[2018/12/22 20:42:32 990] isr        1499 tick()=  125851535  
[2018/12/22 20:42:32 990] isr        1501 diff=  30571  
[2018/12/22 20:42:32 990] isr        1514 cloud_session_end() [out]  
[2018/12/22 20:42:32 991] isr        1667 isr unload!  
