[2018/12/22 21:26:44 962] transport  1493 a_complete_httpmessage  200  
[2018/12/22 21:26:44 962] transport  1603 is_update  true  
[2018/12/22 21:26:44 962] isr_1conn  399  [trans] [isr_1conncisr1P1HHBHTtoDEt2CU7aaCNGkAxkdk1eS7] readable  
[2018/12/22 21:26:44 962] isr_1conn  403  size =   122  
[2018/12/22 21:26:44 962] isr_1conn  412  send_ok_num, timer_num, send_average =   12566  10  1256  
[2018/12/22 21:26:44 962] isr_1conn  415  netperf =   90  
[2018/12/22 21:26:44 962] isr_1conn  419  start netperf_grs_timer  
[2018/12/22 21:26:44 962] isr_1conn  435  response  
[2018/12/22 21:26:44 962] isr_1conn  483  resp_syncid =  2  
[2018/12/22 21:26:44 962] isr_1conn  655  2  5  2  
[2018/12/22 21:26:44 962] isr_1conn  662  [session] got last result  
[2018/12/22 21:26:44 962] isr_1conn  667  time from last audio to last result:  171  .  
[2018/12/22 21:26:44 962] isr_1conn  668  time from session-begin to session-end:  4365  .  
[2018/12/22 21:26:44 963] network    90   ipfromenv ,  ipcache  open.xf-yun.com  def  59.107.24.11  
[2018/12/22 21:26:44 963] transport  981  cached ip is confirmed  
[2018/12/22 21:26:44 963] transport  1331 [soc] disconnect   
[2018/12/22 21:26:44 963] transport  991  transport clean  
[2018/12/22 21:26:44 963] isr_1conn  677  [session] got 2th result  
[2018/12/22 21:26:45 362] isr_1conn  273  netperf_grs =   80  
[2018/12/22 21:26:45 762] isr_1conn  273  netperf_grs =   70  
[2018/12/22 21:26:46 163] isr_1conn  273  netperf_grs =   60  
[2018/12/22 21:26:46 563] isr_1conn  273  netperf_grs =   50  
