[2018/12/26 18:46:29 778] isr_1conn  289  send_ok_num, timer_num, send_average =   12444  24  518  
[2018/12/26 18:46:29 778] isr_1conn  292  netperf =   70  
[2018/12/26 18:46:30 179] isr_1conn  289  send_ok_num, timer_num, send_average =   12444  25  497  
[2018/12/26 18:46:30 179] isr_1conn  292  netperf =   30  
[2018/12/26 18:46:30 579] isr_1conn  289  send_ok_num, timer_num, send_average =   12444  26  478  
[2018/12/26 18:46:30 579] isr_1conn  292  netperf =   30  
[2018/12/26 18:46:30 979] isr_1conn  289  send_ok_num, timer_num, send_average =   12444  27  460  
[2018/12/26 18:46:30 979] isr_1conn  292  netperf =   30  
[2018/12/26 18:46:31 379] isr_1conn  289  send_ok_num, timer_num, send_average =   12444  28  444  
[2018/12/26 18:46:31 380] isr_1conn  292  netperf =   30  
[2018/12/26 18:46:31 780] isr_1conn  289  send_ok_num, timer_num, send_average =   12444  29  429  
[2018/12/26 18:46:31 780] isr_1conn  292  netperf =   30  
[2018/12/26 18:46:32 180] isr_1conn  289  send_ok_num, timer_num, send_average =   12444  30  414  
[2018/12/26 18:46:32 180] isr_1conn  292  netperf =   30  
[2018/12/26 18:46:32 581] isr_1conn  289  send_ok_num, timer_num, send_average =   12444  31  401  
[2018/12/26 18:46:32 581] isr_1conn  292  netperf =   30  
[2018/12/26 18:46:32 981] isr_1conn  289  send_ok_num, timer_num, send_average =   12444  32  388  
[2018/12/26 18:46:32 981] isr_1conn  292  netperf =   30  
[2018/12/26 18:46:33 381] isr_1conn  289  send_ok_num, timer_num, send_average =   12444  33  377  
[2018/12/26 18:46:33 381] isr_1conn  292  netperf =   30  
[2018/12/26 18:46:33 782] isr_1conn  289  send_ok_num, timer_num, send_average =   12444  34  366  
[2018/12/26 18:46:33 782] isr_1conn  292  netperf =   30  
[2018/12/26 18:46:34 182] isr_1conn  289  send_ok_num, timer_num, send_average =   12444  35  355  
[2018/12/26 18:46:34 182] isr_1conn  292  netperf =   30  
[2018/12/26 18:46:34 582] isr_1conn  289  send_ok_num, timer_num, send_average =   12444  36  345  
[2018/12/26 18:46:34 582] isr_1conn  292  netperf =   30  
[2018/12/26 18:46:34 983] isr_1conn  289  send_ok_num, timer_num, send_average =   12444  37  336  
[2018/12/26 18:46:34 983] isr_1conn  292  netperf =   30  
[2018/12/26 18:46:35 383] isr_1conn  289  send_ok_num, timer_num, send_average =   12444  38  327  
[2018/12/26 18:46:35 383] isr_1conn  292  netperf =   30  
[2018/12/26 18:46:35 783] isr_1conn  289  send_ok_num, timer_num, send_average =   12444  39  319  
[2018/12/26 18:46:35 783] isr_1conn  292  netperf =   30  
[2018/12/26 18:46:36 184] isr_1conn  289  send_ok_num, timer_num, send_average =   12444  40  311  
[2018/12/26 18:46:36 184] isr_1conn  292  netperf =   30  
[2018/12/26 18:46:36 584] isr_1conn  289  send_ok_num, timer_num, send_average =   12444  41  303  
[2018/12/26 18:46:36 584] isr_1conn  292  netperf =   30  
[2018/12/26 18:46:36 985] isr_1conn  289  send_ok_num, timer_num, send_average =   12444  42  296  
[2018/12/26 18:46:36 985] isr_1conn  292  netperf =   30  
[2018/12/26 18:46:37 385] isr_1conn  289  send_ok_num, timer_num, send_average =   12444  43  289  
[2018/12/26 18:46:37 385] isr_1conn  292  netperf =   30  
[2018/12/26 18:46:37 785] isr_1conn  289  send_ok_num, timer_num, send_average =   12444  44  282  
[2018/12/26 18:46:37 786] isr_1conn  292  netperf =   30  
[2018/12/26 18:46:38 186] isr_1conn  289  send_ok_num, timer_num, send_average =   12444  45  276  
[2018/12/26 18:46:38 186] isr_1conn  292  netperf =   30  
[2018/12/26 18:46:38 567] isr_1conn  2289 netperf_session_timeout =   20  
[2018/12/26 18:46:38 567] isr_1conn  2292 MSC:session timeout!  
[2018/12/26 18:46:38 586] isr_1conn  289  send_ok_num, timer_num, send_average =   12444  46  270  
[2018/12/26 18:46:38 586] isr_1conn  292  netperf =   30  
[2018/12/26 18:46:38 986] isr_1conn  289  send_ok_num, timer_num, send_average =   12444  47  264  
[2018/12/26 18:46:38 986] isr_1conn  292  netperf =   30  
[2018/12/26 18:46:39 387] isr_1conn  289  send_ok_num, timer_num, send_average =   12444  48  259  
[2018/12/26 18:46:39 387] isr_1conn  292  netperf =   30  
[2018/12/26 18:46:39 787] isr_1conn  289  send_ok_num, timer_num, send_average =   12444  49  253  
[2018/12/26 18:46:39 787] isr_1conn  292  netperf =   30  
[2018/12/26 18:46:40 187] isr_1conn  289  send_ok_num, timer_num, send_average =   12444  50  248  
[2018/12/26 18:46:40 187] isr_1conn  292  netperf =   30  
[2018/12/26 18:46:40 588] isr_1conn  289  send_ok_num, timer_num, send_average =   12444  51  244  
[2018/12/26 18:46:40 588] isr_1conn  292  netperf =   30  
[2018/12/26 18:46:40 988] isr_1conn  289  send_ok_num, timer_num, send_average =   12444  52  239  
[2018/12/26 18:46:40 988] isr_1conn  292  netperf =   30  
[2018/12/26 18:46:41 388] isr_1conn  289  send_ok_num, timer_num, send_average =   12444  53  234  
[2018/12/26 18:46:41 388] isr_1conn  292  netperf =   30  
[2018/12/26 18:46:41 789] isr_1conn  289  send_ok_num, timer_num, send_average =   12444  54  230  
[2018/12/26 18:46:41 789] isr_1conn  292  netperf =   30  
[2018/12/26 18:46:42 189] isr_1conn  289  send_ok_num, timer_num, send_average =   12444  55  226  
[2018/12/26 18:46:42 189] isr_1conn  292  netperf =   30  
[2018/12/26 18:46:42 590] isr_1conn  289  send_ok_num, timer_num, send_average =   12444  56  222  
[2018/12/26 18:46:42 590] isr_1conn  292  netperf =   30  
[2018/12/26 18:46:42 990] isr_1conn  289  send_ok_num, timer_num, send_average =   12444  57  218  
[2018/12/26 18:46:42 990] isr_1conn  292  netperf =   30  
[2018/12/26 18:46:43 390] isr_1conn  289  send_ok_num, timer_num, send_average =   12444  58  214  
[2018/12/26 18:46:43 390] isr_1conn  292  netperf =   30  
[2018/12/26 18:46:43 791] isr_1conn  289  send_ok_num, timer_num, send_average =   12444  59  210  
[2018/12/26 18:46:43 791] isr_1conn  292  netperf =   30  
[2018/12/26 18:46:44 191] isr_1conn  289  send_ok_num, timer_num, send_average =   12444  60  207  
[2018/12/26 18:46:44 191] isr_1conn  292  netperf =   30  
[2018/12/26 18:46:44 591] isr_1conn  289  send_ok_num, timer_num, send_average =   12444  61  204  
[2018/12/26 18:46:44 591] isr_1conn  292  netperf =   30  
[2018/12/26 18:46:44 992] isr_1conn  289  send_ok_num, timer_num, send_average =   12444  62  200  
[2018/12/26 18:46:44 992] isr_1conn  292  netperf =   30  
[2018/12/26 18:46:45 392] isr_1conn  289  send_ok_num, timer_num, send_average =   12444  63  197  
[2018/12/26 18:46:45 392] isr_1conn  292  netperf =   30  
[2018/12/26 18:46:45 792] isr_1conn  289  send_ok_num, timer_num, send_average =   12444  64  194  
[2018/12/26 18:46:45 793] isr_1conn  292  netperf =   30  
[2018/12/26 18:46:46 193] isr_1conn  289  send_ok_num, timer_num, send_average =   12444  65  191  
[2018/12/26 18:46:46 193] isr_1conn  292  netperf =   30  
[2018/12/26 18:46:46 593] isr_1conn  289  send_ok_num, timer_num, send_average =   12444  66  188  
[2018/12/26 18:46:46 593] isr_1conn  292  netperf =   30  
[2018/12/26 18:46:46 993] isr_1conn  289  send_ok_num, timer_num, send_average =   12444  67  185  
[2018/12/26 18:46:46 994] isr_1conn  292  netperf =   30  
[2018/12/26 18:46:47 394] isr_1conn  289  send_ok_num, timer_num, send_average =   12444  68  183  
[2018/12/26 18:46:47 394] isr_1conn  292  netperf =   30  
[2018/12/26 18:46:47 794] isr_1conn  289  send_ok_num, timer_num, send_average =   12444  69  180  
[2018/12/26 18:46:47 794] isr_1conn  292  netperf =   30  
[2018/12/26 18:46:48 195] isr_1conn  289  send_ok_num, timer_num, send_average =   12444  70  177  
[2018/12/26 18:46:48 195] isr_1conn  292  netperf =   30  
[2018/12/26 18:46:48 595] isr_1conn  289  send_ok_num, timer_num, send_average =   12444  71  175  
[2018/12/26 18:46:48 595] isr_1conn  292  netperf =   30  
[2018/12/26 18:46:48 995] isr_1conn  289  send_ok_num, timer_num, send_average =   12444  72  172  
[2018/12/26 18:46:48 995] isr_1conn  292  netperf =   30  
[2018/12/26 18:46:49 396] isr_1conn  289  send_ok_num, timer_num, send_average =   12444  73  170  
[2018/12/26 18:46:49 396] isr_1conn  292  netperf =   30  
[2018/12/26 18:46:49 796] isr_1conn  289  send_ok_num, timer_num, send_average =   12444  74  168  
[2018/12/26 18:46:49 796] isr_1conn  292  netperf =   30  
[2018/12/26 18:46:50 196] isr_1conn  289  send_ok_num, timer_num, send_average =   12444  75  165  
[2018/12/26 18:46:50 196] isr_1conn  292  netperf =   30  
[2018/12/26 18:46:50 596] isr_1conn  289  send_ok_num, timer_num, send_average =   12444  76  163  
[2018/12/26 18:46:50 597] isr_1conn  292  netperf =   30  
[2018/12/26 18:46:50 997] isr_1conn  289  send_ok_num, timer_num, send_average =   12444  77  161  
[2018/12/26 18:46:50 997] isr_1conn  292  netperf =   30  
[2018/12/26 18:46:51 397] isr_1conn  289  send_ok_num, timer_num, send_average =   12444  78  159  
[2018/12/26 18:46:51 397] isr_1conn  292  netperf =   30  
[2018/12/26 18:46:51 797] isr_1conn  289  send_ok_num, timer_num, send_average =   12444  79  157  
[2018/12/26 18:46:51 797] isr_1conn  292  netperf =   30  
[2018/12/26 18:46:52 198] isr_1conn  289  send_ok_num, timer_num, send_average =   12444  80  155  
[2018/12/26 18:46:52 198] isr_1conn  292  netperf =   30  
[2018/12/26 18:46:52 598] isr_1conn  289  send_ok_num, timer_num, send_average =   12444  81  153  
[2018/12/26 18:46:52 598] isr_1conn  292  netperf =   30  
[2018/12/26 18:46:52 998] isr_1conn  289  send_ok_num, timer_num, send_average =   12444  82  151  
[2018/12/26 18:46:52 999] isr_1conn  292  netperf =   30  
[2018/12/26 18:46:53 399] isr_1conn  289  send_ok_num, timer_num, send_average =   12444  83  149  
[2018/12/26 18:46:53 399] isr_1conn  292  netperf =   30  
[2018/12/26 18:46:53 799] isr_1conn  289  send_ok_num, timer_num, send_average =   12444  84  148  
[2018/12/26 18:46:53 799] isr_1conn  292  netperf =   30  
[2018/12/26 18:46:54 199] isr_1conn  289  send_ok_num, timer_num, send_average =   12444  85  146  
[2018/12/26 18:46:54 199] isr_1conn  292  netperf =   30  
[2018/12/26 18:46:54 600] isr_1conn  289  send_ok_num, timer_num, send_average =   12444  86  144  
[2018/12/26 18:46:54 600] isr_1conn  292  netperf =   30  
[2018/12/26 18:46:55 000] isr_1conn  289  send_ok_num, timer_num, send_average =   12444  87  143  
[2018/12/26 18:46:55 000] isr_1conn  292  netperf =   30  
[2018/12/26 18:46:55 400] isr_1conn  289  send_ok_num, timer_num, send_average =   12444  88  141  
[2018/12/26 18:46:55 400] isr_1conn  292  netperf =   30  
[2018/12/26 18:46:55 801] isr_1conn  289  send_ok_num, timer_num, send_average =   12444  89  139  
[2018/12/26 18:46:55 801] isr_1conn  292  netperf =   30  
[2018/12/26 18:46:56 201] isr_1conn  289  send_ok_num, timer_num, send_average =   12444  90  138  
[2018/12/26 18:46:56 201] isr_1conn  292  netperf =   30  
[2018/12/26 18:46:56 601] isr_1conn  289  send_ok_num, timer_num, send_average =   12444  91  136  
[2018/12/26 18:46:56 601] isr_1conn  292  netperf =   30  
[2018/12/26 18:46:57 001] isr_1conn  289  send_ok_num, timer_num, send_average =   12444  92  135  
[2018/12/26 18:46:57 001] isr_1conn  292  netperf =   30  
[2018/12/26 18:46:57 402] isr_1conn  289  send_ok_num, timer_num, send_average =   12444  93  133  
[2018/12/26 18:46:57 402] isr_1conn  292  netperf =   30  
[2018/12/26 18:46:57 802] isr_1conn  289  send_ok_num, timer_num, send_average =   12444  94  132  
[2018/12/26 18:46:57 802] isr_1conn  292  netperf =   30  
[2018/12/26 18:46:58 202] isr_1conn  289  send_ok_num, timer_num, send_average =   12444  95  130  
[2018/12/26 18:46:58 202] isr_1conn  292  netperf =   30  
[2018/12/26 18:46:58 603] isr_1conn  289  send_ok_num, timer_num, send_average =   12444  96  129  
[2018/12/26 18:46:58 603] isr_1conn  292  netperf =   30  
[2018/12/26 18:46:59 003] isr_1conn  289  send_ok_num, timer_num, send_average =   12444  97  128  
[2018/12/26 18:46:59 003] isr_1conn  292  netperf =   30  
[2018/12/26 18:46:59 403] isr_1conn  289  send_ok_num, timer_num, send_average =   12444  98  126  
[2018/12/26 18:46:59 403] isr_1conn  292  netperf =   30  
[2018/12/26 18:46:59 803] isr_1conn  289  send_ok_num, timer_num, send_average =   12444  99  125  
[2018/12/26 18:46:59 803] isr_1conn  292  netperf =   30  
[2018/12/26 18:47:00 204] isr_1conn  289  send_ok_num, timer_num, send_average =   12444  100  124  
[2018/12/26 18:47:00 204] isr_1conn  292  netperf =   30  
[2018/12/26 18:47:00 604] isr_1conn  289  send_ok_num, timer_num, send_average =   12444  101  123  
[2018/12/26 18:47:00 604] isr_1conn  292  netperf =   30  
[2018/12/26 18:47:01 004] isr_1conn  289  send_ok_num, timer_num, send_average =   12444  102  122  
[2018/12/26 18:47:01 004] isr_1conn  292  netperf =   30  
[2018/12/26 18:47:01 405] isr_1conn  289  send_ok_num, timer_num, send_average =   12444  103  120  
[2018/12/26 18:47:01 405] isr_1conn  292  netperf =   30  
[2018/12/26 18:47:01 805] isr_1conn  289  send_ok_num, timer_num, send_average =   12444  104  119  
[2018/12/26 18:47:01 805] isr_1conn  292  netperf =   30  
[2018/12/26 18:47:02 205] isr_1conn  289  send_ok_num, timer_num, send_average =   12444  105  118  
[2018/12/26 18:47:02 205] isr_1conn  292  netperf =   30  
[2018/12/26 18:47:02 606] isr_1conn  289  send_ok_num, timer_num, send_average =   12444  106  117  
[2018/12/26 18:47:02 606] isr_1conn  292  netperf =   30  
[2018/12/26 18:47:03 006] isr_1conn  289  send_ok_num, timer_num, send_average =   12444  107  116  
[2018/12/26 18:47:03 006] isr_1conn  292  netperf =   30  
[2018/12/26 18:47:03 407] isr_1conn  289  send_ok_num, timer_num, send_average =   12444  108  115  
[2018/12/26 18:47:03 407] isr_1conn  292  netperf =   30  
[2018/12/26 18:47:03 807] isr_1conn  289  send_ok_num, timer_num, send_average =   12444  109  114  
[2018/12/26 18:47:03 807] isr_1conn  292  netperf =   30  
[2018/12/26 18:47:04 207] isr_1conn  289  send_ok_num, timer_num, send_average =   12444  110  113  
[2018/12/26 18:47:04 207] isr_1conn  292  netperf =   30  
[2018/12/26 18:47:04 607] isr_1conn  289  send_ok_num, timer_num, send_average =   12444  111  112  
[2018/12/26 18:47:04 608] isr_1conn  292  netperf =   30  
[2018/12/26 18:47:05 008] isr_1conn  289  send_ok_num, timer_num, send_average =   12444  112  111  
[2018/12/26 18:47:05 008] isr_1conn  292  netperf =   30  
[2018/12/26 18:47:05 408] isr_1conn  289  send_ok_num, timer_num, send_average =   12444  113  110  
[2018/12/26 18:47:05 408] isr_1conn  292  netperf =   30  
[2018/12/26 18:47:05 808] isr_1conn  289  send_ok_num, timer_num, send_average =   12444  114  109  
[2018/12/26 18:47:05 808] isr_1conn  292  netperf =   30  
[2018/12/26 18:47:06 209] isr_1conn  289  send_ok_num, timer_num, send_average =   12444  115  108  
[2018/12/26 18:47:06 209] isr_1conn  292  netperf =   30  
[2018/12/26 18:47:06 609] isr_1conn  289  send_ok_num, timer_num, send_average =   12444  116  107  
[2018/12/26 18:47:06 609] isr_1conn  292  netperf =   30  
[2018/12/26 18:47:07 009] isr_1conn  289  send_ok_num, timer_num, send_average =   12444  117  106  
[2018/12/26 18:47:07 009] isr_1conn  292  netperf =   30  
[2018/12/26 18:47:07 410] isr_1conn  289  send_ok_num, timer_num, send_average =   12444  118  105  
[2018/12/26 18:47:07 410] isr_1conn  292  netperf =   30  
[2018/12/26 18:47:07 810] isr_1conn  289  send_ok_num, timer_num, send_average =   12444  119  104  
[2018/12/26 18:47:07 810] isr_1conn  292  netperf =   30  
[2018/12/26 18:47:08 210] isr_1conn  289  send_ok_num, timer_num, send_average =   12444  120  103  
[2018/12/26 18:47:08 211] isr_1conn  292  netperf =   30  
[2018/12/26 18:47:08 611] isr_1conn  289  send_ok_num, timer_num, send_average =   12444  121  102  
[2018/12/26 18:47:08 611] isr_1conn  292  netperf =   30  
[2018/12/26 18:47:09 011] isr_1conn  289  send_ok_num, timer_num, send_average =   12444  122  102  
[2018/12/26 18:47:09 011] isr_1conn  292  netperf =   30  
[2018/12/26 18:47:09 411] isr_1conn  289  send_ok_num, timer_num, send_average =   12444  123  101  
[2018/12/26 18:47:09 411] isr_1conn  292  netperf =   30  
[2018/12/26 18:47:09 812] isr_1conn  289  send_ok_num, timer_num, send_average =   12444  124  100  
[2018/12/26 18:47:09 812] isr_1conn  292  netperf =   30  
[2018/12/26 18:47:10 212] isr_1conn  289  send_ok_num, timer_num, send_average =   12444  125  99  
[2018/12/26 18:47:10 212] isr_1conn  292  netperf =   30  
[2018/12/26 18:47:10 612] isr_1conn  289  send_ok_num, timer_num, send_average =   12444  126  98  
[2018/12/26 18:47:10 612] isr_1conn  292  netperf =   30  
[2018/12/26 18:47:11 013] isr_1conn  289  send_ok_num, timer_num, send_average =   12444  127  97  
[2018/12/26 18:47:11 013] isr_1conn  292  netperf =   30  
[2018/12/26 18:47:11 413] isr_1conn  289  send_ok_num, timer_num, send_average =   12444  128  97  
[2018/12/26 18:47:11 413] isr_1conn  292  netperf =   30  
[2018/12/26 18:47:11 813] isr_1conn  289  send_ok_num, timer_num, send_average =   12444  129  96  
[2018/12/26 18:47:11 813] isr_1conn  292  netperf =   30  
[2018/12/26 18:47:12 214] isr_1conn  289  send_ok_num, timer_num, send_average =   12444  130  95  
[2018/12/26 18:47:12 214] isr_1conn  292  netperf =   30  
[2018/12/26 18:47:12 614] isr_1conn  289  send_ok_num, timer_num, send_average =   12444  131  94  
[2018/12/26 18:47:12 614] isr_1conn  292  netperf =   30  
[2018/12/26 18:47:13 015] isr_1conn  289  send_ok_num, timer_num, send_average =   12444  132  94  
[2018/12/26 18:47:13 015] isr_1conn  292  netperf =   30  
[2018/12/26 18:47:13 415] isr_1conn  289  send_ok_num, timer_num, send_average =   12444  133  93  
[2018/12/26 18:47:13 415] isr_1conn  292  netperf =   30  
[2018/12/26 18:47:13 816] isr_1conn  289  send_ok_num, timer_num, send_average =   12444  134  92  
[2018/12/26 18:47:13 816] isr_1conn  292  netperf =   30  
[2018/12/26 18:47:14 216] isr_1conn  289  send_ok_num, timer_num, send_average =   12444  135  92  
[2018/12/26 18:47:14 216] isr_1conn  292  netperf =   30  
[2018/12/26 18:47:14 616] isr_1conn  289  send_ok_num, timer_num, send_average =   12444  136  91  
[2018/12/26 18:47:14 616] isr_1conn  292  netperf =   30  
[2018/12/26 18:47:15 017] isr_1conn  289  send_ok_num, timer_num, send_average =   12444  137  90  
[2018/12/26 18:47:15 017] isr_1conn  292  netperf =   30  
[2018/12/26 18:47:15 417] isr_1conn  289  send_ok_num, timer_num, send_average =   12444  138  90  
[2018/12/26 18:47:15 417] isr_1conn  292  netperf =   30  
[2018/12/26 18:47:15 817] isr_1conn  289  send_ok_num, timer_num, send_average =   12444  139  89  
[2018/12/26 18:47:15 817] isr_1conn  292  netperf =   30  
[2018/12/26 18:47:16 218] isr_1conn  289  send_ok_num, timer_num, send_average =   12444  140  88  
[2018/12/26 18:47:16 218] isr_1conn  292  netperf =   30  
[2018/12/26 18:47:16 618] isr_1conn  289  send_ok_num, timer_num, send_average =   12444  141  88  
[2018/12/26 18:47:16 618] isr_1conn  292  netperf =   30  
[2018/12/26 18:47:17 019] isr_1conn  289  send_ok_num, timer_num, send_average =   12444  142  87  
[2018/12/26 18:47:17 019] isr_1conn  292  netperf =   30  
[2018/12/26 18:47:17 419] isr_1conn  289  send_ok_num, timer_num, send_average =   12444  143  87  
[2018/12/26 18:47:17 419] isr_1conn  292  netperf =   30  
[2018/12/26 18:47:17 819] isr_1conn  289  send_ok_num, timer_num, send_average =   12444  144  86  
[2018/12/26 18:47:17 819] isr_1conn  292  netperf =   30  
[2018/12/26 18:47:18 219] isr_1conn  289  send_ok_num, timer_num, send_average =   12444  145  85  
[2018/12/26 18:47:18 219] isr_1conn  292  netperf =   30  
[2018/12/26 18:47:18 620] isr_1conn  289  send_ok_num, timer_num, send_average =   12444  146  85  
[2018/12/26 18:47:18 620] isr_1conn  292  netperf =   30  
[2018/12/26 18:47:19 020] isr_1conn  289  send_ok_num, timer_num, send_average =   12444  147  84  
[2018/12/26 18:47:19 020] isr_1conn  292  netperf =   30  
[2018/12/26 18:47:19 420] isr_1conn  289  send_ok_num, timer_num, send_average =   12444  148  84  
[2018/12/26 18:47:19 420] isr_1conn  292  netperf =   30  
[2018/12/26 18:47:19 821] isr_1conn  289  send_ok_num, timer_num, send_average =   12444  149  83  
[2018/12/26 18:47:19 821] isr_1conn  292  netperf =   30  
[2018/12/26 18:47:20 221] isr_1conn  289  send_ok_num, timer_num, send_average =   12444  150  82  
[2018/12/26 18:47:20 221] isr_1conn  292  netperf =   30  
[2018/12/26 18:47:20 621] isr_1conn  289  send_ok_num, timer_num, send_average =   12444  151  82  
[2018/12/26 18:47:20 621] isr_1conn  292  netperf =   30  
[2018/12/26 18:47:21 021] isr_1conn  289  send_ok_num, timer_num, send_average =   12444  152  81  
[2018/12/26 18:47:21 021] isr_1conn  292  netperf =   30  
[2018/12/26 18:47:21 422] isr_1conn  289  send_ok_num, timer_num, send_average =   12444  153  81  
[2018/12/26 18:47:21 422] isr_1conn  292  netperf =   30  
[2018/12/26 18:47:21 822] isr_1conn  289  send_ok_num, timer_num, send_average =   12444  154  80  
[2018/12/26 18:47:21 822] isr_1conn  292  netperf =   30  
[2018/12/26 18:47:22 222] isr_1conn  289  send_ok_num, timer_num, send_average =   12444  155  80  
[2018/12/26 18:47:22 222] isr_1conn  292  netperf =   30  
[2018/12/26 18:47:22 623] isr_1conn  289  send_ok_num, timer_num, send_average =   12444  156  79  
[2018/12/26 18:47:22 623] isr_1conn  292  netperf =   30  
[2018/12/26 18:47:23 025] isr_1conn  289  send_ok_num, timer_num, send_average =   12444  157  79  
[2018/12/26 18:47:23 026] isr_1conn  292  netperf =   30  
[2018/12/26 18:47:23 426] isr_1conn  289  send_ok_num, timer_num, send_average =   12444  158  78  
[2018/12/26 18:47:23 426] isr_1conn  292  netperf =   30  
[2018/12/26 18:47:23 826] isr_1conn  289  send_ok_num, timer_num, send_average =   12444  159  78  
[2018/12/26 18:47:23 826] isr_1conn  292  netperf =   30  
[2018/12/26 18:47:24 227] isr_1conn  289  send_ok_num, timer_num, send_average =   12444  160  77  
[2018/12/26 18:47:24 227] isr_1conn  292  netperf =   30  
[2018/12/26 18:47:24 627] isr_1conn  289  send_ok_num, timer_num, send_average =   12444  161  77  
[2018/12/26 18:47:24 627] isr_1conn  292  netperf =   30  
[2018/12/26 18:47:25 027] isr_1conn  289  send_ok_num, timer_num, send_average =   12444  162  76  
[2018/12/26 18:47:25 027] isr_1conn  292  netperf =   30  
[2018/12/26 18:47:25 428] isr_1conn  289  send_ok_num, timer_num, send_average =   12444  163  76  
[2018/12/26 18:47:25 428] isr_1conn  292  netperf =   30  
[2018/12/26 18:47:25 828] isr_1conn  289  send_ok_num, timer_num, send_average =   12444  164  75  
[2018/12/26 18:47:25 828] isr_1conn  292  netperf =   30  
[2018/12/26 18:47:26 228] isr_1conn  289  send_ok_num, timer_num, send_average =   12444  165  75  
[2018/12/26 18:47:26 229] isr_1conn  292  netperf =   30  
[2018/12/26 18:47:26 629] isr_1conn  289  send_ok_num, timer_num, send_average =   12444  166  74  
[2018/12/26 18:47:26 629] isr_1conn  292  netperf =   30  
[2018/12/26 18:47:27 029] isr_1conn  289  send_ok_num, timer_num, send_average =   12444  167  74  
[2018/12/26 18:47:27 029] isr_1conn  292  netperf =   30  
[2018/12/26 18:47:27 429] isr_1conn  289  send_ok_num, timer_num, send_average =   12444  168  74  
[2018/12/26 18:47:27 429] isr_1conn  292  netperf =   30  
[2018/12/26 18:47:27 830] isr_1conn  289  send_ok_num, timer_num, send_average =   12444  169  73  
[2018/12/26 18:47:27 830] isr_1conn  292  netperf =   30  
[2018/12/26 18:47:28 230] isr_1conn  289  send_ok_num, timer_num, send_average =   12444  170  73  
[2018/12/26 18:47:28 230] isr_1conn  292  netperf =   30  
[2018/12/26 18:47:28 631] isr_1conn  289  send_ok_num, timer_num, send_average =   12444  171  72  
[2018/12/26 18:47:28 631] isr_1conn  292  netperf =   30  
[2018/12/26 18:47:29 031] isr_1conn  289  send_ok_num, timer_num, send_average =   12444  172  72  
[2018/12/26 18:47:29 031] isr_1conn  292  netperf =   30  
[2018/12/26 18:47:29 431] isr_1conn  289  send_ok_num, timer_num, send_average =   12444  173  71  
[2018/12/26 18:47:29 431] isr_1conn  292  netperf =   30  
[2018/12/26 18:47:29 707] isr_1conn  2052 ASR_CLOUD_MSG_SSE  
[2018/12/26 18:47:29 708] isr_1conn  1276 isr_1conn session info  
