[2018/12/27 09:25:41 927] isr_1conn  403  size =   366  
[2018/12/27 09:25:41 927] isr_1conn  435  response  
[2018/12/27 09:25:41 927] isr_1conn  483  resp_syncid =  2  
[2018/12/27 09:25:41 927] isr_1conn  580  2  5  5  3  
[2018/12/27 09:25:41 927] isr_1conn  594  [session] got last result  
[2018/12/27 09:25:41 927] isr_1conn  599  time from last audio to last result:  62  .  
[2018/12/27 09:25:41 927] isr_1conn  600  time from session-begin to session-end:  4288  .  
[2018/12/27 09:25:41 928] network    90   ipfromenv ,  ipcache  open.xf-yun.com  def  59.107.24.11  
[2018/12/27 09:25:41 928] transport  981  cached ip is confirmed  
[2018/12/27 09:25:41 928] transport  1331 [soc] disconnect   
[2018/12/27 09:25:41 928] transport  991  transport clean  
[2018/12/27 09:25:41 928] isr_1conn  609  [session] got 2th result  
[2018/12/27 09:25:42 025] isr_1conn  1843 ASR_CLOUD_MSG_AUW  3200  2  
[2018/12/27 09:25:42 067] isr_1conn  282  netperf =   100  
[2018/12/27 09:25:42 467] isr_1conn  289  send_ok_num, timer_num, send_average =   12810  10  1281  
[2018/12/27 09:25:42 467] isr_1conn  292  netperf =   90  
[2018/12/27 09:25:42 867] isr_1conn  289  send_ok_num, timer_num, send_average =   12810  11  1164  
[2018/12/27 09:25:42 867] isr_1conn  292  netperf =   90  
[2018/12/27 09:25:43 267] isr_1conn  289  send_ok_num, timer_num, send_average =   12810  12  1067  
[2018/12/27 09:25:43 267] isr_1conn  292  netperf =   90  
[2018/12/27 09:25:43 668] isr_1conn  289  send_ok_num, timer_num, send_average =   12810  13  985  
[2018/12/27 09:25:43 668] isr_1conn  292  netperf =   70  
[2018/12/27 09:25:43 954] isr_1conn  1843 ASR_CLOUD_MSG_AUW  2560  4  
