[2018/12/27 09:26:23 213] isr_1conn  1229 [session] send last audio!  
[2018/12/27 09:26:23 213] isr_1conn  1247 send rslt request  
[2018/12/27 09:26:23 213] transport  1858 transport_obj.send | in  
[2018/12/27 09:26:23 213] transport  1864 self.msg_flag_q  table(38039ae0) 
[2018/12/27 09:26:23 213] transport  1865 self.msg_q  table(38039a90) 
[2018/12/27 09:26:23 213] transport  1797 transport_obj.try2send | in  
[2018/12/27 09:26:23 213] transport  1798 self.soc  udata(380684a8) 
[2018/12/27 09:26:23 213] transport  1799 self.connected  true  
[2018/12/27 09:26:23 213] transport  1800 self.latesterr  0  
[2018/12/27 09:26:23 213] transport  1817 transport:try2send,#msg_q=  1  
[2018/12/27 09:26:23 213] transport  1358 build http request.  
[2018/12/27 09:26:23 214] transport  1475 POST /msp.do HTTP/1.1
X-Sub: iat
X-Par: ver=MSSP+0%2E9&sub=iat&cmd=grs&cver=5%2E0%2E41%2E1218&key=0fOT967WFCI41YlUPsVIq846cuQYBbT99UglB8xcdlnvg^HBywnTxKrfO9p^DLbQ5u9kc936imnSD3zX9fmdenv80rApOWQqCx981/X5nXp78=
Host: open.xf-yun.com
CT: text/plain
CL: 1

0  
[2018/12/27 09:26:23 214] transport  1817 transport:try2send,#msg_q=  0  
[2018/12/27 09:26:23 214] transport  1871 transport_obj.send | out  
[2018/12/27 09:26:23 214] transport  482  [soc] [1] send ok  680  
[2018/12/27 09:26:23 214] transport  1797 transport_obj.try2send | in  
[2018/12/27 09:26:23 214] transport  1798 self.soc  udata(380684a8) 
[2018/12/27 09:26:23 214] transport  1799 self.connected  true  
[2018/12/27 09:26:23 214] transport  1800 self.latesterr  0  
[2018/12/27 09:26:23 214] transport  1817 transport:try2send,#msg_q=  0  
[2018/12/27 09:26:23 214] transport  482  [soc] [1] send ok  375  
[2018/12/27 09:26:23 214] transport  1797 transport_obj.try2send | in  
[2018/12/27 09:26:23 214] transport  1798 self.soc  udata(380684a8) 
[2018/12/27 09:26:23 214] transport  1799 self.connected  true  
[2018/12/27 09:26:23 214] transport  1800 self.latesterr  0  
[2018/12/27 09:26:23 214] transport  1817 transport:try2send,#msg_q=  0  
[2018/12/27 09:26:23 214] transport  482  [soc] [1] send ok  261  
[2018/12/27 09:26:23 214] transport  1797 transport_obj.try2send | in  
[2018/12/27 09:26:23 214] transport  1798 self.soc  udata(380684a8) 
[2018/12/27 09:26:23 214] transport  1799 self.connected  true  
[2018/12/27 09:26:23 214] transport  1800 self.latesterr  0  
[2018/12/27 09:26:23 214] transport  1817 transport:try2send,#msg_q=  0  
[2018/12/27 09:26:23 278] transport  494  [soc] [1] readable  
[2018/12/27 09:26:23 278] transport  1765 HTTP/1.1 200 OK
Content-Length: 1
X-Req-Date: 2018/12/27 09:26:23 279
X-Par: ver=MSSP+0%2E9&ret=0&cver=5%2E0%2E41%2E1218&eps=1&rcs=2&key=0fOT967WFCI41YlUPsVIq846cuQYBbT99UglB8xcdlnvg^HBywnTxKrfO9p^DLbQ5u9kc936imnSD3zX9fmdenvxmhs5T9hkCh981/X5nXp78=
CT: text/plain
CL: 1
Content-Length: 1
X-Res-Date: 2018/12/27 09:26:23 282

0  
[2018/12/27 09:26:23 278] transport  1493 a_complete_httpmessage  200  
[2018/12/27 09:26:23 278] transport  1603 is_update  true  
[2018/12/27 09:26:23 278] isr_1conn  399  [trans] [isr_1conncisr1PdHHBHTWaYzHeRWaaupXC-Z1BX1pAd7] readable  
[2018/12/27 09:26:23 278] isr_1conn  403  size =   366  
[2018/12/27 09:26:23 278] isr_1conn  435  response  
[2018/12/27 09:26:23 278] isr_1conn  483  resp_syncid =  0  
[2018/12/27 09:26:23 278] isr_1conn  580  0  0  2  1  
[2018/12/27 09:26:23 278] isr_1conn  1247 send rslt request  
[2018/12/27 09:26:23 278] transport  1858 transport_obj.send | in  
[2018/12/27 09:26:23 278] transport  1864 self.msg_flag_q  table(38039ae0) 
[2018/12/27 09:26:23 278] transport  1865 self.msg_q  table(38039a90) 
[2018/12/27 09:26:23 278] transport  1797 transport_obj.try2send | in  
[2018/12/27 09:26:23 278] transport  1798 self.soc  udata(380684a8) 
[2018/12/27 09:26:23 278] transport  1799 self.connected  true  
[2018/12/27 09:26:23 278] transport  1800 self.latesterr  0  
[2018/12/27 09:26:23 278] transport  1817 transport:try2send,#msg_q=  1  
[2018/12/27 09:26:23 278] transport  1358 build http request.  
[2018/12/27 09:26:23 278] transport  1475 POST /msp.do HTTP/1.1
X-Sub: iat
X-Par: ver=MSSP+0%2E9&sub=iat&cmd=grs&cver=5%2E0%2E41%2E1218&key=0fOT967WFCI41YlUPsVIq846cuQYBbT99UglB8xcdlnvg^HBywnTxKrfO9p^DLbQ5u9kc936imnSD3zX9fmdenvyqFeYiMJke8981/X5nXp78=
Host: open.xf-yun.com
CT: text/plain
CL: 1

0  
[2018/12/27 09:26:23 279] transport  1817 transport:try2send,#msg_q=  0  
[2018/12/27 09:26:23 279] transport  1871 transport_obj.send | out  
[2018/12/27 09:26:23 279] transport  482  [soc] [1] send ok  261  
[2018/12/27 09:26:23 279] transport  1797 transport_obj.try2send | in  
[2018/12/27 09:26:23 279] transport  1798 self.soc  udata(380684a8) 
[2018/12/27 09:26:23 279] transport  1799 self.connected  true  
[2018/12/27 09:26:23 279] transport  1800 self.latesterr  0  
[2018/12/27 09:26:23 279] transport  1817 transport:try2send,#msg_q=  0  
[2018/12/27 09:26:23 339] transport  494  [soc] [1] readable  
[2018/12/27 09:26:23 339] transport  1765 HTTP/1.1 200 OK
Content-Length: 8
X-Req-Date: 2018/12/27 09:26:23 339
X-Par: ver=MSSP+0%2E9&ret=0&cver=5%2E0%2E41%2E1218&rss=5&eps=3&rcs=2&key=0fOT967WFCI41YlUPsVIq846cuQYBbT99UglB8xcdlnvg^HBywnTxKrfO9p^DLbQ5u9kc936imnSD3zX9fmdenv4ONsu/TuvMh981/X5nXp78=
CE: encrypt/0.2
CT: binary/recresult;charset=utf8
CL: 8
Content-Length: 8
X-Res-Date: 2018/12/27 09:26:23 343

z¶RN9æ:uHTTP/1.1 200 OK
Content-Length: 1
X-Req-Date: 2018/12/27 09:26:23 343
X-Par: ver=MSSP+0%2E9&ret=0&cver=5%2E0%2E41%2E1218&rss=2&key=0fOT967WFCI41YlUPsVIq846cuQYBbT99UglB8xcdlnvg^HBywnTxKrfO9p^DLbQ5u9kc936imnSD3zX9fmdenvxmhs5T9hkCh981/X5nXp78=
CT: text/plain
CL: 1
Content-Length: 1
X-Res-Date: 2018/12/27 09:26:23 346

0  
[2018/12/27 09:26:23 339] transport  1493 a_complete_httpmessage  200  
[2018/12/27 09:26:23 339] transport  1603 is_update  true  
[2018/12/27 09:26:23 339] isr_1conn  399  [trans] [isr_1conncisr1PdHHBHTWaYzHeRWaaupXC-Z1BX1pAd7] readable  
[2018/12/27 09:26:23 339] isr_1conn  403  size =   61  
[2018/12/27 09:26:23 339] isr_1conn  412  send_ok_num, timer_num, send_average =   12871  10  1287  
[2018/12/27 09:26:23 339] isr_1conn  415  netperf =   90  
[2018/12/27 09:26:23 339] isr_1conn  419  start netperf_grs_timer  
[2018/12/27 09:26:23 339] isr_1conn  435  response  
[2018/12/27 09:26:23 339] isr_1conn  483  resp_syncid =  2  
[2018/12/27 09:26:23 340] isr_1conn  655  2  5  2  
[2018/12/27 09:26:23 340] isr_1conn  662  [session] got last result  
[2018/12/27 09:26:23 340] isr_1conn  667  time from last audio to last result:  126  .  
[2018/12/27 09:26:23 340] isr_1conn  668  time from session-begin to session-end:  4502  .  
[2018/12/27 09:26:23 340] network    90   ipfromenv ,  ipcache  open.xf-yun.com  def  59.107.24.11  
[2018/12/27 09:26:23 340] transport  981  cached ip is confirmed  
[2018/12/27 09:26:23 340] transport  1331 [soc] disconnect   
[2018/12/27 09:26:23 340] transport  991  transport clean  
[2018/12/27 09:26:23 340] isr_1conn  677  [session] got 2th result  
[2018/12/27 09:26:23 740] isr_1conn  273  netperf_grs =   80  
[2018/12/27 09:26:24 140] isr_1conn  273  netperf_grs =   70  
[2018/12/27 09:26:24 540] isr_1conn  273  netperf_grs =   60  
[2018/12/27 09:26:24 940] isr_1conn  273  netperf_grs =   50  
[2018/12/27 09:26:25 255] isr_1conn  2052 ASR_CLOUD_MSG_SSE  
