============================================================
Time  2019/01/01 21:37:49 470 
============================================================
[2019/01/01 21:37:49 470] isr        1659 isr loaded!  
[2019/01/01 21:37:49 470] isr        1642 SYS_MSG_REGCB param0 =   msp_status_cb  param1 =   func(9c0311a0) 
[2019/01/01 21:37:49 470] isr        1537 ASR_MSG_SSB  
[2019/01/01 21:37:49 470] isr        1066 session_begin() [in], params:   sub = iat, domain = iat, language = zh_cn, accent = mandarin, sample_rate = 16000, result_type = plain, result_encoding = utf8  nil  
[2019/01/01 21:37:49 470] isr        927  vad_set [in]  
[2019/01/01 21:37:49 470] isr        962  vad_enable :  true  
[2019/01/01 21:37:49 470] isr        980  vad_bos :  10000  
[2019/01/01 21:37:49 471] isr        981  vad_eos :  2000  
[2019/01/01 21:37:49 471] isr        886  enable_vad [in]  
[2019/01/01 21:37:49 471] isr        918  vad enabled!  2000  10000  
[2019/01/01 21:37:49 471] isr        921  enable_vad [out]  
[2019/01/01 21:37:49 471] isr        987  vad_set [out] | ret =  0  
[2019/01/01 21:37:49 471] isr        1187 cur_engine_type =   cloud  
[2019/01/01 21:37:49 471] isr        1001 cloud_session_begin  
[2019/01/01 21:37:49 471] isr        1013 unknown  
[2019/01/01 21:37:49 706] isr        1547 ASR_MSG_AUW,   cloud  
[2019/01/01 21:37:49 707] isr        1559 3200  1  
[2019/01/01 21:37:49 707] isr        1569 once_bytes:   3200  
[2019/01/01 21:37:49 707] isr        1547 ASR_MSG_AUW,   cloud  
[2019/01/01 21:37:49 708] isr        1559 3200  2  
[2019/01/01 21:37:49 710] isr        851  [aud] speech start  
[2019/01/01 21:37:49 710] isr        798  1  msc  
[2019/01/01 21:37:49 789] isr        700  cloud_status_cb, eps:  1  
[2019/01/01 21:37:49 790] isr        798  1  cloud  
[2019/01/01 21:37:49 790] isr        813  cloud eps ignored  
[2019/01/01 21:37:49 867] isr        1547 ASR_MSG_AUW,   cloud  
[2019/01/01 21:37:49 867] isr        1559 3200  2  
[2019/01/01 21:37:50 030] isr        1547 ASR_MSG_AUW,   cloud  
[2019/01/01 21:37:50 031] isr        1559 3200  2  
[2019/01/01 21:37:50 031] isr        1547 ASR_MSG_AUW,   cloud  
[2019/01/01 21:37:50 031] isr        1559 3200  2  
[2019/01/01 21:37:50 187] isr        1547 ASR_MSG_AUW,   cloud  
[2019/01/01 21:37:50 187] isr        1559 3200  2  
[2019/01/01 21:37:50 188] isr        1547 ASR_MSG_AUW,   cloud  
[2019/01/01 21:37:50 188] isr        1559 3200  2  
[2019/01/01 21:37:50 350] isr        1547 ASR_MSG_AUW,   cloud  
[2019/01/01 21:37:50 351] isr        1559 3200  2  
[2019/01/01 21:37:50 514] isr        1547 ASR_MSG_AUW,   cloud  
[2019/01/01 21:37:50 514] isr        1559 3200  2  
[2019/01/01 21:37:50 515] isr        1547 ASR_MSG_AUW,   cloud  
[2019/01/01 21:37:50 515] isr        1559 3200  2  
[2019/01/01 21:37:50 677] isr        1547 ASR_MSG_AUW,   cloud  
[2019/01/01 21:37:50 678] isr        1559 3200  2  
[2019/01/01 21:37:50 678] isr        1547 ASR_MSG_AUW,   cloud  
[2019/01/01 21:37:50 678] isr        1559 3200  2  
[2019/01/01 21:37:50 828] isr        1547 ASR_MSG_AUW,   cloud  
[2019/01/01 21:37:50 828] isr        1559 3200  2  
[2019/01/01 21:37:50 992] isr        1547 ASR_MSG_AUW,   cloud  
[2019/01/01 21:37:50 992] isr        1559 3200  2  
[2019/01/01 21:37:50 993] isr        1547 ASR_MSG_AUW,   cloud  
[2019/01/01 21:37:50 993] isr        1559 3200  2  
[2019/01/01 21:37:51 155] isr        1547 ASR_MSG_AUW,   cloud  
[2019/01/01 21:37:51 155] isr        1559 3200  2  
[2019/01/01 21:37:51 319] isr        1547 ASR_MSG_AUW,   cloud  
[2019/01/01 21:37:51 319] isr        1559 3200  2  
[2019/01/01 21:37:51 319] isr        1547 ASR_MSG_AUW,   cloud  
[2019/01/01 21:37:51 319] isr        1559 3200  2  
[2019/01/01 21:37:51 483] isr        1547 ASR_MSG_AUW,   cloud  
[2019/01/01 21:37:51 483] isr        1559 3200  2  
[2019/01/01 21:37:51 484] isr        1547 ASR_MSG_AUW,   cloud  
[2019/01/01 21:37:51 484] isr        1559 3200  2  
[2019/01/01 21:37:51 646] isr        1547 ASR_MSG_AUW,   cloud  
[2019/01/01 21:37:51 646] isr        1559 3200  2  
[2019/01/01 21:37:51 809] isr        1547 ASR_MSG_AUW,   cloud  
[2019/01/01 21:37:51 810] isr        1559 3200  2  
[2019/01/01 21:37:51 810] isr        1547 ASR_MSG_AUW,   cloud  
[2019/01/01 21:37:51 810] isr        1559 3200  2  
[2019/01/01 21:37:51 972] isr        1547 ASR_MSG_AUW,   cloud  
[2019/01/01 21:37:51 973] isr        1559 3200  2  
[2019/01/01 21:37:51 973] isr        1547 ASR_MSG_AUW,   cloud  
[2019/01/01 21:37:51 973] isr        1559 3200  2  
[2019/01/01 21:37:52 108] isr        1547 ASR_MSG_AUW,   cloud  
[2019/01/01 21:37:52 108] isr        1559 3200  2  
[2019/01/01 21:37:52 272] isr        1547 ASR_MSG_AUW,   cloud  
[2019/01/01 21:37:52 273] isr        1559 3200  2  
[2019/01/01 21:37:52 273] isr        1547 ASR_MSG_AUW,   cloud  
[2019/01/01 21:37:52 273] isr        1559 3200  2  
[2019/01/01 21:37:52 435] isr        1547 ASR_MSG_AUW,   cloud  
[2019/01/01 21:37:52 435] isr        1559 3200  2  
[2019/01/01 21:37:52 599] isr        1547 ASR_MSG_AUW,   cloud  
[2019/01/01 21:37:52 599] isr        1559 3200  2  
[2019/01/01 21:37:52 600] isr        1547 ASR_MSG_AUW,   cloud  
[2019/01/01 21:37:52 600] isr        1559 3200  2  
[2019/01/01 21:37:52 762] isr        1547 ASR_MSG_AUW,   cloud  
[2019/01/01 21:37:52 763] isr        1559 3200  2  
[2019/01/01 21:37:52 925] isr        1547 ASR_MSG_AUW,   cloud  
[2019/01/01 21:37:52 926] isr        1559 3200  2  
[2019/01/01 21:37:52 926] isr        1547 ASR_MSG_AUW,   cloud  
[2019/01/01 21:37:52 926] isr        1559 3200  2  
[2019/01/01 21:37:53 089] isr        1547 ASR_MSG_AUW,   cloud  
[2019/01/01 21:37:53 090] isr        1559 3200  2  
[2019/01/01 21:37:53 090] isr        1547 ASR_MSG_AUW,   cloud  
[2019/01/01 21:37:53 090] isr        1559 3200  2  
[2019/01/01 21:37:53 252] isr        1547 ASR_MSG_AUW,   cloud  
[2019/01/01 21:37:53 252] isr        1559 3200  2  
[2019/01/01 21:37:53 415] isr        1547 ASR_MSG_AUW,   cloud  
[2019/01/01 21:37:53 416] isr        1559 3200  2  
[2019/01/01 21:37:53 416] isr        1547 ASR_MSG_AUW,   cloud  
[2019/01/01 21:37:53 417] isr        1559 3200  2  
[2019/01/01 21:37:53 545] isr        662  cloud_rslt_cb status =   0  
[2019/01/01 21:37:53 545] isr        641  process_result call:  cloud  udata(9c003028) 0  nil  
[2019/01/01 21:37:53 579] isr        1547 ASR_MSG_AUW,   cloud  
[2019/01/01 21:37:53 580] isr        1559 3200  2  
[2019/01/01 21:37:53 580] isr        1547 ASR_MSG_AUW,   cloud  
[2019/01/01 21:37:53 580] isr        1559 3200  2  
[2019/01/01 21:37:53 742] isr        1547 ASR_MSG_AUW,   cloud  
[2019/01/01 21:37:53 742] isr        1559 3200  2  
[2019/01/01 21:37:53 743] isr        1636 ASR_MSG_GRSLT,   cloud  
[2019/01/01 21:37:53 743] isr        1335 0  udata(9c003028) 0  
[2019/01/01 21:37:53 905] isr        1547 ASR_MSG_AUW,   cloud  
[2019/01/01 21:37:53 906] isr        1559 3200  2  
[2019/01/01 21:37:53 906] isr        1636 ASR_MSG_GRSLT,   cloud  
[2019/01/01 21:37:53 906] isr        1335 0  nil  2  
[2019/01/01 21:37:53 907] isr        1547 ASR_MSG_AUW,   cloud  
[2019/01/01 21:37:53 907] isr        1559 3200  2  
[2019/01/01 21:37:54 069] isr        1547 ASR_MSG_AUW,   cloud  
[2019/01/01 21:37:54 069] isr        1559 3200  2  
[2019/01/01 21:37:54 232] isr        1547 ASR_MSG_AUW,   cloud  
[2019/01/01 21:37:54 233] isr        1559 3200  2  
[2019/01/01 21:37:54 233] isr        1547 ASR_MSG_AUW,   cloud  
[2019/01/01 21:37:54 233] isr        1559 3200  2  
[2019/01/01 21:37:54 396] isr        1547 ASR_MSG_AUW,   cloud  
[2019/01/01 21:37:54 396] isr        1559 3200  2  
[2019/01/01 21:37:54 397] isr        1547 ASR_MSG_AUW,   cloud  
[2019/01/01 21:37:54 397] isr        1559 3200  2  
[2019/01/01 21:37:54 559] isr        1547 ASR_MSG_AUW,   cloud  
[2019/01/01 21:37:54 559] isr        1559 3200  2  
[2019/01/01 21:37:54 723] isr        1547 ASR_MSG_AUW,   cloud  
[2019/01/01 21:37:54 723] isr        1559 3200  2  
[2019/01/01 21:37:54 724] isr        1547 ASR_MSG_AUW,   cloud  
[2019/01/01 21:37:54 724] isr        1559 3200  2  
[2019/01/01 21:37:54 885] isr        1547 ASR_MSG_AUW,   cloud  
[2019/01/01 21:37:54 886] isr        1559 3200  2  
[2019/01/01 21:37:54 886] isr        1547 ASR_MSG_AUW,   cloud  
[2019/01/01 21:37:54 886] isr        1559 3200  2  
[2019/01/01 21:37:54 887] isr        854  [aud] speech end  
[2019/01/01 21:37:54 888] isr        798  3  msc  
[2019/01/01 21:37:54 888] isr        864  aud end, MSC VAD  
[2019/01/01 21:37:54 968] isr        700  cloud_status_cb, eps:  3  
[2019/01/01 21:37:54 969] isr        798  3  cloud  
[2019/01/01 21:37:54 969] isr        800  already speech end  
[2019/01/01 21:37:54 972] isr        662  cloud_rslt_cb status =   5  
[2019/01/01 21:37:54 972] isr        641  process_result call:  cloud  udata(9c003378) 5  nil  
[2019/01/01 21:37:54 972] isr        798  3  msc  
[2019/01/01 21:37:54 972] isr        800  already speech end  
[2019/01/01 21:37:55 028] isr        1547 ASR_MSG_AUW,   cloud  
[2019/01/01 21:37:55 028] isr        1559 3200  2  
[2019/01/01 21:37:55 029] isr        1636 ASR_MSG_GRSLT,   cloud  
[2019/01/01 21:37:55 030] isr        1335 0  udata(9c003378) 5  
[2019/01/01 21:37:55 131] isr        1639 ASR_MSG_SSE,   cloud  
[2019/01/01 21:37:55 131] isr        1356 session_end() [in]  
[2019/01/01 21:37:55 131] isr        1421 cloud_session_end() [in]  
[2019/01/01 21:37:55 133] isr        1488 ns_host=  open.xf-yun.com  
[2019/01/01 21:37:55 133] isr        1498 tick()mod=  196445803  
[2019/01/01 21:37:55 133] isr        1499 tick()=  196445803  
[2019/01/01 21:37:55 133] isr        1501 diff=  5467  
[2019/01/01 21:37:55 133] isr        1514 cloud_session_end() [out]  
[2019/01/01 21:37:55 134] isr        1667 isr unload!  
