============================================================
Time  2019/01/07 11:56:38 526 
============================================================
[2019/01/07 11:56:38 526] tts        818  SYS_MSG_REGCB param0 =  msp_status_cb  param1 =  func(f0070250) 
[2019/01/07 11:56:38 528] config     43   use general cloud  
[2019/01/07 11:56:38 531] tts_cloud  1438 SYS_MSG_REGCB_CLOUD param0 =   msp_status_cb  param1 =  func(f0070250) 
[2019/01/07 11:56:38 532] tts        789  TTS_MSG_SSB  
[2019/01/07 11:56:38 532] tts        441  params =  voice_name = xiaoyan, text_encoding = utf8, sample_rate = 16000, speed = 50, volume = 50, pitch = 50, rdn = 2  
[2019/01/07 11:56:38 532] tts        482  ssb|use cloud  
[2019/01/07 11:56:38 532] tts_cloud  1409 SYS_MSG_LOAD_CLOUD  
[2019/01/07 11:56:38 532] tts_cloud  964  TTS_MSG_SSB_CLOUD  
[2019/01/07 11:56:38 532] tts_cloud  987  tts  ctts1P1HHBHTB+89YJgszaVu0T0iXugzWqP7  268436457  1537257011  
[2019/01/07 11:56:38 532] tts_cloud  1164 need_decode  true  
[2019/01/07 11:56:38 532] tts_cloud  1165 aue=  speex-wb;7   auf=  audio/L16;rate=16000  
[2019/01/07 11:56:38 532] tts_cloud  1187 User set url is   nil  
[2019/01/07 11:56:38 532] transport  645  paramkvsport is   nil  
[2019/01/07 11:56:38 532] transport  657  ns_enable=  1  
[2019/01/07 11:56:38 532] transport  659  2017-08--24 is_ns_need_close =   nil  
[2019/01/07 11:56:38 532] transport  665  net.nettype=  unknown  
[2019/01/07 11:56:38 532] transport  675  url.full=  nil  
[2019/01/07 11:56:38 532] transport  676  urltmp=  nil  
[2019/01/07 11:56:38 532] transport  680  server_url_host=, server_url_port=, server_url_path=  open.xf-yun.com  nil  /msp.do  
[2019/01/07 11:56:38 532] transport  708  url.full=  nil  
[2019/01/07 11:56:38 532] transport  907  net type:  unknown  
[2019/01/07 11:56:38 532] transport  908  net operator:  def  
[2019/01/07 11:56:38 532] transport  909  use proxy:  false  
[2019/01/07 11:56:38 533] transport  1107 session.domain=  open.xf-yun.com  
[2019/01/07 11:56:38 533] transport  1108 url.host=  open.xf-yun.com  
[2019/01/07 11:56:38 533] transport  1147 using nameserver ip:  42.62.116.34  
[2019/01/07 11:56:38 533] transport  1178 try preferred port:  1028  
[2019/01/07 11:56:38 533] transport  1303 [soc] connect   42.62.116.34  1028  
[2019/01/07 11:56:38 533] transport  1315 mspsoc.open,prot_type=  tcp  
[2019/01/07 11:56:38 533] tts        802  TTS_MSG_SSE  
[2019/01/07 11:56:38 533] tts        774  sse|use cloud  
[2019/01/07 11:56:38 533] tts_cloud  1305 TTS_MSG_SSE_CLOUD  
[2019/01/07 11:56:38 533] tts_cloud  853  tts session info  
