============================================================
Time  2018/12/31 22:36:55 962 
============================================================
[2018/12/31 22:36:55 963] tts        818  SYS_MSG_REGCB param0 =  msp_status_cb  param1 =  func(a00142b0) 
[2018/12/31 22:36:55 966] config     43   use general cloud  
[2018/12/31 22:36:55 967] tts_cloud  1438 SYS_MSG_REGCB_CLOUD param0 =   msp_status_cb  param1 =  func(a00142b0) 
[2018/12/31 22:36:55 968] tts        789  TTS_MSG_SSB  
[2018/12/31 22:36:55 968] tts        441  params =  voice_name = xiaoyan, text_encoding = utf8, sample_rate = 16000, speed = 50, volume = 50, pitch = 50, rdn = 2  
[2018/12/31 22:36:55 968] tts        482  ssb|use cloud  
[2018/12/31 22:36:55 968] tts_cloud  1409 SYS_MSG_LOAD_CLOUD  
[2018/12/31 22:36:55 968] tts_cloud  964  TTS_MSG_SSB_CLOUD  
[2018/12/31 22:36:55 968] tts_cloud  987  tts  ctts1P1HHBHT04stP3MRQaPHWIambH5qd2g7  268436457  1537257011  
[2018/12/31 22:36:55 968] tts_cloud  1164 need_decode  true  
[2018/12/31 22:36:55 968] tts_cloud  1165 aue=  speex-wb;7   auf=  audio/L16;rate=16000  
[2018/12/31 22:36:55 968] tts_cloud  1187 User set url is   nil  
[2018/12/31 22:36:55 968] transport  645  paramkvsport is   nil  
[2018/12/31 22:36:55 968] transport  657  ns_enable=  1  
[2018/12/31 22:36:55 968] transport  659  2017-08--24 is_ns_need_close =   nil  
[2018/12/31 22:36:55 968] transport  665  net.nettype=  unknown  
[2018/12/31 22:36:55 968] transport  675  url.full=  nil  
[2018/12/31 22:36:55 968] transport  676  urltmp=  nil  
[2018/12/31 22:36:55 968] transport  680  server_url_host=, server_url_port=, server_url_path=  open.xf-yun.com  nil  /msp.do  
[2018/12/31 22:36:55 968] transport  708  url.full=  nil  
[2018/12/31 22:36:55 968] transport  907  net type:  unknown  
[2018/12/31 22:36:55 968] transport  908  net operator:  def  
[2018/12/31 22:36:55 968] transport  909  use proxy:  false  
[2018/12/31 22:36:55 968] transport  1107 session.domain=  open.xf-yun.com  
[2018/12/31 22:36:55 968] transport  1108 url.host=  open.xf-yun.com  
[2018/12/31 22:36:55 968] transport  1147 using nameserver ip:  42.62.116.35  
[2018/12/31 22:36:55 968] transport  1178 try preferred port:  1028  
[2018/12/31 22:36:55 968] transport  1303 [soc] connect   42.62.116.35  1028  
[2018/12/31 22:36:55 968] transport  1315 mspsoc.open,prot_type=  tcp  
[2018/12/31 22:36:55 969] tts        796  TTS_MSG_SYN  0  
[2018/12/31 22:36:55 969] tts        548  synth|use cloud  
[2018/12/31 22:36:55 969] tts_cloud  1207 TTS_MSG_SYN_CLOUD  
[2018/12/31 22:36:55 969] tts_cloud  1218 remote_connected =  false  
[2018/12/31 22:36:55 969] tts        799  TTS_MSG_GETAUDIO  0  
[2018/12/31 22:36:55 969] tts        681  get audio|use cloud  
[2018/12/31 22:36:55 969] tts_cloud  1302 TTS_MSG_GETAUDIO_CLOUD | synth_status  1  
