[2019/01/01 20:46:52 605] transport  1817 transport:try2send,#msg_q=  0  
[2019/01/01 20:46:52 605] transport  1871 transport_obj.send | out  
[2019/01/01 20:46:52 605] transport  482  [soc] [1] send ok  560  
[2019/01/01 20:46:52 605] transport  1797 transport_obj.try2send | in  
[2019/01/01 20:46:52 605] transport  1798 self.soc  udata(ac068488) 
[2019/01/01 20:46:52 605] transport  1799 self.connected  true  
[2019/01/01 20:46:52 605] transport  1800 self.latesterr  0  
[2019/01/01 20:46:52 605] transport  1817 transport:try2send,#msg_q=  0  
[2019/01/01 20:46:52 677] transport  494  [soc] [1] readable  
[2019/01/01 20:46:52 677] transport  1765 HTTP/1.1 200 OK
Content-Length: 1
X-Req-Date: 2019/01/01 20:46:52 607
X-Par: ver=MSSP+0%2E9&ret=0&cver=5%2E0%2E41%2E1218&eps=1&rcs=2&key=0fTTs/dYXJ9eNKaAlhyedlSkU18GNACrEN2Fj/CLxyQuQ^HBywnTxKrfO9p^DLbQ5u9kc936imnSD3zX9fmdenvxmhs5T9hkCh981/X5nXp78=
CT: text/plain
CL: 1
Content-Length: 1
X-Res-Date: 2019/01/01 20:46:52 610

0  
[2019/01/01 20:46:52 677] transport  1493 a_complete_httpmessage  200  
[2019/01/01 20:46:52 677] transport  1603 is_update  true  
[2019/01/01 20:46:52 677] isr_1conn  399  [trans] [isr_1conncisr1P1HHBHT09dLCJFYraaBT+dQodBadfs7] readable  
[2019/01/01 20:46:52 677] isr_1conn  403  size =   366  
[2019/01/01 20:46:52 677] isr_1conn  435  response  
[2019/01/01 20:46:52 677] isr_1conn  483  resp_syncid =  0  
[2019/01/01 20:46:52 677] isr_1conn  580  0  0  2  1  
[2019/01/01 20:46:52 727] transport  494  [soc] [1] readable  
[2019/01/01 20:46:52 728] transport  1765 HTTP/1.1 200 OK
Content-Length: 8
X-Req-Date: 2019/01/01 20:46:52 660
X-Par: ver=MSSP+0%2E9&ret=0&cver=5%2E0%2E41%2E1218&rss=5&eps=3&rcs=5&key=0fTTs/dYXJ9eNKaAlhyedlSkU18GNACrEN2Fj/CLxyQuQ^HBywnTxKrfO9p^DLbQ5u9kc936imnSD3zX9fmdenv4ONsu/TuvMh981/X5nXp78=
CE: encrypt/0.2
CT: binary/recresult;charset=utf8
CL: 8
Content-Length: 8
X-Res-Date: 2019/01/01 20:46:52 662

Ã‘"€   
[2019/01/01 20:46:52 728] transport  1493 a_complete_httpmessage  200  
[2019/01/01 20:46:52 728] transport  1603 is_update  true  
[2019/01/01 20:46:52 728] isr_1conn  399  [trans] [isr_1conncisr1P1HHBHT09dLCJFYraaBT+dQodBadfs7] readable  
[2019/01/01 20:46:52 728] isr_1conn  403  size =   244  
[2019/01/01 20:46:52 728] isr_1conn  435  response  
[2019/01/01 20:46:52 728] isr_1conn  483  resp_syncid =  2  
[2019/01/01 20:46:52 728] isr_1conn  580  2  5  5  3  
[2019/01/01 20:46:52 728] isr_1conn  594  [session] got last result  
[2019/01/01 20:46:52 728] isr_1conn  599  time from last audio to last result:  123  .  
[2019/01/01 20:46:52 728] isr_1conn  600  time from session-begin to session-end:  4491  .  
[2019/01/01 20:46:52 728] network    90   ipfromenv ,  ipcache  open.xf-yun.com  def  59.107.24.13  
[2019/01/01 20:46:52 729] transport  981  cached ip is confirmed  
[2019/01/01 20:46:52 729] transport  1331 [soc] disconnect   
[2019/01/01 20:46:52 729] transport  991  transport clean  
[2019/01/01 20:46:52 729] isr_1conn  609  [session] got 2th result  
[2019/01/01 20:46:52 765] isr_1conn  1843 ASR_CLOUD_MSG_AUW  3200  2  
[2019/01/01 20:46:52 767] isr_1conn  1843 ASR_CLOUD_MSG_AUW  2880  4  
[2019/01/01 20:46:52 809] isr_1conn  282  netperf =   100  
[2019/01/01 20:46:52 868] isr_1conn  2052 ASR_CLOUD_MSG_SSE  
