[2019/01/01 14:46:50 233] transport  1817 transport:try2send,#msg_q=  0  
[2019/01/01 14:46:50 233] transport  1871 transport_obj.send | out  
[2019/01/01 14:46:50 233] isr_1conn  1229 [session] send last audio!  
[2019/01/01 14:46:50 233] isr_1conn  1247 send rslt request  
[2019/01/01 14:46:50 233] transport  1858 transport_obj.send | in  
[2019/01/01 14:46:50 233] transport  1864 self.msg_flag_q  table(18039a90) 
[2019/01/01 14:46:50 233] transport  1865 self.msg_q  table(18039a40) 
[2019/01/01 14:46:50 233] transport  1797 transport_obj.try2send | in  
[2019/01/01 14:46:50 233] transport  1798 self.soc  udata(18068478) 
[2019/01/01 14:46:50 233] transport  1799 self.connected  true  
[2019/01/01 14:46:50 233] transport  1800 self.latesterr  0  
[2019/01/01 14:46:50 233] transport  1817 transport:try2send,#msg_q=  1  
[2019/01/01 14:46:50 233] transport  1358 build http request.  
[2019/01/01 14:46:50 233] transport  1475 POST /msp.do HTTP/1.1
X-Sub: iat
X-Par: ver=MSSP+0%2E9&sub=iat&cmd=grs&cver=5%2E0%2E41%2E1218&key=0fnb4gDxLfxiAyC3lRU^I124TfNaMvIrBnKrkz2RFNiLQ^HBywnTxKrfO9p^DLbQ5u9kc936imnSD3zX9fmdenv80rApOWQqCx981/X5nXp78=
Host: open.xf-yun.com
CT: text/plain
CL: 1

0  
[2019/01/01 14:46:50 233] transport  1817 transport:try2send,#msg_q=  0  
[2019/01/01 14:46:50 233] transport  1871 transport_obj.send | out  
[2019/01/01 14:46:50 233] transport  482  [soc] [1] send ok  496  
[2019/01/01 14:46:50 233] transport  1797 transport_obj.try2send | in  
[2019/01/01 14:46:50 233] transport  1798 self.soc  udata(18068478) 
[2019/01/01 14:46:50 233] transport  1799 self.connected  true  
[2019/01/01 14:46:50 233] transport  1800 self.latesterr  0  
[2019/01/01 14:46:50 233] transport  1817 transport:try2send,#msg_q=  0  
[2019/01/01 14:46:50 234] transport  482  [soc] [1] send ok  261  
[2019/01/01 14:46:50 234] transport  1797 transport_obj.try2send | in  
[2019/01/01 14:46:50 234] transport  1798 self.soc  udata(18068478) 
[2019/01/01 14:46:50 234] transport  1799 self.connected  true  
[2019/01/01 14:46:50 234] transport  1800 self.latesterr  0  
[2019/01/01 14:46:50 234] transport  1817 transport:try2send,#msg_q=  0  
[2019/01/01 14:46:50 302] transport  494  [soc] [1] readable  
[2019/01/01 14:46:50 302] transport  1765 HTTP/1.1 200 OK
Content-Length: 1
X-Req-Date: 2019/01/01 14:46:50 335
X-Par: ver=MSSP+0%2E9&ret=0&cver=5%2E0%2E41%2E1218&eps=1&rcs=2&key=0fnb4gDxLfxiAyC3lRU^I124TfNaMvIrBnKrkz2RFNiLQ^HBywnTxKrfO9p^DLbQ5u9kc936imnSD3zX9fmdenvxmhs5T9hkCh981/X5nXp78=
CT: text/plain
CL: 1
Content-Length: 1
X-Res-Date: 2019/01/01 14:46:50 337

0  
[2019/01/01 14:46:50 302] transport  1493 a_complete_httpmessage  200  
[2019/01/01 14:46:50 302] transport  1603 is_update  true  
[2019/01/01 14:46:50 302] isr_1conn  399  [trans] [isr_1conncisr1P1HHBHT0if-05pO5aakhM0yJwdv5Ca7] readable  
[2019/01/01 14:46:50 302] isr_1conn  403  size =   366  
[2019/01/01 14:46:50 302] isr_1conn  435  response  
[2019/01/01 14:46:50 302] isr_1conn  483  resp_syncid =  0  
[2019/01/01 14:46:50 302] isr_1conn  580  0  0  2  1  
[2019/01/01 14:46:50 302] isr_1conn  1247 send rslt request  
[2019/01/01 14:46:50 302] transport  1858 transport_obj.send | in  
[2019/01/01 14:46:50 302] transport  1864 self.msg_flag_q  table(18039a90) 
[2019/01/01 14:46:50 302] transport  1865 self.msg_q  table(18039a40) 
[2019/01/01 14:46:50 302] transport  1797 transport_obj.try2send | in  
[2019/01/01 14:46:50 302] transport  1798 self.soc  udata(18068478) 
[2019/01/01 14:46:50 302] transport  1799 self.connected  true  
[2019/01/01 14:46:50 302] transport  1800 self.latesterr  0  
[2019/01/01 14:46:50 302] transport  1817 transport:try2send,#msg_q=  1  
[2019/01/01 14:46:50 302] transport  1358 build http request.  
[2019/01/01 14:46:50 302] transport  1475 POST /msp.do HTTP/1.1
X-Sub: iat
X-Par: ver=MSSP+0%2E9&sub=iat&cmd=grs&cver=5%2E0%2E41%2E1218&key=0fnb4gDxLfxiAyC3lRU^I124TfNaMvIrBnKrkz2RFNiLQ^HBywnTxKrfO9p^DLbQ5u9kc936imnSD3zX9fmdenvyqFeYiMJke8981/X5nXp78=
Host: open.xf-yun.com
CT: text/plain
CL: 1

0  
[2019/01/01 14:46:50 302] transport  1817 transport:try2send,#msg_q=  0  
[2019/01/01 14:46:50 302] transport  1871 transport_obj.send | out  
[2019/01/01 14:46:50 303] transport  482  [soc] [1] send ok  261  
[2019/01/01 14:46:50 303] transport  1797 transport_obj.try2send | in  
[2019/01/01 14:46:50 303] transport  1798 self.soc  udata(18068478) 
[2019/01/01 14:46:50 303] transport  1799 self.connected  true  
[2019/01/01 14:46:50 303] transport  1800 self.latesterr  0  
[2019/01/01 14:46:50 303] transport  1817 transport:try2send,#msg_q=  0  
[2019/01/01 14:46:50 362] transport  494  [soc] [1] readable  
[2019/01/01 14:46:50 363] transport  1765 HTTP/1.1 200 OK
Content-Length: 8
X-Req-Date: 2019/01/01 14:46:50 395
X-Par: ver=MSSP+0%2E9&ret=0&cver=5%2E0%2E41%2E1218&rss=5&eps=3&rcs=2&key=0fnb4gDxLfxiAyC3lRU^I124TfNaMvIrBnKrkz2RFNiLQ^HBywnTxKrfO9p^DLbQ5u9kc936imnSD3zX9fmdenv4ONsu/TuvMh981/X5nXp78=
CE: encrypt/0.2
CT: binary/recresult;charset=utf8
CL: 8
Content-Length: 8
X-Res-Date: 2019/01/01 14:46:50 401

nZ_¥¶‹…  
[2019/01/01 14:46:50 363] transport  1493 a_complete_httpmessage  200  
[2019/01/01 14:46:50 363] transport  1603 is_update  true  
[2019/01/01 14:46:50 363] isr_1conn  399  [trans] [isr_1conncisr1P1HHBHT0if-05pO5aakhM0yJwdv5Ca7] readable  
[2019/01/01 14:46:50 363] isr_1conn  403  size =   183  
[2019/01/01 14:46:50 363] isr_1conn  412  send_ok_num, timer_num, send_average =   12993  10  1299  
[2019/01/01 14:46:50 363] isr_1conn  415  netperf =   90  
[2019/01/01 14:46:50 363] isr_1conn  419  start netperf_grs_timer  
[2019/01/01 14:46:50 363] isr_1conn  435  response  
[2019/01/01 14:46:50 363] isr_1conn  483  resp_syncid =  2  
[2019/01/01 14:46:50 363] isr_1conn  655  2  5  2  
[2019/01/01 14:46:50 363] isr_1conn  662  [session] got last result  
[2019/01/01 14:46:50 363] isr_1conn  667  time from last audio to last result:  130  .  
[2019/01/01 14:46:50 363] isr_1conn  668  time from session-begin to session-end:  4499  .  
[2019/01/01 14:46:50 364] network    90   ipfromenv ,  ipcache  open.xf-yun.com  def  59.107.24.11  
[2019/01/01 14:46:50 364] transport  981  cached ip is confirmed  
[2019/01/01 14:46:50 364] transport  1331 [soc] disconnect   
[2019/01/01 14:46:50 364] transport  991  transport clean  
[2019/01/01 14:46:50 364] isr_1conn  677  [session] got 2th result  
[2019/01/01 14:46:50 493] isr_1conn  2052 ASR_CLOUD_MSG_SSE  
