[2018/12/26 17:57:55 019] isr_1conn  483  resp_syncid =  2  
[2018/12/26 17:57:55 019] isr_1conn  580  2  5  5  3  
[2018/12/26 17:57:55 019] isr_1conn  594  [session] got last result  
[2018/12/26 17:57:55 019] isr_1conn  599  time from last audio to last result:  121  .  
[2018/12/26 17:57:55 019] isr_1conn  600  time from session-begin to session-end:  4503  .  
[2018/12/26 17:57:55 019] network    90   ipfromenv ,  ipcache  open.xf-yun.com  def  59.107.24.11  
[2018/12/26 17:57:55 019] transport  981  cached ip is confirmed  
[2018/12/26 17:57:55 019] transport  1331 [soc] disconnect   
[2018/12/26 17:57:55 019] transport  991  transport clean  
[2018/12/26 17:57:55 019] isr_1conn  609  [session] got 2th result  
[2018/12/26 17:57:55 057] isr_1conn  1843 ASR_CLOUD_MSG_AUW  3200  2  
[2018/12/26 17:57:55 103] isr_1conn  282  netperf =   100  
[2018/12/26 17:57:55 503] isr_1conn  289  send_ok_num, timer_num, send_average =   12810  10  1281  
[2018/12/26 17:57:55 504] isr_1conn  292  netperf =   90  
[2018/12/26 17:57:55 904] isr_1conn  289  send_ok_num, timer_num, send_average =   12810  11  1164  
[2018/12/26 17:57:55 904] isr_1conn  292  netperf =   90  
[2018/12/26 17:57:56 304] isr_1conn  289  send_ok_num, timer_num, send_average =   12810  12  1067  
[2018/12/26 17:57:56 304] isr_1conn  292  netperf =   90  
[2018/12/26 17:57:56 704] isr_1conn  289  send_ok_num, timer_num, send_average =   12810  13  985  
[2018/12/26 17:57:56 704] isr_1conn  292  netperf =   70  
[2018/12/26 17:57:57 105] isr_1conn  289  send_ok_num, timer_num, send_average =   12810  14  915  
[2018/12/26 17:57:57 105] isr_1conn  292  netperf =   70  
[2018/12/26 17:57:57 505] isr_1conn  289  send_ok_num, timer_num, send_average =   12810  15  854  
[2018/12/26 17:57:57 505] isr_1conn  292  netperf =   70  
[2018/12/26 17:57:57 905] isr_1conn  289  send_ok_num, timer_num, send_average =   12810  16  800  
[2018/12/26 17:57:57 906] isr_1conn  292  netperf =   70  
[2018/12/26 17:57:57 906] isr_1conn  1843 ASR_CLOUD_MSG_AUW  2560  4  
[2018/12/26 17:57:58 009] isr_1conn  2052 ASR_CLOUD_MSG_SSE  
