[2018/12/26 19:28:24 450] isr_1conn  399  [trans] [isr_1conncisr1P1HHBHTl9yMHAa-QaaWEwCJz0HLwHk] readable  
[2018/12/26 19:28:24 451] isr_1conn  403  size =   366  
[2018/12/26 19:28:24 451] isr_1conn  435  response  
[2018/12/26 19:28:24 451] isr_1conn  483  resp_syncid =  2  
[2018/12/26 19:28:24 451] isr_1conn  580  2  5  5  3  
[2018/12/26 19:28:24 451] isr_1conn  594  [session] got last result  
[2018/12/26 19:28:24 451] isr_1conn  599  time from last audio to last result:  81  .  
[2018/12/26 19:28:24 451] isr_1conn  600  time from session-begin to session-end:  4439  .  
[2018/12/26 19:28:24 451] network    90   ipfromenv ,  ipcache  open.xf-yun.com  def  59.107.24.13  
[2018/12/26 19:28:24 451] transport  981  cached ip is confirmed  
[2018/12/26 19:28:24 451] transport  1331 [soc] disconnect   
[2018/12/26 19:28:24 452] transport  991  transport clean  
[2018/12/26 19:28:24 452] isr_1conn  609  [session] got 2th result  
[2018/12/26 19:28:24 529] isr_1conn  1843 ASR_CLOUD_MSG_AUW  3200  2  
[2018/12/26 19:28:24 569] isr_1conn  282  netperf =   100  
[2018/12/26 19:28:24 969] isr_1conn  289  send_ok_num, timer_num, send_average =   12810  10  1281  
[2018/12/26 19:28:24 969] isr_1conn  292  netperf =   90  
[2018/12/26 19:28:25 369] isr_1conn  289  send_ok_num, timer_num, send_average =   12810  11  1164  
[2018/12/26 19:28:25 369] isr_1conn  292  netperf =   90  
[2018/12/26 19:28:25 769] isr_1conn  289  send_ok_num, timer_num, send_average =   12810  12  1067  
[2018/12/26 19:28:25 770] isr_1conn  292  netperf =   90  
[2018/12/26 19:28:26 170] isr_1conn  289  send_ok_num, timer_num, send_average =   12810  13  985  
[2018/12/26 19:28:26 170] isr_1conn  292  netperf =   70  
[2018/12/26 19:28:26 447] isr_1conn  1843 ASR_CLOUD_MSG_AUW  2560  4  
[2018/12/26 19:28:26 549] isr_1conn  2052 ASR_CLOUD_MSG_SSE  
