[2018/12/26 18:58:01 648] isr_1conn  403  size =   366  
[2018/12/26 18:58:01 648] isr_1conn  435  response  
[2018/12/26 18:58:01 648] isr_1conn  483  resp_syncid =  0  
[2018/12/26 18:58:01 648] isr_1conn  655  0  0  2  
[2018/12/26 18:58:01 649] transport  482  [soc] [1] send ok  261  
[2018/12/26 18:58:01 649] transport  1797 transport_obj.try2send | in  
[2018/12/26 18:58:01 649] transport  1798 self.soc  udata(54068488) 
[2018/12/26 18:58:01 649] transport  1799 self.connected  true  
[2018/12/26 18:58:01 649] transport  1800 self.latesterr  0  
[2018/12/26 18:58:01 649] transport  1817 transport:try2send,#msg_q=  0  
[2018/12/26 18:58:01 769] transport  494  [soc] [1] readable  
[2018/12/26 18:58:01 769] transport  1765 HTTP/1.1 200 OK
Content-Length: 1
X-Req-Date: 2018/12/26 18:58:01 677
X-Par: ver=MSSP+0%2E9&ret=0&cver=5%2E0%2E41%2E1218&eps=1&rcs=2&key=0fpSRjzZncxHzzejVprqyP1KLWghgpHljSp/HWX/f25NA^HBywnTxKrfO9p^DLbQ5u9kc936imnSD3zX9fmdenvxmhs5T9hkCh981/X5nXp78=
CT: text/plain
CL: 1
Content-Length: 1
X-Res-Date: 2018/12/26 18:58:01 679

0HTTP/1.1 200 OK
Content-Length: 8
X-Req-Date: 2018/12/26 18:58:01 679
X-Par: ver=MSSP+0%2E9&ret=0&cver=5%2E0%2E41%2E1218&rss=5&eps=3&rcs=2&key=0fpSRjzZncxHzzejVprqyP1KLWghgpHljSp/HWX/f25NA^HBywnTxKrfO9p^DLbQ5u9kc936imnSD3zX9fmdenv4ONsu/TuvMh981/X5nXp78=
CE: encrypt/0.2
CT: binary/recresult;charset=utf8
CL: 8
Content-Length: 8
X-Res-Date: 2018/12/26 18:58:01 684

KvéaPt  
[2018/12/26 18:58:01 769] transport  1493 a_complete_httpmessage  200  
[2018/12/26 18:58:01 769] transport  1603 is_update  true  
[2018/12/26 18:58:01 769] isr_1conn  399  [trans] [isr_1conncisr1P1HHBHTlUzUHe1ySaaBfhaI65Cxwfu7] readable  
[2018/12/26 18:58:01 769] isr_1conn  403  size =   244  
[2018/12/26 18:58:01 769] isr_1conn  435  response  
[2018/12/26 18:58:01 769] isr_1conn  483  resp_syncid =  0  
[2018/12/26 18:58:01 769] isr_1conn  655  0  0  2  
[2018/12/26 18:58:01 769] transport  1493 a_complete_httpmessage  200  
[2018/12/26 18:58:01 769] transport  1603 is_update  true  
[2018/12/26 18:58:01 769] isr_1conn  399  [trans] [isr_1conncisr1P1HHBHTlUzUHe1ySaaBfhaI65Cxwfu7] readable  
[2018/12/26 18:58:01 769] isr_1conn  403  size =   122  
[2018/12/26 18:58:01 769] isr_1conn  412  send_ok_num, timer_num, send_average =   12566  10  1256  
[2018/12/26 18:58:01 769] isr_1conn  415  netperf =   90  
[2018/12/26 18:58:01 770] isr_1conn  419  start netperf_grs_timer  
[2018/12/26 18:58:01 770] isr_1conn  435  response  
[2018/12/26 18:58:01 770] isr_1conn  483  resp_syncid =  2  
[2018/12/26 18:58:01 770] isr_1conn  655  2  5  2  
[2018/12/26 18:58:01 770] isr_1conn  662  [session] got last result  
[2018/12/26 18:58:01 770] isr_1conn  667  time from last audio to last result:  149  .  
[2018/12/26 18:58:01 770] isr_1conn  668  time from session-begin to session-end:  4338  .  
[2018/12/26 18:58:01 771] network    90   ipfromenv ,  ipcache  open.xf-yun.com  def  59.107.24.13  
[2018/12/26 18:58:01 771] transport  981  cached ip is confirmed  
[2018/12/26 18:58:01 771] transport  1331 [soc] disconnect   
[2018/12/26 18:58:01 771] transport  991  transport clean  
[2018/12/26 18:58:01 771] isr_1conn  677  [session] got 2th result  
[2018/12/26 18:58:02 170] isr_1conn  273  netperf_grs =   80  
[2018/12/26 18:58:02 570] isr_1conn  273  netperf_grs =   70  
[2018/12/26 18:58:02 971] isr_1conn  273  netperf_grs =   60  
[2018/12/26 18:58:03 263] isr_1conn  2052 ASR_CLOUD_MSG_SSE  
