[2018/12/26 19:04:40 319] transport  1475 POST /msp.do HTTP/1.1
X-Sub: iat
X-Par: ver=MSSP+0%2E9&sub=iat&cmd=grs&cver=5%2E0%2E41%2E1218&key=0fRBt5Lvf3HETjlSoC5UIHk0566P0BtNprL2ObahmTKAQ^HBywnTxKrfO9p^DLbQ5u9kc936imnSD3zX9fmdenv1k535HHNpvp981/X5nXp78=
Host: open.xf-yun.com
CT: text/plain
CL: 1

0  
[2018/12/26 19:04:40 319] transport  1817 transport:try2send,#msg_q=  0  
[2018/12/26 19:04:40 319] transport  1871 transport_obj.send | out  
[2018/12/26 19:04:40 319] transport  482  [soc] [1] send ok  616  
[2018/12/26 19:04:40 319] transport  1797 transport_obj.try2send | in  
[2018/12/26 19:04:40 319] transport  1798 self.soc  udata(4c068478) 
[2018/12/26 19:04:40 319] transport  1799 self.connected  true  
[2018/12/26 19:04:40 319] transport  1800 self.latesterr  0  
[2018/12/26 19:04:40 319] transport  1817 transport:try2send,#msg_q=  0  
[2018/12/26 19:04:40 319] transport  482  [soc] [1] send ok  261  
[2018/12/26 19:04:40 320] transport  1797 transport_obj.try2send | in  
[2018/12/26 19:04:40 320] transport  1798 self.soc  udata(4c068478) 
[2018/12/26 19:04:40 320] transport  1799 self.connected  true  
[2018/12/26 19:04:40 320] transport  1800 self.latesterr  0  
[2018/12/26 19:04:40 320] transport  1817 transport:try2send,#msg_q=  0  
[2018/12/26 19:04:40 402] transport  494  [soc] [1] readable  
[2018/12/26 19:04:40 402] transport  1765 HTTP/1.1 200 OK
Content-Length: 8
X-Req-Date: 2018/12/26 19:04:40 456
X-Par: ver=MSSP+0%2E9&ret=0&cver=5%2E0%2E41%2E1218&rss=5&eps=3&rcs=2&key=0fRBt5Lvf3HETjlSoC5UIHk0566P0BtNprL2ObahmTKAQ^HBywnTxKrfO9p^DLbQ5u9kc936imnSD3zX9fmdenv4ONsu/TuvMh981/X5nXp78=
CE: encrypt/0.2
CT: binary/recresult;charset=utf8
CL: 8
Content-Length: 8
X-Res-Date: 2018/12/26 19:04:40 472

glè^.’  
[2018/12/26 19:04:40 402] transport  1493 a_complete_httpmessage  200  
[2018/12/26 19:04:40 402] transport  1603 is_update  true  
[2018/12/26 19:04:40 402] isr_1conn  399  [trans] [isr_1conncisr1P1HHBHTl9HwHXsFmaa1rX5J5mZVdxO] readable  
[2018/12/26 19:04:40 402] isr_1conn  403  size =   305  
[2018/12/26 19:04:40 402] isr_1conn  412  send_ok_num, timer_num, send_average =   12749  10  1274  
[2018/12/26 19:04:40 402] isr_1conn  415  netperf =   90  
[2018/12/26 19:04:40 403] isr_1conn  419  start netperf_grs_timer  
[2018/12/26 19:04:40 403] isr_1conn  435  response  
[2018/12/26 19:04:40 403] isr_1conn  483  resp_syncid =  2  
[2018/12/26 19:04:40 403] isr_1conn  580  2  5  2  3  
[2018/12/26 19:04:40 403] isr_1conn  1247 send rslt request  
[2018/12/26 19:04:40 403] isr_1conn  594  [session] got last result  
[2018/12/26 19:04:40 403] isr_1conn  599  time from last audio to last result:  84  .  
[2018/12/26 19:04:40 403] isr_1conn  600  time from session-begin to session-end:  4449  .  
[2018/12/26 19:04:40 403] network    90   ipfromenv ,  ipcache  open.xf-yun.com  def  59.107.24.13  
[2018/12/26 19:04:40 404] transport  981  cached ip is confirmed  
[2018/12/26 19:04:40 404] transport  1331 [soc] disconnect   
[2018/12/26 19:04:40 404] transport  991  transport clean  
[2018/12/26 19:04:40 404] isr_1conn  609  [session] got 2th result  
[2018/12/26 19:04:40 803] isr_1conn  273  netperf_grs =   80  
[2018/12/26 19:04:41 203] isr_1conn  273  netperf_grs =   70  
[2018/12/26 19:04:41 603] isr_1conn  273  netperf_grs =   60  
[2018/12/26 19:04:42 004] isr_1conn  273  netperf_grs =   50  
[2018/12/26 19:04:42 214] isr_1conn  2052 ASR_CLOUD_MSG_SSE  
