[2019/01/01 15:01:44 630] transport  1871 transport_obj.send | out  
[2019/01/01 15:01:44 630] transport  1493 a_complete_httpmessage  200  
[2019/01/01 15:01:44 630] transport  1603 is_update  true  
[2019/01/01 15:01:44 630] isr_1conn  399  [trans] [isr_1conncisr1P1HHBHT03Hr0nFheaaPWQd2v1uz0MW7] readable  
[2019/01/01 15:01:44 630] isr_1conn  403  size =   366  
[2019/01/01 15:01:44 630] isr_1conn  435  response  
[2019/01/01 15:01:44 630] isr_1conn  483  resp_syncid =  0  
[2019/01/01 15:01:44 630] isr_1conn  655  0  0  2  
[2019/01/01 15:01:44 630] transport  1493 a_complete_httpmessage  200  
[2019/01/01 15:01:44 630] transport  1603 is_update  true  
[2019/01/01 15:01:44 630] isr_1conn  399  [trans] [isr_1conncisr1P1HHBHT03Hr0nFheaaPWQd2v1uz0MW7] readable  
[2019/01/01 15:01:44 630] isr_1conn  403  size =   244  
[2019/01/01 15:01:44 630] isr_1conn  435  response  
[2019/01/01 15:01:44 630] isr_1conn  483  resp_syncid =  0  
[2019/01/01 15:01:44 630] isr_1conn  655  0  0  2  
[2019/01/01 15:01:44 630] transport  1765 nt-Length: 8
X-Req-Date: 2019/01/01 15:01:44 664
X-Par: ver=MSSP+0%2E9&ret=0&cver=5%2E0%2E41%2E1218&rss=5&eps=3&rcs=2&key=0fsJFJoTSzT359hIVYh85Bsl3t9K40tibpdIwTQYeip0I^HBywnTxKrfO9p^DLbQ5u9kc936imnSD3zX9fmdenv4ONsu/TuvMh981/X5nXp78=
CE: encrypt/0.2
CT: binary/recresult;charset=utf8
CL: 8
Content-Length: 8
X-Res-Date: 2019/01/01 15:01:44 673

åõ‹œ¡HTTP/1.1 200 OK
Content-Length: 1
X-Req-Date: 2019/01/01 15:01:44 673
X-Par: ver=MSSP+0%2E9&ret=0&cver=5%2E0%2E41%2E1218&rss=2&key=0fsJFJoTSzT359hIVYh85Bsl3t9K40tibpdIwTQYeip0I^HBywnTxKrfO9p^DLbQ5u9kc936imnSD3zX9fmdenvxmhs5T9hkCh981/X5nXp78=
CT: text/plain
CL: 1
Content-Length: 1
X-Res-Date: 2019/01/01 15:01:44 676

0  
[2019/01/01 15:01:44 630] transport  1493 a_complete_httpmessage  200  
[2019/01/01 15:01:44 630] transport  1603 is_update  true  
[2019/01/01 15:01:44 630] isr_1conn  399  [trans] [isr_1conncisr1P1HHBHT03Hr0nFheaaPWQd2v1uz0MW7] readable  
[2019/01/01 15:01:44 630] isr_1conn  403  size =   61  
[2019/01/01 15:01:44 630] isr_1conn  412  send_ok_num, timer_num, send_average =   12505  10  1250  
[2019/01/01 15:01:44 630] isr_1conn  415  netperf =   90  
[2019/01/01 15:01:44 630] isr_1conn  419  start netperf_grs_timer  
[2019/01/01 15:01:44 630] isr_1conn  435  response  
[2019/01/01 15:01:44 631] isr_1conn  483  resp_syncid =  2  
[2019/01/01 15:01:44 631] isr_1conn  655  2  5  2  
[2019/01/01 15:01:44 631] isr_1conn  662  [session] got last result  
[2019/01/01 15:01:44 631] isr_1conn  667  time from last audio to last result:  223  .  
[2019/01/01 15:01:44 631] isr_1conn  668  time from session-begin to session-end:  4420  .  
[2019/01/01 15:01:44 631] network    90   ipfromenv ,  ipcache  open.xf-yun.com  def  58.67.223.138  
[2019/01/01 15:01:44 631] transport  981  cached ip is confirmed  
[2019/01/01 15:01:44 631] transport  1331 [soc] disconnect   
[2019/01/01 15:01:44 631] transport  991  transport clean  
[2019/01/01 15:01:44 631] isr_1conn  677  [session] got 2th result  
[2019/01/01 15:01:44 770] isr_1conn  2052 ASR_CLOUD_MSG_SSE  
