[2019/01/12 16:35:29 618] transport  1817 transport:try2send,#msg_q=  0  
[2019/01/12 16:35:29 618] transport  1871 transport_obj.send | out  
[2019/01/12 16:35:29 618] transport  482  [soc] [1] send ok  680  
[2019/01/12 16:35:29 618] transport  1797 transport_obj.try2send | in  
[2019/01/12 16:35:29 618] transport  1798 self.soc  udata(24068488) 
[2019/01/12 16:35:29 618] transport  1799 self.connected  true  
[2019/01/12 16:35:29 618] transport  1800 self.latesterr  0  
[2019/01/12 16:35:29 618] transport  1817 transport:try2send,#msg_q=  0  
[2019/01/12 16:35:29 619] isr_1conn  1201 [session] send 44th audio  
[2019/01/12 16:35:29 619] isr_1conn  1203 totalsz =   244  
[2019/01/12 16:35:29 619] transport  1858 transport_obj.send | in  
[2019/01/12 16:35:29 619] transport  1864 self.msg_flag_q  table(24039ae0) 
[2019/01/12 16:35:29 619] transport  1865 self.msg_q  table(24039a90) 
[2019/01/12 16:35:29 619] transport  1797 transport_obj.try2send | in  
[2019/01/12 16:35:29 619] transport  1798 self.soc  udata(24068488) 
[2019/01/12 16:35:29 619] transport  1799 self.connected  true  
[2019/01/12 16:35:29 619] transport  1800 self.latesterr  0  
[2019/01/12 16:35:29 619] transport  1817 transport:try2send,#msg_q=  1  
[2019/01/12 16:35:29 619] transport  1358 build http request.  
[2019/01/12 16:35:29 619] transport  1475 POST /msp.do HTTP/1.1
X-Sub: iat
X-Par: ver=MSSP+0%2E9&sub=iat&cmd=auw&aus=2&cver=5%2E0%2E41%2E1218&key=0fyCsgJfBZz^tZZ75Dhvd^qrUlQS/qMjxiXol6UbcSosM^HBywnTxKrfO9p^DLbQ5u9kc936imnSD3zX9fmdenv80rApOWQqCx981/X5nXp78=
Host: open.xf-yun.com
CT: audio/L16;rate=16000
CE: speex-wb,encrypt/0.2
CL: 256

©óm,≥@±aa#,]ÌsFê…l}%÷ÎVaô´ m!‡´î¬	≥öhtœ  
[2019/01/12 16:35:29 619] transport  1817 transport:try2send,#msg_q=  0  
[2019/01/12 16:35:29 619] transport  1871 transport_obj.send | out  
[2019/01/12 16:35:29 619] transport  482  [soc] [1] send ok  560  
[2019/01/12 16:35:29 620] transport  1797 transport_obj.try2send | in  
[2019/01/12 16:35:29 620] transport  1798 self.soc  udata(24068488) 
[2019/01/12 16:35:29 620] transport  1799 self.connected  true  
[2019/01/12 16:35:29 620] transport  1800 self.latesterr  0  
[2019/01/12 16:35:29 620] transport  1817 transport:try2send,#msg_q=  0  
[2019/01/12 16:35:29 659] transport  494  [soc] [1] readable  
[2019/01/12 16:35:29 659] transport  1765 HTTP/1.1 200 OK
Content-Length: 8
X-Req-Date: 2019/01/12 16:35:29 931
X-Par: ver=MSSP+0%2E9&ret=0&cver=5%2E0%2E41%2E1218&rss=5&eps=3&rcs=5&key=0fyCsgJfBZz^tZZ75Dhvd^qrUlQS/qMjxiXol6UbcSosM^HBywnTxKrfO9p^DLbQ5u9kc936imnSD3zX9fmdenv4ONsu/TuvMh981/X5nXp78=
CE: encrypt/0.2
CT: binary/recresult;charset=utf8
CL: 8
Content-Length: 8
X-Res-Date: 2019/01/12 16:35:29 934

LªÖ„Æõv  
[2019/01/12 16:35:29 659] transport  1493 a_complete_httpmessage  200  
[2019/01/12 16:35:29 659] transport  1603 is_update  true  
[2019/01/12 16:35:29 659] isr_1conn  399  [trans] [isr_1conncisr1P1HHBHTkXcuHYsX-aaBkX0PU1Q8Bsp7] readable  
[2019/01/12 16:35:29 659] isr_1conn  403  size =   366  
[2019/01/12 16:35:29 659] isr_1conn  435  response  
[2019/01/12 16:35:29 659] isr_1conn  483  resp_syncid =  2  
[2019/01/12 16:35:29 659] isr_1conn  580  2  5  5  3  
[2019/01/12 16:35:29 659] isr_1conn  594  [session] got last result  
[2019/01/12 16:35:29 659] isr_1conn  599  time from last audio to last result:  40  .  
[2019/01/12 16:35:29 659] isr_1conn  600  time from session-begin to session-end:  4562  .  
[2019/01/12 16:35:29 660] network    90   ipfromenv ,  ipcache  open.xf-yun.com  def  59.107.24.13  
[2019/01/12 16:35:29 660] transport  981  cached ip is confirmed  
[2019/01/12 16:35:29 660] transport  1331 [soc] disconnect   
[2019/01/12 16:35:29 660] transport  991  transport clean  
[2019/01/12 16:35:29 660] isr_1conn  609  [session] got 2th result  
[2019/01/12 16:35:29 660] isr_1conn  282  netperf =   100  
[2019/01/12 16:35:29 778] isr_1conn  1843 ASR_CLOUD_MSG_AUW  3200  2  
[2019/01/12 16:35:29 779] isr_1conn  1843 ASR_CLOUD_MSG_AUW  2880  4  
[2019/01/12 16:35:29 881] isr_1conn  2052 ASR_CLOUD_MSG_SSE  
