[2019/01/01 20:14:44 093] transport  482  [soc] [1] send ok  261  
[2019/01/01 20:14:44 093] transport  1797 transport_obj.try2send | in  
[2019/01/01 20:14:44 093] transport  1798 self.soc  udata(f0068478) 
[2019/01/01 20:14:44 093] transport  1799 self.connected  true  
[2019/01/01 20:14:44 093] transport  1800 self.latesterr  0  
[2019/01/01 20:14:44 093] transport  1817 transport:try2send,#msg_q=  0  
[2019/01/01 20:14:44 145] transport  494  [soc] [1] readable  
[2019/01/01 20:14:44 145] transport  1765 HTTP/1.1 200 OK
Content-Length: 1
X-Req-Date: 2019/01/01 20:14:44 107
X-Par: ver=MSSP+0%2E9&ret=0&cver=5%2E0%2E41%2E1218&eps=1&rcs=2&key=0fX2O4u9MnNo20dQIitXsKAWzBw4YJIySCaPZ6qQu8U/U^HBywnTxKrfO9p^DLbQ5u9kc936imnSD3zX9fmdenvxmhs5T9hkCh981/X5nXp78=
CT: text/plain
CL: 1
Content-Length: 1
X-Res-Date: 2019/01/01 20:14:44 110

0  
[2019/01/01 20:14:44 145] transport  1493 a_complete_httpmessage  200  
[2019/01/01 20:14:44 145] transport  1603 is_update  true  
[2019/01/01 20:14:44 146] isr_1conn  399  [trans] [isr_1conncisr1P1HHBHT0UsQCXrfMaauGYw6+1wKCVu7] readable  
[2019/01/01 20:14:44 146] isr_1conn  403  size =   366  
[2019/01/01 20:14:44 146] isr_1conn  435  response  
[2019/01/01 20:14:44 146] isr_1conn  483  resp_syncid =  0  
[2019/01/01 20:14:44 146] isr_1conn  580  0  0  2  1  
[2019/01/01 20:14:44 146] isr_1conn  1247 send rslt request  
[2019/01/01 20:14:44 146] transport  1858 transport_obj.send | in  
[2019/01/01 20:14:44 146] transport  1864 self.msg_flag_q  table(f0039aa0) 
[2019/01/01 20:14:44 146] transport  1865 self.msg_q  table(f0039a50) 
[2019/01/01 20:14:44 146] transport  1797 transport_obj.try2send | in  
[2019/01/01 20:14:44 146] transport  1798 self.soc  udata(f0068478) 
[2019/01/01 20:14:44 146] transport  1799 self.connected  true  
[2019/01/01 20:14:44 146] transport  1800 self.latesterr  0  
[2019/01/01 20:14:44 146] transport  1817 transport:try2send,#msg_q=  1  
[2019/01/01 20:14:44 146] transport  1358 build http request.  
[2019/01/01 20:14:44 146] transport  1475 POST /msp.do HTTP/1.1
X-Sub: iat
X-Par: ver=MSSP+0%2E9&sub=iat&cmd=grs&cver=5%2E0%2E41%2E1218&key=0fX2O4u9MnNo20dQIitXsKAWzBw4YJIySCaPZ6qQu8U/U^HBywnTxKrfO9p^DLbQ5u9kc936imnSD3zX9fmdenvyqFeYiMJke8981/X5nXp78=
Host: open.xf-yun.com
CT: text/plain
CL: 1

0  
[2019/01/01 20:14:44 146] transport  1817 transport:try2send,#msg_q=  0  
[2019/01/01 20:14:44 146] transport  1871 transport_obj.send | out  
[2019/01/01 20:14:44 146] transport  482  [soc] [1] send ok  261  
[2019/01/01 20:14:44 146] transport  1797 transport_obj.try2send | in  
[2019/01/01 20:14:44 146] transport  1798 self.soc  udata(f0068478) 
[2019/01/01 20:14:44 146] transport  1799 self.connected  true  
[2019/01/01 20:14:44 146] transport  1800 self.latesterr  0  
[2019/01/01 20:14:44 146] transport  1817 transport:try2send,#msg_q=  0  
[2019/01/01 20:14:44 216] transport  494  [soc] [1] readable  
[2019/01/01 20:14:44 216] transport  1765 HTTP/1.1 200 OK
Content-Length: 8
X-Req-Date: 2019/01/01 20:14:44 169
X-Par: ver=MSSP+0%2E9&ret=0&cver=5%2E0%2E41%2E1218&rss=5&eps=3&rcs=2&key=0fX2O4u9MnNo20dQIitXsKAWzBw4YJIySCaPZ6qQu8U/U^HBywnTxKrfO9p^DLbQ5u9kc936imnSD3zX9fmdenv4ONsu/TuvMh981/X5nXp78=
CE: encrypt/0.2
CT: binary/recresult;charset=utf8
CL: 8
Content-Length: 8
X-Res-Date: 2019/01/01 20:14:44 174

œ˜öZµãxzHTTP/1.1 200 OK
Content-Length: 1
X-Req-Date: 2019/01/01 20:14:44 174
X-Par: ver=MSSP+0%2E9&ret=0&cver=5%2E0%2E41%2E1218&rss=2&key=0fX2O4u9MnNo20dQIitXsKAWzBw4YJIySCaPZ6qQu8U/U^HBywnTxKrfO9p^DLbQ5u9kc936imnSD3zX9fmdenvxmhs5T9hkCh981/X5nXp78=
CT: text/plain
CL: 1
Content-Length: 1
X-Res-Date: 2019/01/01 20:14:44 177

0  
[2019/01/01 20:14:44 216] transport  1493 a_complete_httpmessage  200  
[2019/01/01 20:14:44 216] transport  1603 is_update  true  
[2019/01/01 20:14:44 216] isr_1conn  399  [trans] [isr_1conncisr1P1HHBHT0UsQCXrfMaauGYw6+1wKCVu7] readable  
[2019/01/01 20:14:44 216] isr_1conn  403  size =   122  
[2019/01/01 20:14:44 217] isr_1conn  412  send_ok_num, timer_num, send_average =   12932  10  1293  
[2019/01/01 20:14:44 217] isr_1conn  415  netperf =   90  
[2019/01/01 20:14:44 217] isr_1conn  419  start netperf_grs_timer  
[2019/01/01 20:14:44 217] isr_1conn  435  response  
[2019/01/01 20:14:44 217] isr_1conn  483  resp_syncid =  2  
[2019/01/01 20:14:44 217] isr_1conn  655  2  5  2  
[2019/01/01 20:14:44 217] isr_1conn  662  [session] got last result  
[2019/01/01 20:14:44 217] isr_1conn  667  time from last audio to last result:  125  .  
[2019/01/01 20:14:44 217] isr_1conn  668  time from session-begin to session-end:  4502  .  
[2019/01/01 20:14:44 217] network    90   ipfromenv ,  ipcache  open.xf-yun.com  def  59.107.24.5  
[2019/01/01 20:14:44 217] transport  981  cached ip is confirmed  
[2019/01/01 20:14:44 218] transport  1331 [soc] disconnect   
[2019/01/01 20:14:44 218] transport  991  transport clean  
[2019/01/01 20:14:44 218] isr_1conn  677  [session] got 2th result  
