============================================================
Time  2018/12/22 21:21:58 411 
============================================================
[2018/12/22 21:21:58 411] isr_1conn  2226 SYS_MSG_LOAD_CLOUD  
[2018/12/22 21:21:58 411] isr_1conn  2247 SYS_MSG_REGCB_CLOUD param0 =   msp_status_cb  param1 =  func(5808db30) 
[2018/12/22 21:21:58 412] isr_1conn  2247 SYS_MSG_REGCB_CLOUD param0 =   cloud_rslt_cb  param1 =  func(58090050) 
[2018/12/22 21:21:58 412] isr_1conn  2247 SYS_MSG_REGCB_CLOUD param0 =   cloud_err_cb  param1 =  func(580901a0) 
[2018/12/22 21:21:58 412] isr_1conn  2247 SYS_MSG_REGCB_CLOUD param0 =   cloud_status_cb  param1 =  func(58090280) 
[2018/12/22 21:21:58 412] isr_1conn  1411 onesoc  
[2018/12/22 21:21:58 412] isr_1conn  1412 ASR_CLOUD_MSG_SSB  
[2018/12/22 21:21:58 412] isr_1conn  1427 isr_1conn  cloud_cisr1P1HHBHTtoK9tKPh7adH1hPDU5IsufV7  268436457  1537257004  
[2018/12/22 21:21:58 412] isr_1conn  1497 req_lgi_id =  d12184299310@5bfcc6d7  
[2018/12/22 21:21:58 412] isr_1conn  1631 nil  
[2018/12/22 21:21:58 412] isr_1conn  1697 speex-wb  
[2018/12/22 21:21:58 412] isr_1conn  1785 net_once_bytes  nil  
[2018/12/22 21:21:58 412] isr_1conn  1790 need_encode  true  
[2018/12/22 21:21:58 413] isr_1conn  1792 once bytes  122  
[2018/12/22 21:21:58 413] isr_1conn  1816 User set url is   nil  
[2018/12/22 21:21:58 413] transport  645  paramkvsport is   nil  
[2018/12/22 21:21:58 413] transport  657  ns_enable=  1  
[2018/12/22 21:21:58 413] transport  659  2017-08--24 is_ns_need_close =   nil  
[2018/12/22 21:21:58 413] transport  665  net.nettype=  unknown  
[2018/12/22 21:21:58 413] transport  675  url.full=  nil  
[2018/12/22 21:21:58 413] transport  676  urltmp=  nil  
[2018/12/22 21:21:58 413] transport  680  server_url_host=, server_url_port=, server_url_path=  open.xf-yun.com  nil  /msp.do  
[2018/12/22 21:21:58 413] transport  708  url.full=  nil  
[2018/12/22 21:21:58 413] transport  907  net type:  unknown  
[2018/12/22 21:21:58 413] transport  908  net operator:  def  
[2018/12/22 21:21:58 413] transport  909  use proxy:  false  
[2018/12/22 21:21:58 414] transport  1107 session.domain=  open.xf-yun.com  
[2018/12/22 21:21:58 414] transport  1108 url.host=  open.xf-yun.com  
[2018/12/22 21:21:58 414] transport  1147 using nameserver ip:  42.62.116.34  
[2018/12/22 21:21:58 414] transport  1178 try preferred port:  1028  
[2018/12/22 21:21:58 414] transport  1303 [soc] connect   42.62.116.34  1028  
[2018/12/22 21:21:58 414] transport  1315 mspsoc.open,prot_type=  tcp  
[2018/12/22 21:21:58 414] isr_1conn  2052 ASR_CLOUD_MSG_SSE  
[2018/12/22 21:21:58 416] isr_1conn  1276 isr_1conn session info  
[2018/12/22 21:21:58 417] isr_1conn  2195 session finished! ret =   10131  
