[2018/12/26 19:29:35 025] transport  1817 transport:try2send,#msg_q=  0  
[2018/12/26 19:29:35 025] transport  1871 transport_obj.send | out  
[2018/12/26 19:29:35 025] transport  482  [soc] [1] send ok  560  
[2018/12/26 19:29:35 025] transport  1797 transport_obj.try2send | in  
[2018/12/26 19:29:35 025] transport  1798 self.soc  udata(8068488) 
[2018/12/26 19:29:35 025] transport  1799 self.connected  true  
[2018/12/26 19:29:35 025] transport  1800 self.latesterr  0  
[2018/12/26 19:29:35 026] transport  1817 transport:try2send,#msg_q=  0  
[2018/12/26 19:29:35 095] transport  494  [soc] [1] readable  
[2018/12/26 19:29:35 095] transport  1765 HTTP/1.1 200 OK
Content-Length: 8
X-Req-Date: 2018/12/26 19:29:35 77
X-Par: ver=MSSP+0%2E9&ret=0&cver=5%2E0%2E41%2E1218&rss=5&eps=3&rcs=5&key=0fi^dz3TV6GsKZWP/By9CLsuivALPRmcF3KzD1sOz53oI^HBywnTxKrfO9p^DLbQ5u9kc936imnSD3zX9fmdenv4ONsu/TuvMh981/X5nXp78=
CE: encrypt/0.2
CT: binary/recresult;charset=utf8
CL: 8
Content-Length: 8
X-Res-Date: 2018/12/26 19:29:35 79

ºÆ{þc¶½  
[2018/12/26 19:29:35 095] transport  1493 a_complete_httpmessage  200  
[2018/12/26 19:29:35 095] transport  1603 is_update  true  
[2018/12/26 19:29:35 095] isr_1conn  399  [trans] [isr_1conncisr1P1HHBHTl9NXHAMIiaaCHpax2mU1lG2] readable  
[2018/12/26 19:29:35 095] isr_1conn  403  size =   366  
[2018/12/26 19:29:35 095] isr_1conn  435  response  
[2018/12/26 19:29:35 095] isr_1conn  483  resp_syncid =  2  
[2018/12/26 19:29:35 095] isr_1conn  580  2  5  5  3  
[2018/12/26 19:29:35 095] isr_1conn  594  [session] got last result  
[2018/12/26 19:29:35 095] isr_1conn  599  time from last audio to last result:  70  .  
[2018/12/26 19:29:35 095] isr_1conn  600  time from session-begin to session-end:  4438  .  
[2018/12/26 19:29:35 096] network    90   ipfromenv ,  ipcache  open.xf-yun.com  def  59.107.24.5  
[2018/12/26 19:29:35 096] transport  981  cached ip is confirmed  
[2018/12/26 19:29:35 096] transport  1331 [soc] disconnect   
[2018/12/26 19:29:35 096] transport  991  transport clean  
[2018/12/26 19:29:35 096] isr_1conn  609  [session] got 2th result  
[2018/12/26 19:29:35 187] isr_1conn  1843 ASR_CLOUD_MSG_AUW  3200  2  
[2018/12/26 19:29:35 228] isr_1conn  282  netperf =   100  
[2018/12/26 19:29:35 628] isr_1conn  289  send_ok_num, timer_num, send_average =   12810  10  1281  
[2018/12/26 19:29:35 628] isr_1conn  292  netperf =   90  
[2018/12/26 19:29:36 029] isr_1conn  289  send_ok_num, timer_num, send_average =   12810  11  1164  
[2018/12/26 19:29:36 029] isr_1conn  292  netperf =   90  
[2018/12/26 19:29:36 429] isr_1conn  289  send_ok_num, timer_num, send_average =   12810  12  1067  
[2018/12/26 19:29:36 429] isr_1conn  292  netperf =   90  
[2018/12/26 19:29:36 830] isr_1conn  289  send_ok_num, timer_num, send_average =   12810  13  985  
[2018/12/26 19:29:36 830] isr_1conn  292  netperf =   70  
[2018/12/26 19:29:37 230] isr_1conn  289  send_ok_num, timer_num, send_average =   12810  14  915  
[2018/12/26 19:29:37 230] isr_1conn  292  netperf =   70  
[2018/12/26 19:29:37 630] isr_1conn  289  send_ok_num, timer_num, send_average =   12810  15  854  
[2018/12/26 19:29:37 631] isr_1conn  292  netperf =   70  
[2018/12/26 19:29:37 735] isr_1conn  1843 ASR_CLOUD_MSG_AUW  2880  4  
[2018/12/26 19:29:37 837] isr_1conn  2052 ASR_CLOUD_MSG_SSE  
