[2019/01/12 16:56:57 386] transport  1817 transport:try2send,#msg_q=  0  
[2019/01/12 16:56:57 386] transport  1871 transport_obj.send | out  
[2019/01/12 16:56:57 386] transport  482  [soc] [1] send ok  680  
[2019/01/12 16:56:57 387] transport  1797 transport_obj.try2send | in  
[2019/01/12 16:56:57 387] transport  1798 self.soc  udata(4068478) 
[2019/01/12 16:56:57 387] transport  1799 self.connected  true  
[2019/01/12 16:56:57 387] transport  1800 self.latesterr  0  
[2019/01/12 16:56:57 387] transport  1817 transport:try2send,#msg_q=  0  
[2019/01/12 16:56:57 426] isr_1conn  289  send_ok_num, timer_num, send_average =   12444  11  1131  
[2019/01/12 16:56:57 426] isr_1conn  292  netperf =   90  
[2019/01/12 16:56:57 458] transport  494  [soc] [1] readable  
[2019/01/12 16:56:57 459] transport  1765 HTTP/1.1 200 OK
Content-Length: 1
X-Req-Date: 2019/01/12 16:56:57 293
X-Par: ver=MSSP+0%2E9&ret=0&cver=5%2E0%2E41%2E1218&rss=5&eps=3&rcs=5&key=0fmr^yUylImBYzTwuWnQWptJ879f3mY0K7^L9J7RUqNIw^HBywnTxKrfO9p^DLbQ5u9kc936imnSD3zX9fmdenv4ONsu/TuvMh981/X5nXp78=
CT: text/plain
CL: 1
Content-Length: 1
X-Res-Date: 2019/01/12 16:56:57 302

0  
[2019/01/12 16:56:57 459] transport  1493 a_complete_httpmessage  200  
[2019/01/12 16:56:57 459] transport  1603 is_update  true  
[2019/01/12 16:56:57 459] isr_1conn  399  [trans] [isr_1conncisr1P1HHBHTkXQrHVAffaa5gCd6+utqWqF7] readable  
[2019/01/12 16:56:57 459] isr_1conn  403  size =   366  
[2019/01/12 16:56:57 459] isr_1conn  435  response  
[2019/01/12 16:56:57 459] isr_1conn  483  resp_syncid =  2  
[2019/01/12 16:56:57 459] isr_1conn  580  2  5  5  3  
[2019/01/12 16:56:57 459] isr_1conn  594  [session] got last result  
[2019/01/12 16:56:57 459] isr_1conn  599  time from last audio to last result:  72  .  
[2019/01/12 16:56:57 459] isr_1conn  600  time from session-begin to session-end:  4600  .  
[2019/01/12 16:56:57 460] network    90   ipfromenv ,  ipcache  open.xf-yun.com  def  59.107.24.13  
[2019/01/12 16:56:57 460] transport  981  cached ip is confirmed  
[2019/01/12 16:56:57 460] transport  1331 [soc] disconnect   
[2019/01/12 16:56:57 460] transport  991  transport clean  
[2019/01/12 16:56:57 547] isr_1conn  1843 ASR_CLOUD_MSG_AUW  3200  2  
[2019/01/12 16:56:57 648] isr_1conn  2052 ASR_CLOUD_MSG_SSE  
[2019/01/12 16:56:57 649] isr_1conn  1276 isr_1conn session info  
[2019/01/12 16:56:57 651] isr_1conn  2195 session finished! ret =   0  
