[2019/01/01 15:01:07 979] transport  1817 transport:try2send,#msg_q=  0  
[2019/01/01 15:01:07 979] transport  1871 transport_obj.send | out  
[2019/01/01 15:01:07 979] transport  482  [soc] [1] send ok  680  
[2019/01/01 15:01:07 979] transport  1797 transport_obj.try2send | in  
[2019/01/01 15:01:07 979] transport  1798 self.soc  udata(4068488) 
[2019/01/01 15:01:07 979] transport  1799 self.connected  true  
[2019/01/01 15:01:07 980] transport  1800 self.latesterr  0  
[2019/01/01 15:01:07 980] transport  1817 transport:try2send,#msg_q=  0  
[2019/01/01 15:01:07 980] transport  482  [soc] [1] send ok  261  
[2019/01/01 15:01:07 980] transport  1797 transport_obj.try2send | in  
[2019/01/01 15:01:07 980] transport  1798 self.soc  udata(4068488) 
[2019/01/01 15:01:07 980] transport  1799 self.connected  true  
[2019/01/01 15:01:07 980] transport  1800 self.latesterr  0  
[2019/01/01 15:01:07 980] transport  1817 transport:try2send,#msg_q=  0  
[2019/01/01 15:01:08 050] transport  494  [soc] [1] readable  
[2019/01/01 15:01:08 050] transport  1765 HTTP/1.1 200 OK
Content-Length: 8
X-Req-Date: 2019/01/01 15:01:08 112
X-Par: ver=MSSP+0%2E9&ret=0&cver=5%2E0%2E41%2E1218&rss=5&eps=3&rcs=2&key=0fX2O4u9MnNo3THsfK468BkZcfXNbKsutM3^fXd9nRd9s^HBywnTxKrfO9p^DLbQ5u9kc936imnSD3zX9fmdenv4ONsu/TuvMh981/X5nXp78=
CE: encrypt/0.2
CT: binary/recresult;charset=utf8
CL: 8
Content-Length: 8
X-Res-Date: 2019/01/01 15:01:08 117

h; w‹ž1“  
[2019/01/01 15:01:08 050] transport  1493 a_complete_httpmessage  200  
[2019/01/01 15:01:08 050] transport  1603 is_update  true  
[2019/01/01 15:01:08 050] isr_1conn  399  [trans] [isr_1conncisr1P1HHBHT03mQ0noH4aaB7D1YywSfl3-] readable  
[2019/01/01 15:01:08 050] isr_1conn  403  size =   366  
[2019/01/01 15:01:08 050] isr_1conn  412  send_ok_num, timer_num, send_average =   12810  10  1281  
[2019/01/01 15:01:08 050] isr_1conn  415  netperf =   90  
[2019/01/01 15:01:08 050] isr_1conn  419  start netperf_grs_timer  
[2019/01/01 15:01:08 050] isr_1conn  435  response  
[2019/01/01 15:01:08 050] isr_1conn  483  resp_syncid =  2  
[2019/01/01 15:01:08 050] isr_1conn  580  2  5  2  3  
[2019/01/01 15:01:08 051] isr_1conn  1247 send rslt request  
[2019/01/01 15:01:08 051] isr_1conn  594  [session] got last result  
[2019/01/01 15:01:08 051] isr_1conn  599  time from last audio to last result:  72  .  
[2019/01/01 15:01:08 051] isr_1conn  600  time from session-begin to session-end:  4440  .  
[2019/01/01 15:01:08 051] network    90   ipfromenv ,  ipcache  open.xf-yun.com  def  59.107.24.13  
[2019/01/01 15:01:08 051] transport  981  cached ip is confirmed  
[2019/01/01 15:01:08 051] transport  1331 [soc] disconnect   
[2019/01/01 15:01:08 052] transport  991  transport clean  
[2019/01/01 15:01:08 052] isr_1conn  609  [session] got 2th result  
[2019/01/01 15:01:08 239] isr_1conn  2052 ASR_CLOUD_MSG_SSE  
