[2019/01/01 17:20:50 234] transport  1817 transport:try2send,#msg_q=  0  
[2019/01/01 17:20:50 234] transport  1871 transport_obj.send | out  
[2019/01/01 17:20:50 234] transport  482  [soc] [1] send ok  560  
[2019/01/01 17:20:50 234] transport  1797 transport_obj.try2send | in  
[2019/01/01 17:20:50 235] transport  1798 self.soc  udata(f4068488) 
[2019/01/01 17:20:50 235] transport  1799 self.connected  true  
[2019/01/01 17:20:50 235] transport  1800 self.latesterr  0  
[2019/01/01 17:20:50 235] transport  1817 transport:try2send,#msg_q=  0  
[2019/01/01 17:20:50 311] transport  494  [soc] [1] readable  
[2019/01/01 17:20:50 311] transport  1765 HTTP/1.1 200 OK
Content-Length: 1
X-Req-Date: 2019/01/01 17:20:50 487
X-Par: ver=MSSP+0%2E9&ret=0&cver=5%2E0%2E41%2E1218&eps=1&rcs=2&key=0fjr4yoqV^kusYNQD2iV^Dn25k^f3Z35M/XuNZ4ni4uYk^HBywnTxKrfO9p^DLbQ5u9kc936imnSD3zX9fmdenvxmhs5T9hkCh981/X5nXp78=
CT: text/plain
CL: 1
Content-Length: 1
X-Res-Date: 2019/01/01 17:20:50 489

0  
[2019/01/01 17:20:50 311] transport  1493 a_complete_httpmessage  200  
[2019/01/01 17:20:50 311] transport  1603 is_update  true  
[2019/01/01 17:20:50 311] isr_1conn  399  [trans] [isr_1conncisr1P1HHBHT0fwV0qJxbaak8MBVcdyDm7F7] readable  
[2019/01/01 17:20:50 311] isr_1conn  403  size =   366  
[2019/01/01 17:20:50 311] isr_1conn  435  response  
[2019/01/01 17:20:50 311] isr_1conn  483  resp_syncid =  0  
[2019/01/01 17:20:50 311] isr_1conn  580  0  0  2  1  
[2019/01/01 17:20:50 381] transport  494  [soc] [1] readable  
[2019/01/01 17:20:50 382] transport  1765 HTTP/1.1 200 OK
Content-Length: 8
X-Req-Date: 2019/01/01 17:20:50 556
X-Par: ver=MSSP+0%2E9&ret=0&cver=5%2E0%2E41%2E1218&rss=5&eps=3&rcs=5&key=0fjr4yoqV^kusYNQD2iV^Dn25k^f3Z35M/XuNZ4ni4uYk^HBywnTxKrfO9p^DLbQ5u9kc936imnSD3zX9fmdenv4ONsu/TuvMh981/X5nXp78=
CE: encrypt/0.2
CT: binary/recresult;charset=utf8
CL: 8
Content-Length: 8
X-Res-Date: 2019/01/01 17:20:50 561

A’ït"Kì  
[2019/01/01 17:20:50 382] transport  1493 a_complete_httpmessage  200  
[2019/01/01 17:20:50 382] transport  1603 is_update  true  
[2019/01/01 17:20:50 382] isr_1conn  399  [trans] [isr_1conncisr1P1HHBHT0fwV0qJxbaak8MBVcdyDm7F7] readable  
[2019/01/01 17:20:50 382] isr_1conn  403  size =   244  
[2019/01/01 17:20:50 382] isr_1conn  435  response  
[2019/01/01 17:20:50 382] isr_1conn  483  resp_syncid =  2  
[2019/01/01 17:20:50 382] isr_1conn  580  2  5  5  3  
[2019/01/01 17:20:50 382] isr_1conn  594  [session] got last result  
[2019/01/01 17:20:50 382] isr_1conn  599  time from last audio to last result:  147  .  
[2019/01/01 17:20:50 382] isr_1conn  600  time from session-begin to session-end:  4410  .  
[2019/01/01 17:20:50 383] network    90   ipfromenv ,  ipcache  open.xf-yun.com  def  59.107.24.13  
[2019/01/01 17:20:50 383] transport  981  cached ip is confirmed  
[2019/01/01 17:20:50 383] transport  1331 [soc] disconnect   
[2019/01/01 17:20:50 383] transport  991  transport clean  
[2019/01/01 17:20:50 383] isr_1conn  609  [session] got 2th result  
[2019/01/01 17:20:50 394] isr_1conn  1843 ASR_CLOUD_MSG_AUW  3200  2  
[2019/01/01 17:20:50 395] isr_1conn  1843 ASR_CLOUD_MSG_AUW  2560  4  
[2019/01/01 17:20:50 442] isr_1conn  282  netperf =   100  
[2019/01/01 17:20:50 495] isr_1conn  2052 ASR_CLOUD_MSG_SSE  
